{"total": {"lines":{"total":16016,"covered":7247,"skipped":0,"pct":45.24},"statements":{"total":16648,"covered":7509,"skipped":0,"pct":45.1},"functions":{"total":2353,"covered":972,"skipped":0,"pct":41.3},"branches":{"total":6860,"covered":2162,"skipped":0,"pct":31.51},"branchesTrue":{"total":0,"covered":0,"skipped":0,"pct":100}}
,"/var/www/event-manager/src/constants/roles.ts": {"lines":{"total":7,"covered":0,"skipped":0,"pct":0},"functions":{"total":3,"covered":0,"skipped":0,"pct":0},"statements":{"total":10,"covered":0,"skipped":0,"pct":0},"branches":{"total":0,"covered":0,"skipped":0,"pct":100}}
,"/var/www/event-manager/src/controllers/BackupAdminController.ts": {"lines":{"total":113,"covered":9,"skipped":0,"pct":7.96},"functions":{"total":17,"covered":0,"skipped":0,"pct":0},"statements":{"total":119,"covered":9,"skipped":0,"pct":7.56},"branches":{"total":42,"covered":0,"skipped":0,"pct":0}}
,"/var/www/event-manager/src/controllers/BulkAssignmentController.ts": {"lines":{"total":54,"covered":8,"skipped":0,"pct":14.81},"functions":{"total":7,"covered":1,"skipped":0,"pct":14.28},"statements":{"total":56,"covered":10,"skipped":0,"pct":17.85},"branches":{"total":46,"covered":6,"skipped":0,"pct":13.04}}
,"/var/www/event-manager/src/controllers/BulkContestController.ts": {"lines":{"total":43,"covered":8,"skipped":0,"pct":18.6},"functions":{"total":6,"covered":1,"skipped":0,"pct":16.66},"statements":{"total":45,"covered":10,"skipped":0,"pct":22.22},"branches":{"total":28,"covered":6,"skipped":0,"pct":21.42}}
,"/var/www/event-manager/src/controllers/BulkEventController.ts": {"lines":{"total":49,"covered":8,"skipped":0,"pct":16.32},"functions":{"total":7,"covered":1,"skipped":0,"pct":14.28},"statements":{"total":51,"covered":10,"skipped":0,"pct":19.6},"branches":{"total":28,"covered":6,"skipped":0,"pct":21.42}}
,"/var/www/event-manager/src/controllers/BulkUserController.ts": {"lines":{"total":104,"covered":10,"skipped":0,"pct":9.61},"functions":{"total":15,"covered":1,"skipped":0,"pct":6.66},"statements":{"total":108,"covered":12,"skipped":0,"pct":11.11},"branches":{"total":64,"covered":9,"skipped":0,"pct":14.06}}
,"/var/www/event-manager/src/controllers/CustomFieldController.ts": {"lines":{"total":123,"covered":9,"skipped":0,"pct":7.31},"functions":{"total":10,"covered":0,"skipped":0,"pct":0},"statements":{"total":123,"covered":9,"skipped":0,"pct":7.31},"branches":{"total":65,"covered":0,"skipped":0,"pct":0}}
,"/var/www/event-manager/src/controllers/EmailTemplateController.ts": {"lines":{"total":89,"covered":9,"skipped":0,"pct":10.11},"functions":{"total":9,"covered":0,"skipped":0,"pct":0},"statements":{"total":89,"covered":9,"skipped":0,"pct":10.11},"branches":{"total":33,"covered":0,"skipped":0,"pct":0}}
,"/var/www/event-manager/src/controllers/adminController.ts": {"lines":{"total":216,"covered":127,"skipped":0,"pct":58.79},"functions":{"total":30,"covered":13,"skipped":0,"pct":43.33},"statements":{"total":218,"covered":127,"skipped":0,"pct":58.25},"branches":{"total":74,"covered":33,"skipped":0,"pct":44.59}}
,"/var/www/event-manager/src/controllers/advancedReportingController.ts": {"lines":{"total":117,"covered":23,"skipped":0,"pct":19.65},"functions":{"total":23,"covered":2,"skipped":0,"pct":8.69},"statements":{"total":120,"covered":23,"skipped":0,"pct":19.16},"branches":{"total":48,"covered":1,"skipped":0,"pct":2.08}}
,"/var/www/event-manager/src/controllers/archiveController.ts": {"lines":{"total":94,"covered":22,"skipped":0,"pct":23.4},"functions":{"total":9,"covered":1,"skipped":0,"pct":11.11},"statements":{"total":94,"covered":22,"skipped":0,"pct":23.4},"branches":{"total":12,"covered":0,"skipped":0,"pct":0}}
,"/var/www/event-manager/src/controllers/assignmentsController.ts": {"lines":{"total":162,"covered":70,"skipped":0,"pct":43.2},"functions":{"total":21,"covered":6,"skipped":0,"pct":28.57},"statements":{"total":163,"covered":70,"skipped":0,"pct":42.94},"branches":{"total":20,"covered":4,"skipped":0,"pct":20}}
,"/var/www/event-manager/src/controllers/auditorCertificationController.ts": {"lines":{"total":21,"covered":10,"skipped":0,"pct":47.61},"functions":{"total":3,"covered":1,"skipped":0,"pct":33.33},"statements":{"total":21,"covered":10,"skipped":0,"pct":47.61},"branches":{"total":0,"covered":0,"skipped":0,"pct":100}}
,"/var/www/event-manager/src/controllers/auditorController.ts": {"lines":{"total":135,"covered":28,"skipped":0,"pct":20.74},"functions":{"total":12,"covered":1,"skipped":0,"pct":8.33},"statements":{"total":135,"covered":28,"skipped":0,"pct":20.74},"branches":{"total":35,"covered":0,"skipped":0,"pct":0}}
,"/var/www/event-manager/src/controllers/authController.ts": {"lines":{"total":123,"covered":79,"skipped":0,"pct":64.22},"functions":{"total":8,"covered":7,"skipped":0,"pct":87.5},"statements":{"total":123,"covered":79,"skipped":0,"pct":64.22},"branches":{"total":50,"covered":19,"skipped":0,"pct":38}}
,"/var/www/event-manager/src/controllers/backupController.ts": {"lines":{"total":151,"covered":22,"skipped":0,"pct":14.56},"functions":{"total":18,"covered":0,"skipped":0,"pct":0},"statements":{"total":165,"covered":34,"skipped":0,"pct":20.6},"branches":{"total":47,"covered":0,"skipped":0,"pct":0}}
,"/var/www/event-manager/src/controllers/bioController.ts": {"lines":{"total":42,"covered":14,"skipped":0,"pct":33.33},"functions":{"total":5,"covered":1,"skipped":0,"pct":20},"statements":{"total":42,"covered":14,"skipped":0,"pct":33.33},"branches":{"total":8,"covered":0,"skipped":0,"pct":0}}
,"/var/www/event-manager/src/controllers/boardController.ts": {"lines":{"total":149,"covered":64,"skipped":0,"pct":42.95},"functions":{"total":14,"covered":7,"skipped":0,"pct":50},"statements":{"total":149,"covered":64,"skipped":0,"pct":42.95},"branches":{"total":22,"covered":2,"skipped":0,"pct":9.09}}
,"/var/www/event-manager/src/controllers/bulkCertificationResetController.ts": {"lines":{"total":19,"covered":9,"skipped":0,"pct":47.36},"functions":{"total":2,"covered":1,"skipped":0,"pct":50},"statements":{"total":19,"covered":9,"skipped":0,"pct":47.36},"branches":{"total":2,"covered":0,"skipped":0,"pct":0}}
,"/var/www/event-manager/src/controllers/cacheAdminController.ts": {"lines":{"total":60,"covered":0,"skipped":0,"pct":0},"functions":{"total":8,"covered":0,"skipped":0,"pct":0},"statements":{"total":60,"covered":0,"skipped":0,"pct":0},"branches":{"total":8,"covered":0,"skipped":0,"pct":0}}
,"/var/www/event-manager/src/controllers/cacheController.ts": {"lines":{"total":60,"covered":44,"skipped":0,"pct":73.33},"functions":{"total":6,"covered":6,"skipped":0,"pct":100},"statements":{"total":60,"covered":44,"skipped":0,"pct":73.33},"branches":{"total":12,"covered":2,"skipped":0,"pct":16.66}}
,"/var/www/event-manager/src/controllers/categoriesController.ts": {"lines":{"total":205,"covered":66,"skipped":0,"pct":32.19},"functions":{"total":25,"covered":5,"skipped":0,"pct":20},"statements":{"total":211,"covered":66,"skipped":0,"pct":31.27},"branches":{"total":72,"covered":4,"skipped":0,"pct":5.55}}
,"/var/www/event-manager/src/controllers/categoryCertificationController.ts": {"lines":{"total":39,"covered":15,"skipped":0,"pct":38.46},"functions":{"total":5,"covered":1,"skipped":0,"pct":20},"statements":{"total":39,"covered":15,"skipped":0,"pct":38.46},"branches":{"total":12,"covered":0,"skipped":0,"pct":0}}
,"/var/www/event-manager/src/controllers/categoryTypeController.ts": {"lines":{"total":55,"covered":14,"skipped":0,"pct":25.45},"functions":{"total":5,"covered":1,"skipped":0,"pct":20},"statements":{"total":55,"covered":14,"skipped":0,"pct":25.45},"branches":{"total":10,"covered":0,"skipped":0,"pct":0}}
,"/var/www/event-manager/src/controllers/certificationController.ts": {"lines":{"total":177,"covered":33,"skipped":0,"pct":18.64},"functions":{"total":14,"covered":1,"skipped":0,"pct":7.14},"statements":{"total":186,"covered":33,"skipped":0,"pct":17.74},"branches":{"total":91,"covered":0,"skipped":0,"pct":0}}
,"/var/www/event-manager/src/controllers/commentaryController.ts": {"lines":{"total":46,"covered":20,"skipped":0,"pct":43.47},"functions":{"total":6,"covered":1,"skipped":0,"pct":16.66},"statements":{"total":46,"covered":20,"skipped":0,"pct":43.47},"branches":{"total":0,"covered":0,"skipped":0,"pct":100}}
,"/var/www/event-manager/src/controllers/contestCertificationController.ts": {"lines":{"total":20,"covered":10,"skipped":0,"pct":50},"functions":{"total":3,"covered":1,"skipped":0,"pct":33.33},"statements":{"total":20,"covered":10,"skipped":0,"pct":50},"branches":{"total":0,"covered":0,"skipped":0,"pct":100}}
,"/var/www/event-manager/src/controllers/contestsController.ts": {"lines":{"total":97,"covered":59,"skipped":0,"pct":60.82},"functions":{"total":11,"covered":7,"skipped":0,"pct":63.63},"statements":{"total":97,"covered":59,"skipped":0,"pct":60.82},"branches":{"total":22,"covered":6,"skipped":0,"pct":27.27}}
,"/var/www/event-manager/src/controllers/dataWipeController.ts": {"lines":{"total":31,"covered":11,"skipped":0,"pct":35.48},"functions":{"total":3,"covered":1,"skipped":0,"pct":33.33},"statements":{"total":31,"covered":11,"skipped":0,"pct":35.48},"branches":{"total":4,"covered":0,"skipped":0,"pct":0}}
,"/var/www/event-manager/src/controllers/databaseBrowserController.ts": {"lines":{"total":50,"covered":17,"skipped":0,"pct":34},"functions":{"total":6,"covered":1,"skipped":0,"pct":16.66},"statements":{"total":50,"covered":17,"skipped":0,"pct":34},"branches":{"total":18,"covered":0,"skipped":0,"pct":0}}
,"/var/www/event-manager/src/controllers/deductionController.ts": {"lines":{"total":55,"covered":18,"skipped":0,"pct":32.72},"functions":{"total":7,"covered":1,"skipped":0,"pct":14.28},"statements":{"total":55,"covered":18,"skipped":0,"pct":32.72},"branches":{"total":2,"covered":0,"skipped":0,"pct":0}}
,"/var/www/event-manager/src/controllers/emailController.ts": {"lines":{"total":139,"covered":82,"skipped":0,"pct":58.99},"functions":{"total":23,"covered":11,"skipped":0,"pct":47.82},"statements":{"total":149,"covered":84,"skipped":0,"pct":56.37},"branches":{"total":64,"covered":29,"skipped":0,"pct":45.31}}
,"/var/www/event-manager/src/controllers/emceeController.ts": {"lines":{"total":186,"covered":82,"skipped":0,"pct":44.08},"functions":{"total":17,"covered":9,"skipped":0,"pct":52.94},"statements":{"total":186,"covered":82,"skipped":0,"pct":44.08},"branches":{"total":28,"covered":3,"skipped":0,"pct":10.71}}
,"/var/www/event-manager/src/controllers/errorHandlingController.ts": {"lines":{"total":111,"covered":23,"skipped":0,"pct":20.72},"functions":{"total":18,"covered":1,"skipped":0,"pct":5.55},"statements":{"total":114,"covered":23,"skipped":0,"pct":20.17},"branches":{"total":54,"covered":0,"skipped":0,"pct":0}}
,"/var/www/event-manager/src/controllers/eventTemplateController.ts": {"lines":{"total":48,"covered":29,"skipped":0,"pct":60.41},"functions":{"total":7,"covered":4,"skipped":0,"pct":57.14},"statements":{"total":48,"covered":29,"skipped":0,"pct":60.41},"branches":{"total":0,"covered":0,"skipped":0,"pct":100}}
,"/var/www/event-manager/src/controllers/eventsController.ts": {"lines":{"total":127,"covered":75,"skipped":0,"pct":59.05},"functions":{"total":16,"covered":8,"skipped":0,"pct":50},"statements":{"total":127,"covered":75,"skipped":0,"pct":59.05},"branches":{"total":33,"covered":16,"skipped":0,"pct":48.48}}
,"/var/www/event-manager/src/controllers/exportController.ts": {"lines":{"total":51,"covered":26,"skipped":0,"pct":50.98},"functions":{"total":6,"covered":3,"skipped":0,"pct":50},"statements":{"total":51,"covered":26,"skipped":0,"pct":50.98},"branches":{"total":9,"covered":3,"skipped":0,"pct":33.33}}
,"/var/www/event-manager/src/controllers/fileBackupController.ts": {"lines":{"total":95,"covered":25,"skipped":0,"pct":26.31},"functions":{"total":10,"covered":1,"skipped":0,"pct":10},"statements":{"total":97,"covered":25,"skipped":0,"pct":25.77},"branches":{"total":28,"covered":0,"skipped":0,"pct":0}}
,"/var/www/event-manager/src/controllers/fileController.ts": {"lines":{"total":99,"covered":25,"skipped":0,"pct":25.25},"functions":{"total":12,"covered":1,"skipped":0,"pct":8.33},"statements":{"total":104,"covered":25,"skipped":0,"pct":24.03},"branches":{"total":50,"covered":0,"skipped":0,"pct":0}}
,"/var/www/event-manager/src/controllers/fileManagementController.ts": {"lines":{"total":212,"covered":88,"skipped":0,"pct":41.5},"functions":{"total":27,"covered":12,"skipped":0,"pct":44.44},"statements":{"total":231,"covered":88,"skipped":0,"pct":38.09},"branches":{"total":122,"covered":31,"skipped":0,"pct":25.4}}
,"/var/www/event-manager/src/controllers/judgeContestantCertificationController.ts": {"lines":{"total":55,"covered":19,"skipped":0,"pct":34.54},"functions":{"total":7,"covered":1,"skipped":0,"pct":14.28},"statements":{"total":55,"covered":19,"skipped":0,"pct":34.54},"branches":{"total":12,"covered":0,"skipped":0,"pct":0}}
,"/var/www/event-manager/src/controllers/judgeController.ts": {"lines":{"total":91,"covered":56,"skipped":0,"pct":61.53},"functions":{"total":10,"covered":7,"skipped":0,"pct":70},"statements":{"total":91,"covered":56,"skipped":0,"pct":61.53},"branches":{"total":10,"covered":3,"skipped":0,"pct":30}}
,"/var/www/event-manager/src/controllers/judgeUncertificationController.ts": {"lines":{"total":100,"covered":23,"skipped":0,"pct":23},"functions":{"total":9,"covered":1,"skipped":0,"pct":11.11},"statements":{"total":101,"covered":23,"skipped":0,"pct":22.77},"branches":{"total":33,"covered":0,"skipped":0,"pct":0}}
,"/var/www/event-manager/src/controllers/logFilesController.ts": {"lines":{"total":41,"covered":16,"skipped":0,"pct":39.02},"functions":{"total":6,"covered":1,"skipped":0,"pct":16.66},"statements":{"total":41,"covered":16,"skipped":0,"pct":39.02},"branches":{"total":2,"covered":0,"skipped":0,"pct":0}}
,"/var/www/event-manager/src/controllers/notificationsController.ts": {"lines":{"total":50,"covered":0,"skipped":0,"pct":0},"functions":{"total":8,"covered":0,"skipped":0,"pct":0},"statements":{"total":50,"covered":0,"skipped":0,"pct":0},"branches":{"total":0,"covered":0,"skipped":0,"pct":100}}
,"/var/www/event-manager/src/controllers/performanceController.ts": {"lines":{"total":48,"covered":24,"skipped":0,"pct":50},"functions":{"total":8,"covered":3,"skipped":0,"pct":37.5},"statements":{"total":48,"covered":24,"skipped":0,"pct":50},"branches":{"total":22,"covered":10,"skipped":0,"pct":45.45}}
,"/var/www/event-manager/src/controllers/printController.ts": {"lines":{"total":103,"covered":65,"skipped":0,"pct":63.1},"functions":{"total":13,"covered":9,"skipped":0,"pct":69.23},"statements":{"total":103,"covered":65,"skipped":0,"pct":63.1},"branches":{"total":8,"covered":3,"skipped":0,"pct":37.5}}
,"/var/www/event-manager/src/controllers/rateLimitController.ts": {"lines":{"total":45,"covered":15,"skipped":0,"pct":33.33},"functions":{"total":5,"covered":1,"skipped":0,"pct":20},"statements":{"total":48,"covered":15,"skipped":0,"pct":31.25},"branches":{"total":12,"covered":0,"skipped":0,"pct":0}}
,"/var/www/event-manager/src/controllers/reportsController.ts": {"lines":{"total":140,"covered":37,"skipped":0,"pct":26.42},"functions":{"total":14,"covered":1,"skipped":0,"pct":7.14},"statements":{"total":140,"covered":37,"skipped":0,"pct":26.42},"branches":{"total":40,"covered":0,"skipped":0,"pct":0}}
,"/var/www/event-manager/src/controllers/restrictionController.ts": {"lines":{"total":49,"covered":15,"skipped":0,"pct":30.61},"functions":{"total":5,"covered":1,"skipped":0,"pct":20},"statements":{"total":49,"covered":15,"skipped":0,"pct":30.61},"branches":{"total":8,"covered":0,"skipped":0,"pct":0}}
,"/var/www/event-manager/src/controllers/resultsController.ts": {"lines":{"total":110,"covered":74,"skipped":0,"pct":67.27},"functions":{"total":7,"covered":7,"skipped":0,"pct":100},"statements":{"total":110,"covered":74,"skipped":0,"pct":67.27},"branches":{"total":48,"covered":25,"skipped":0,"pct":52.08}}
,"/var/www/event-manager/src/controllers/roleAssignmentController.ts": {"lines":{"total":35,"covered":14,"skipped":0,"pct":40},"functions":{"total":5,"covered":1,"skipped":0,"pct":20},"statements":{"total":35,"covered":14,"skipped":0,"pct":40},"branches":{"total":0,"covered":0,"skipped":0,"pct":100}}
,"/var/www/event-manager/src/controllers/scoreFileController.ts": {"lines":{"total":116,"covered":26,"skipped":0,"pct":22.41},"functions":{"total":10,"covered":1,"skipped":0,"pct":10},"statements":{"total":116,"covered":26,"skipped":0,"pct":22.41},"branches":{"total":12,"covered":0,"skipped":0,"pct":0}}
,"/var/www/event-manager/src/controllers/scoreRemovalController.ts": {"lines":{"total":42,"covered":24,"skipped":0,"pct":57.14},"functions":{"total":6,"covered":3,"skipped":0,"pct":50},"statements":{"total":42,"covered":24,"skipped":0,"pct":57.14},"branches":{"total":0,"covered":0,"skipped":0,"pct":100}}
,"/var/www/event-manager/src/controllers/scoringController.ts": {"lines":{"total":275,"covered":87,"skipped":0,"pct":31.63},"functions":{"total":22,"covered":5,"skipped":0,"pct":22.72},"statements":{"total":280,"covered":87,"skipped":0,"pct":31.07},"branches":{"total":82,"covered":2,"skipped":0,"pct":2.43}}
,"/var/www/event-manager/src/controllers/settingsController.ts": {"lines":{"total":191,"covered":97,"skipped":0,"pct":50.78},"functions":{"total":26,"covered":13,"skipped":0,"pct":50},"statements":{"total":191,"covered":97,"skipped":0,"pct":50.78},"branches":{"total":32,"covered":6,"skipped":0,"pct":18.75}}
,"/var/www/event-manager/src/controllers/smsController.ts": {"lines":{"total":63,"covered":30,"skipped":0,"pct":47.61},"functions":{"total":12,"covered":4,"skipped":0,"pct":33.33},"statements":{"total":66,"covered":30,"skipped":0,"pct":45.45},"branches":{"total":17,"covered":0,"skipped":0,"pct":0}}
,"/var/www/event-manager/src/controllers/tallyMasterController.ts": {"lines":{"total":226,"covered":99,"skipped":0,"pct":43.8},"functions":{"total":22,"covered":9,"skipped":0,"pct":40.9},"statements":{"total":227,"covered":99,"skipped":0,"pct":43.61},"branches":{"total":54,"covered":22,"skipped":0,"pct":40.74}}
,"/var/www/event-manager/src/controllers/templatesController.ts": {"lines":{"total":48,"covered":25,"skipped":0,"pct":52.08},"functions":{"total":7,"covered":3,"skipped":0,"pct":42.85},"statements":{"total":48,"covered":25,"skipped":0,"pct":52.08},"branches":{"total":0,"covered":0,"skipped":0,"pct":100}}
,"/var/www/event-manager/src/controllers/testEventSetupController.ts": {"lines":{"total":19,"covered":9,"skipped":0,"pct":47.36},"functions":{"total":2,"covered":1,"skipped":0,"pct":50},"statements":{"total":19,"covered":9,"skipped":0,"pct":47.36},"branches":{"total":2,"covered":0,"skipped":0,"pct":0}}
,"/var/www/event-manager/src/controllers/trackerController.ts": {"lines":{"total":71,"covered":40,"skipped":0,"pct":56.33},"functions":{"total":6,"covered":5,"skipped":0,"pct":83.33},"statements":{"total":71,"covered":40,"skipped":0,"pct":56.33},"branches":{"total":32,"covered":6,"skipped":0,"pct":18.75}}
,"/var/www/event-manager/src/controllers/uploadController.ts": {"lines":{"total":36,"covered":28,"skipped":0,"pct":77.77},"functions":{"total":5,"covered":4,"skipped":0,"pct":80},"statements":{"total":36,"covered":28,"skipped":0,"pct":77.77},"branches":{"total":4,"covered":2,"skipped":0,"pct":50}}
,"/var/www/event-manager/src/controllers/userFieldVisibilityController.ts": {"lines":{"total":36,"covered":12,"skipped":0,"pct":33.33},"functions":{"total":4,"covered":1,"skipped":0,"pct":25},"statements":{"total":36,"covered":12,"skipped":0,"pct":33.33},"branches":{"total":4,"covered":0,"skipped":0,"pct":0}}
,"/var/www/event-manager/src/controllers/usersController.ts": {"lines":{"total":550,"covered":120,"skipped":0,"pct":21.81},"functions":{"total":26,"covered":6,"skipped":0,"pct":23.07},"statements":{"total":589,"covered":120,"skipped":0,"pct":20.37},"branches":{"total":374,"covered":23,"skipped":0,"pct":6.14}}
,"/var/www/event-manager/src/controllers/virusScanAdminController.ts": {"lines":{"total":84,"covered":0,"skipped":0,"pct":0},"functions":{"total":15,"covered":0,"skipped":0,"pct":0},"statements":{"total":85,"covered":0,"skipped":0,"pct":0},"branches":{"total":14,"covered":0,"skipped":0,"pct":0}}
,"/var/www/event-manager/src/controllers/winnersController.ts": {"lines":{"total":91,"covered":22,"skipped":0,"pct":24.17},"functions":{"total":9,"covered":1,"skipped":0,"pct":11.11},"statements":{"total":91,"covered":22,"skipped":0,"pct":24.17},"branches":{"total":19,"covered":0,"skipped":0,"pct":0}}
,"/var/www/event-manager/src/jobs/BaseJobProcessor.ts": {"lines":{"total":21,"covered":0,"skipped":0,"pct":0},"functions":{"total":5,"covered":0,"skipped":0,"pct":0},"statements":{"total":21,"covered":0,"skipped":0,"pct":0},"branches":{"total":4,"covered":0,"skipped":0,"pct":0}}
,"/var/www/event-manager/src/jobs/EmailJobProcessor.ts": {"lines":{"total":42,"covered":0,"skipped":0,"pct":0},"functions":{"total":6,"covered":0,"skipped":0,"pct":0},"statements":{"total":43,"covered":0,"skipped":0,"pct":0},"branches":{"total":19,"covered":0,"skipped":0,"pct":0}}
,"/var/www/event-manager/src/jobs/ReportJobProcessor.ts": {"lines":{"total":108,"covered":0,"skipped":0,"pct":0},"functions":{"total":16,"covered":0,"skipped":0,"pct":0},"statements":{"total":113,"covered":0,"skipped":0,"pct":0},"branches":{"total":49,"covered":0,"skipped":0,"pct":0}}
,"/var/www/event-manager/src/middleware/adminOnly.ts": {"lines":{"total":10,"covered":0,"skipped":0,"pct":0},"functions":{"total":1,"covered":0,"skipped":0,"pct":0},"statements":{"total":10,"covered":0,"skipped":0,"pct":0},"branches":{"total":4,"covered":0,"skipped":0,"pct":0}}
,"/var/www/event-manager/src/middleware/assignmentValidation.ts": {"lines":{"total":185,"covered":32,"skipped":0,"pct":17.29},"functions":{"total":8,"covered":2,"skipped":0,"pct":25},"statements":{"total":202,"covered":32,"skipped":0,"pct":15.84},"branches":{"total":134,"covered":11,"skipped":0,"pct":8.2}}
,"/var/www/event-manager/src/middleware/auth.ts": {"lines":{"total":91,"covered":64,"skipped":0,"pct":70.32},"functions":{"total":6,"covered":4,"skipped":0,"pct":66.66},"statements":{"total":92,"covered":65,"skipped":0,"pct":70.65},"branches":{"total":76,"covered":54,"skipped":0,"pct":71.05}}
,"/var/www/event-manager/src/middleware/cacheMiddleware.ts": {"lines":{"total":101,"covered":0,"skipped":0,"pct":0},"functions":{"total":27,"covered":0,"skipped":0,"pct":0},"statements":{"total":108,"covered":0,"skipped":0,"pct":0},"branches":{"total":54,"covered":0,"skipped":0,"pct":0}}
,"/var/www/event-manager/src/middleware/csrf.ts": {"lines":{"total":64,"covered":16,"skipped":0,"pct":25},"functions":{"total":8,"covered":1,"skipped":0,"pct":12.5},"statements":{"total":66,"covered":16,"skipped":0,"pct":24.24},"branches":{"total":38,"covered":3,"skipped":0,"pct":7.89}}
,"/var/www/event-manager/src/middleware/errorHandler.ts": {"lines":{"total":60,"covered":45,"skipped":0,"pct":75},"functions":{"total":8,"covered":8,"skipped":0,"pct":100},"statements":{"total":62,"covered":45,"skipped":0,"pct":72.58},"branches":{"total":111,"covered":74,"skipped":0,"pct":66.66}}
,"/var/www/event-manager/src/middleware/fileAccessControl.ts": {"lines":{"total":102,"covered":0,"skipped":0,"pct":0},"functions":{"total":10,"covered":0,"skipped":0,"pct":0},"statements":{"total":106,"covered":0,"skipped":0,"pct":0},"branches":{"total":49,"covered":0,"skipped":0,"pct":0}}
,"/var/www/event-manager/src/middleware/fileEncryption.ts": {"lines":{"total":127,"covered":0,"skipped":0,"pct":0},"functions":{"total":13,"covered":0,"skipped":0,"pct":0},"statements":{"total":128,"covered":0,"skipped":0,"pct":0},"branches":{"total":0,"covered":0,"skipped":0,"pct":100}}
,"/var/www/event-manager/src/middleware/metrics.ts": {"lines":{"total":28,"covered":18,"skipped":0,"pct":64.28},"functions":{"total":4,"covered":3,"skipped":0,"pct":75},"statements":{"total":31,"covered":21,"skipped":0,"pct":67.74},"branches":{"total":12,"covered":9,"skipped":0,"pct":75}}
,"/var/www/event-manager/src/middleware/navigation.ts": {"lines":{"total":52,"covered":14,"skipped":0,"pct":26.92},"functions":{"total":9,"covered":0,"skipped":0,"pct":0},"statements":{"total":56,"covered":14,"skipped":0,"pct":25},"branches":{"total":17,"covered":0,"skipped":0,"pct":0}}
,"/var/www/event-manager/src/middleware/passwordValidation.ts": {"lines":{"total":47,"covered":0,"skipped":0,"pct":0},"functions":{"total":3,"covered":0,"skipped":0,"pct":0},"statements":{"total":48,"covered":0,"skipped":0,"pct":0},"branches":{"total":28,"covered":0,"skipped":0,"pct":0}}
,"/var/www/event-manager/src/middleware/permissions.ts": {"lines":{"total":23,"covered":12,"skipped":0,"pct":52.17},"functions":{"total":4,"covered":2,"skipped":0,"pct":50},"statements":{"total":23,"covered":12,"skipped":0,"pct":52.17},"branches":{"total":16,"covered":4,"skipped":0,"pct":25}}
,"/var/www/event-manager/src/middleware/queryMonitoring.ts": {"lines":{"total":55,"covered":0,"skipped":0,"pct":0},"functions":{"total":16,"covered":0,"skipped":0,"pct":0},"statements":{"total":59,"covered":0,"skipped":0,"pct":0},"branches":{"total":20,"covered":0,"skipped":0,"pct":0}}
,"/var/www/event-manager/src/middleware/rateLimiting.ts": {"lines":{"total":6,"covered":6,"skipped":0,"pct":100},"functions":{"total":1,"covered":1,"skipped":0,"pct":100},"statements":{"total":6,"covered":6,"skipped":0,"pct":100},"branches":{"total":3,"covered":3,"skipped":0,"pct":100}}
,"/var/www/event-manager/src/middleware/requestLogger.ts": {"lines":{"total":32,"covered":27,"skipped":0,"pct":84.37},"functions":{"total":5,"covered":5,"skipped":0,"pct":100},"statements":{"total":36,"covered":30,"skipped":0,"pct":83.33},"branches":{"total":34,"covered":24,"skipped":0,"pct":70.58}}
,"/var/www/event-manager/src/middleware/validation.ts": {"lines":{"total":53,"covered":34,"skipped":0,"pct":64.15},"functions":{"total":10,"covered":5,"skipped":0,"pct":50},"statements":{"total":55,"covered":35,"skipped":0,"pct":63.63},"branches":{"total":11,"covered":2,"skipped":0,"pct":18.18}}
,"/var/www/event-manager/src/middleware/virusScanMiddleware.ts": {"lines":{"total":60,"covered":0,"skipped":0,"pct":0},"functions":{"total":14,"covered":0,"skipped":0,"pct":0},"statements":{"total":68,"covered":0,"skipped":0,"pct":0},"branches":{"total":39,"covered":0,"skipped":0,"pct":0}}
,"/var/www/event-manager/src/repositories/BaseRepository.ts": {"lines":{"total":32,"covered":10,"skipped":0,"pct":31.25},"functions":{"total":21,"covered":8,"skipped":0,"pct":38.09},"statements":{"total":32,"covered":10,"skipped":0,"pct":31.25},"branches":{"total":6,"covered":2,"skipped":0,"pct":33.33}}
,"/var/www/event-manager/src/repositories/CategoryRepository.ts": {"lines":{"total":12,"covered":6,"skipped":0,"pct":50},"functions":{"total":6,"covered":3,"skipped":0,"pct":50},"statements":{"total":14,"covered":8,"skipped":0,"pct":57.14},"branches":{"total":2,"covered":0,"skipped":0,"pct":0}}
,"/var/www/event-manager/src/repositories/ContestRepository.ts": {"lines":{"total":32,"covered":13,"skipped":0,"pct":40.62},"functions":{"total":14,"covered":6,"skipped":0,"pct":42.85},"statements":{"total":34,"covered":15,"skipped":0,"pct":44.11},"branches":{"total":18,"covered":4,"skipped":0,"pct":22.22}}
,"/var/www/event-manager/src/repositories/DeductionRepository.ts": {"lines":{"total":25,"covered":5,"skipped":0,"pct":20},"functions":{"total":11,"covered":1,"skipped":0,"pct":9.09},"statements":{"total":30,"covered":7,"skipped":0,"pct":23.33},"branches":{"total":10,"covered":0,"skipped":0,"pct":0}}
,"/var/www/event-manager/src/repositories/EventRepository.ts": {"lines":{"total":33,"covered":6,"skipped":0,"pct":18.18},"functions":{"total":17,"covered":3,"skipped":0,"pct":17.64},"statements":{"total":37,"covered":8,"skipped":0,"pct":21.62},"branches":{"total":2,"covered":0,"skipped":0,"pct":0}}
,"/var/www/event-manager/src/repositories/NotificationRepository.ts": {"lines":{"total":30,"covered":11,"skipped":0,"pct":36.66},"functions":{"total":11,"covered":3,"skipped":0,"pct":27.27},"statements":{"total":32,"covered":13,"skipped":0,"pct":40.62},"branches":{"total":17,"covered":6,"skipped":0,"pct":35.29}}
,"/var/www/event-manager/src/repositories/ScoreRepository.ts": {"lines":{"total":34,"covered":4,"skipped":0,"pct":11.76},"functions":{"total":18,"covered":1,"skipped":0,"pct":5.55},"statements":{"total":37,"covered":6,"skipped":0,"pct":16.21},"branches":{"total":14,"covered":0,"skipped":0,"pct":0}}
,"/var/www/event-manager/src/repositories/TemplateRepository.ts": {"lines":{"total":24,"covered":8,"skipped":0,"pct":33.33},"functions":{"total":11,"covered":4,"skipped":0,"pct":36.36},"statements":{"total":26,"covered":10,"skipped":0,"pct":38.46},"branches":{"total":16,"covered":3,"skipped":0,"pct":18.75}}
,"/var/www/event-manager/src/repositories/UserRepository.ts": {"lines":{"total":23,"covered":5,"skipped":0,"pct":21.73},"functions":{"total":13,"covered":2,"skipped":0,"pct":15.38},"statements":{"total":25,"covered":7,"skipped":0,"pct":28},"branches":{"total":4,"covered":0,"skipped":0,"pct":0}}
,"/var/www/event-manager/src/repositories/index.ts": {"lines":{"total":4,"covered":0,"skipped":0,"pct":0},"functions":{"total":11,"covered":0,"skipped":0,"pct":0},"statements":{"total":15,"covered":0,"skipped":0,"pct":0},"branches":{"total":0,"covered":0,"skipped":0,"pct":100}}
,"/var/www/event-manager/src/routes/adminRoutes.ts": {"lines":{"total":40,"covered":40,"skipped":0,"pct":100},"functions":{"total":0,"covered":0,"skipped":0,"pct":100},"statements":{"total":40,"covered":40,"skipped":0,"pct":100},"branches":{"total":0,"covered":0,"skipped":0,"pct":100}}
,"/var/www/event-manager/src/routes/advancedReportingRoutes.ts": {"lines":{"total":9,"covered":9,"skipped":0,"pct":100},"functions":{"total":0,"covered":0,"skipped":0,"pct":100},"statements":{"total":9,"covered":9,"skipped":0,"pct":100},"branches":{"total":0,"covered":0,"skipped":0,"pct":100}}
,"/var/www/event-manager/src/routes/archiveRoutes.ts": {"lines":{"total":14,"covered":14,"skipped":0,"pct":100},"functions":{"total":0,"covered":0,"skipped":0,"pct":100},"statements":{"total":14,"covered":14,"skipped":0,"pct":100},"branches":{"total":0,"covered":0,"skipped":0,"pct":100}}
,"/var/www/event-manager/src/routes/assignmentsRoutes.ts": {"lines":{"total":20,"covered":20,"skipped":0,"pct":100},"functions":{"total":0,"covered":0,"skipped":0,"pct":100},"statements":{"total":20,"covered":20,"skipped":0,"pct":100},"branches":{"total":0,"covered":0,"skipped":0,"pct":100}}
,"/var/www/event-manager/src/routes/auditorRoutes.ts": {"lines":{"total":24,"covered":24,"skipped":0,"pct":100},"functions":{"total":0,"covered":0,"skipped":0,"pct":100},"statements":{"total":24,"covered":24,"skipped":0,"pct":100},"branches":{"total":0,"covered":0,"skipped":0,"pct":100}}
,"/var/www/event-manager/src/routes/authRoutes.ts": {"lines":{"total":15,"covered":15,"skipped":0,"pct":100},"functions":{"total":0,"covered":0,"skipped":0,"pct":100},"statements":{"total":15,"covered":15,"skipped":0,"pct":100},"branches":{"total":0,"covered":0,"skipped":0,"pct":100}}
,"/var/www/event-manager/src/routes/backupAdmin.ts": {"lines":{"total":18,"covered":18,"skipped":0,"pct":100},"functions":{"total":0,"covered":0,"skipped":0,"pct":100},"statements":{"total":18,"covered":18,"skipped":0,"pct":100},"branches":{"total":0,"covered":0,"skipped":0,"pct":100}}
,"/var/www/event-manager/src/routes/backupRoutes.ts": {"lines":{"total":21,"covered":21,"skipped":0,"pct":100},"functions":{"total":0,"covered":0,"skipped":0,"pct":100},"statements":{"total":21,"covered":21,"skipped":0,"pct":100},"branches":{"total":0,"covered":0,"skipped":0,"pct":100}}
,"/var/www/event-manager/src/routes/bioRoutes.ts": {"lines":{"total":24,"covered":17,"skipped":0,"pct":70.83},"functions":{"total":3,"covered":0,"skipped":0,"pct":0},"statements":{"total":24,"covered":17,"skipped":0,"pct":70.83},"branches":{"total":2,"covered":0,"skipped":0,"pct":0}}
,"/var/www/event-manager/src/routes/boardRoutes.ts": {"lines":{"total":28,"covered":28,"skipped":0,"pct":100},"functions":{"total":0,"covered":0,"skipped":0,"pct":100},"statements":{"total":28,"covered":28,"skipped":0,"pct":100},"branches":{"total":0,"covered":0,"skipped":0,"pct":100}}
,"/var/www/event-manager/src/routes/bulkCertificationResetRoutes.ts": {"lines":{"total":9,"covered":9,"skipped":0,"pct":100},"functions":{"total":0,"covered":0,"skipped":0,"pct":100},"statements":{"total":9,"covered":9,"skipped":0,"pct":100},"branches":{"total":0,"covered":0,"skipped":0,"pct":100}}
,"/var/www/event-manager/src/routes/bulkRoutes.ts": {"lines":{"total":52,"covered":33,"skipped":0,"pct":63.46},"functions":{"total":17,"covered":0,"skipped":0,"pct":0},"statements":{"total":52,"covered":33,"skipped":0,"pct":63.46},"branches":{"total":4,"covered":0,"skipped":0,"pct":0}}
,"/var/www/event-manager/src/routes/cacheRoutes.ts": {"lines":{"total":13,"covered":13,"skipped":0,"pct":100},"functions":{"total":0,"covered":0,"skipped":0,"pct":100},"statements":{"total":13,"covered":13,"skipped":0,"pct":100},"branches":{"total":0,"covered":0,"skipped":0,"pct":100}}
,"/var/www/event-manager/src/routes/categoriesRoutes.ts": {"lines":{"total":23,"covered":23,"skipped":0,"pct":100},"functions":{"total":0,"covered":0,"skipped":0,"pct":100},"statements":{"total":23,"covered":23,"skipped":0,"pct":100},"branches":{"total":0,"covered":0,"skipped":0,"pct":100}}
,"/var/www/event-manager/src/routes/categoryCertificationRoutes.ts": {"lines":{"total":11,"covered":11,"skipped":0,"pct":100},"functions":{"total":0,"covered":0,"skipped":0,"pct":100},"statements":{"total":11,"covered":11,"skipped":0,"pct":100},"branches":{"total":0,"covered":0,"skipped":0,"pct":100}}
,"/var/www/event-manager/src/routes/categoryTypeRoutes.ts": {"lines":{"total":10,"covered":10,"skipped":0,"pct":100},"functions":{"total":0,"covered":0,"skipped":0,"pct":100},"statements":{"total":10,"covered":10,"skipped":0,"pct":100},"branches":{"total":0,"covered":0,"skipped":0,"pct":100}}
,"/var/www/event-manager/src/routes/certificationRoutes.ts": {"lines":{"total":19,"covered":19,"skipped":0,"pct":100},"functions":{"total":0,"covered":0,"skipped":0,"pct":100},"statements":{"total":19,"covered":19,"skipped":0,"pct":100},"branches":{"total":0,"covered":0,"skipped":0,"pct":100}}
,"/var/www/event-manager/src/routes/commentaryRoutes.ts": {"lines":{"total":14,"covered":14,"skipped":0,"pct":100},"functions":{"total":0,"covered":0,"skipped":0,"pct":100},"statements":{"total":14,"covered":14,"skipped":0,"pct":100},"branches":{"total":0,"covered":0,"skipped":0,"pct":100}}
,"/var/www/event-manager/src/routes/contestCertificationRoutes.ts": {"lines":{"total":8,"covered":8,"skipped":0,"pct":100},"functions":{"total":0,"covered":0,"skipped":0,"pct":100},"statements":{"total":8,"covered":8,"skipped":0,"pct":100},"branches":{"total":0,"covered":0,"skipped":0,"pct":100}}
,"/var/www/event-manager/src/routes/contestantsRoutes.ts": {"lines":{"total":43,"covered":15,"skipped":0,"pct":34.88},"functions":{"total":5,"covered":0,"skipped":0,"pct":0},"statements":{"total":43,"covered":15,"skipped":0,"pct":34.88},"branches":{"total":4,"covered":0,"skipped":0,"pct":0}}
,"/var/www/event-manager/src/routes/contestsRoutes.ts": {"lines":{"total":16,"covered":16,"skipped":0,"pct":100},"functions":{"total":0,"covered":0,"skipped":0,"pct":100},"statements":{"total":16,"covered":16,"skipped":0,"pct":100},"branches":{"total":0,"covered":0,"skipped":0,"pct":100}}
,"/var/www/event-manager/src/routes/customFieldRoutes.ts": {"lines":{"total":16,"covered":16,"skipped":0,"pct":100},"functions":{"total":0,"covered":0,"skipped":0,"pct":100},"statements":{"total":16,"covered":16,"skipped":0,"pct":100},"branches":{"total":0,"covered":0,"skipped":0,"pct":100}}
,"/var/www/event-manager/src/routes/dataWipeRoutes.ts": {"lines":{"total":10,"covered":10,"skipped":0,"pct":100},"functions":{"total":0,"covered":0,"skipped":0,"pct":100},"statements":{"total":10,"covered":10,"skipped":0,"pct":100},"branches":{"total":0,"covered":0,"skipped":0,"pct":100}}
,"/var/www/event-manager/src/routes/databaseBrowserRoutes.ts": {"lines":{"total":14,"covered":14,"skipped":0,"pct":100},"functions":{"total":0,"covered":0,"skipped":0,"pct":100},"statements":{"total":14,"covered":14,"skipped":0,"pct":100},"branches":{"total":0,"covered":0,"skipped":0,"pct":100}}
,"/var/www/event-manager/src/routes/deductionRoutes.ts": {"lines":{"total":14,"covered":14,"skipped":0,"pct":100},"functions":{"total":0,"covered":0,"skipped":0,"pct":100},"statements":{"total":14,"covered":14,"skipped":0,"pct":100},"branches":{"total":0,"covered":0,"skipped":0,"pct":100}}
,"/var/www/event-manager/src/routes/emailRoutes.ts": {"lines":{"total":15,"covered":15,"skipped":0,"pct":100},"functions":{"total":0,"covered":0,"skipped":0,"pct":100},"statements":{"total":15,"covered":15,"skipped":0,"pct":100},"branches":{"total":0,"covered":0,"skipped":0,"pct":100}}
,"/var/www/event-manager/src/routes/emailTemplateRoutes.ts": {"lines":{"total":15,"covered":15,"skipped":0,"pct":100},"functions":{"total":0,"covered":0,"skipped":0,"pct":100},"statements":{"total":15,"covered":15,"skipped":0,"pct":100},"branches":{"total":0,"covered":0,"skipped":0,"pct":100}}
,"/var/www/event-manager/src/routes/emceeRoutes.ts": {"lines":{"total":37,"covered":30,"skipped":0,"pct":81.08},"functions":{"total":3,"covered":0,"skipped":0,"pct":0},"statements":{"total":37,"covered":30,"skipped":0,"pct":81.08},"branches":{"total":2,"covered":0,"skipped":0,"pct":0}}
,"/var/www/event-manager/src/routes/errorHandlingRoutes.ts": {"lines":{"total":8,"covered":8,"skipped":0,"pct":100},"functions":{"total":0,"covered":0,"skipped":0,"pct":100},"statements":{"total":8,"covered":8,"skipped":0,"pct":100},"branches":{"total":0,"covered":0,"skipped":0,"pct":100}}
,"/var/www/event-manager/src/routes/eventTemplateRoutes.ts": {"lines":{"total":11,"covered":11,"skipped":0,"pct":100},"functions":{"total":0,"covered":0,"skipped":0,"pct":100},"statements":{"total":11,"covered":11,"skipped":0,"pct":100},"branches":{"total":0,"covered":0,"skipped":0,"pct":100}}
,"/var/www/event-manager/src/routes/eventsRoutes.ts": {"lines":{"total":14,"covered":14,"skipped":0,"pct":100},"functions":{"total":0,"covered":0,"skipped":0,"pct":100},"statements":{"total":14,"covered":14,"skipped":0,"pct":100},"branches":{"total":0,"covered":0,"skipped":0,"pct":100}}
,"/var/www/event-manager/src/routes/exportRoutes.ts": {"lines":{"total":10,"covered":10,"skipped":0,"pct":100},"functions":{"total":0,"covered":0,"skipped":0,"pct":100},"statements":{"total":10,"covered":10,"skipped":0,"pct":100},"branches":{"total":0,"covered":0,"skipped":0,"pct":100}}
,"/var/www/event-manager/src/routes/fileBackupRoutes.ts": {"lines":{"total":10,"covered":10,"skipped":0,"pct":100},"functions":{"total":0,"covered":0,"skipped":0,"pct":100},"statements":{"total":10,"covered":10,"skipped":0,"pct":100},"branches":{"total":0,"covered":0,"skipped":0,"pct":100}}
,"/var/www/event-manager/src/routes/fileManagementRoutes.ts": {"lines":{"total":13,"covered":13,"skipped":0,"pct":100},"functions":{"total":0,"covered":0,"skipped":0,"pct":100},"statements":{"total":13,"covered":13,"skipped":0,"pct":100},"branches":{"total":0,"covered":0,"skipped":0,"pct":100}}
,"/var/www/event-manager/src/routes/fileRoutes.ts": {"lines":{"total":16,"covered":13,"skipped":0,"pct":81.25},"functions":{"total":2,"covered":0,"skipped":0,"pct":0},"statements":{"total":16,"covered":13,"skipped":0,"pct":81.25},"branches":{"total":2,"covered":0,"skipped":0,"pct":0}}
,"/var/www/event-manager/src/routes/healthRoutes.ts": {"lines":{"total":54,"covered":10,"skipped":0,"pct":18.51},"functions":{"total":4,"covered":0,"skipped":0,"pct":0},"statements":{"total":54,"covered":10,"skipped":0,"pct":18.51},"branches":{"total":28,"covered":0,"skipped":0,"pct":0}}
,"/var/www/event-manager/src/routes/judgeCertificationsRoutes.ts": {"lines":{"total":8,"covered":8,"skipped":0,"pct":100},"functions":{"total":0,"covered":0,"skipped":0,"pct":100},"statements":{"total":8,"covered":8,"skipped":0,"pct":100},"branches":{"total":0,"covered":0,"skipped":0,"pct":100}}
,"/var/www/event-manager/src/routes/judgeContestantCertificationRoutes.ts": {"lines":{"total":10,"covered":10,"skipped":0,"pct":100},"functions":{"total":0,"covered":0,"skipped":0,"pct":100},"statements":{"total":10,"covered":10,"skipped":0,"pct":100},"branches":{"total":0,"covered":0,"skipped":0,"pct":100}}
,"/var/www/event-manager/src/routes/judgeRoutes.ts": {"lines":{"total":16,"covered":16,"skipped":0,"pct":100},"functions":{"total":0,"covered":0,"skipped":0,"pct":100},"statements":{"total":16,"covered":16,"skipped":0,"pct":100},"branches":{"total":0,"covered":0,"skipped":0,"pct":100}}
,"/var/www/event-manager/src/routes/judgeUncertificationRoutes.ts": {"lines":{"total":13,"covered":13,"skipped":0,"pct":100},"functions":{"total":0,"covered":0,"skipped":0,"pct":100},"statements":{"total":13,"covered":13,"skipped":0,"pct":100},"branches":{"total":0,"covered":0,"skipped":0,"pct":100}}
,"/var/www/event-manager/src/routes/judgesRoutes.ts": {"lines":{"total":43,"covered":15,"skipped":0,"pct":34.88},"functions":{"total":5,"covered":0,"skipped":0,"pct":0},"statements":{"total":43,"covered":15,"skipped":0,"pct":34.88},"branches":{"total":4,"covered":0,"skipped":0,"pct":0}}
,"/var/www/event-manager/src/routes/logFilesRoutes.ts": {"lines":{"total":13,"covered":13,"skipped":0,"pct":100},"functions":{"total":0,"covered":0,"skipped":0,"pct":100},"statements":{"total":13,"covered":13,"skipped":0,"pct":100},"branches":{"total":0,"covered":0,"skipped":0,"pct":100}}
,"/var/www/event-manager/src/routes/navigationRoutes.ts": {"lines":{"total":8,"covered":8,"skipped":0,"pct":100},"functions":{"total":0,"covered":0,"skipped":0,"pct":100},"statements":{"total":8,"covered":8,"skipped":0,"pct":100},"branches":{"total":0,"covered":0,"skipped":0,"pct":100}}
,"/var/www/event-manager/src/routes/notificationsRoutes.ts": {"lines":{"total":53,"covered":25,"skipped":0,"pct":47.16},"functions":{"total":6,"covered":2,"skipped":0,"pct":33.33},"statements":{"total":53,"covered":25,"skipped":0,"pct":47.16},"branches":{"total":6,"covered":4,"skipped":0,"pct":66.66}}
,"/var/www/event-manager/src/routes/performanceRoutes.ts": {"lines":{"total":9,"covered":9,"skipped":0,"pct":100},"functions":{"total":0,"covered":0,"skipped":0,"pct":100},"statements":{"total":9,"covered":9,"skipped":0,"pct":100},"branches":{"total":0,"covered":0,"skipped":0,"pct":100}}
,"/var/www/event-manager/src/routes/printRoutes.ts": {"lines":{"total":18,"covered":18,"skipped":0,"pct":100},"functions":{"total":0,"covered":0,"skipped":0,"pct":100},"statements":{"total":18,"covered":18,"skipped":0,"pct":100},"branches":{"total":0,"covered":0,"skipped":0,"pct":100}}
,"/var/www/event-manager/src/routes/rateLimitRoutes.ts": {"lines":{"total":11,"covered":11,"skipped":0,"pct":100},"functions":{"total":0,"covered":0,"skipped":0,"pct":100},"statements":{"total":11,"covered":11,"skipped":0,"pct":100},"branches":{"total":0,"covered":0,"skipped":0,"pct":100}}
,"/var/www/event-manager/src/routes/reportsRoutes.ts": {"lines":{"total":35,"covered":20,"skipped":0,"pct":57.14},"functions":{"total":1,"covered":0,"skipped":0,"pct":0},"statements":{"total":35,"covered":20,"skipped":0,"pct":57.14},"branches":{"total":11,"covered":0,"skipped":0,"pct":0}}
,"/var/www/event-manager/src/routes/restrictionRoutes.ts": {"lines":{"total":12,"covered":12,"skipped":0,"pct":100},"functions":{"total":0,"covered":0,"skipped":0,"pct":100},"statements":{"total":12,"covered":12,"skipped":0,"pct":100},"branches":{"total":0,"covered":0,"skipped":0,"pct":100}}
,"/var/www/event-manager/src/routes/resultsRoutes.ts": {"lines":{"total":14,"covered":14,"skipped":0,"pct":100},"functions":{"total":0,"covered":0,"skipped":0,"pct":100},"statements":{"total":14,"covered":14,"skipped":0,"pct":100},"branches":{"total":0,"covered":0,"skipped":0,"pct":100}}
,"/var/www/event-manager/src/routes/roleAssignmentRoutes.ts": {"lines":{"total":11,"covered":11,"skipped":0,"pct":100},"functions":{"total":0,"covered":0,"skipped":0,"pct":100},"statements":{"total":11,"covered":11,"skipped":0,"pct":100},"branches":{"total":0,"covered":0,"skipped":0,"pct":100}}
,"/var/www/event-manager/src/routes/scoreFileRoutes.ts": {"lines":{"total":17,"covered":17,"skipped":0,"pct":100},"functions":{"total":0,"covered":0,"skipped":0,"pct":100},"statements":{"total":17,"covered":17,"skipped":0,"pct":100},"branches":{"total":0,"covered":0,"skipped":0,"pct":100}}
,"/var/www/event-manager/src/routes/scoringRoutes.ts": {"lines":{"total":22,"covered":22,"skipped":0,"pct":100},"functions":{"total":0,"covered":0,"skipped":0,"pct":100},"statements":{"total":22,"covered":22,"skipped":0,"pct":100},"branches":{"total":0,"covered":0,"skipped":0,"pct":100}}
,"/var/www/event-manager/src/routes/settingsRoutes.ts": {"lines":{"total":47,"covered":39,"skipped":0,"pct":82.97},"functions":{"total":3,"covered":0,"skipped":0,"pct":0},"statements":{"total":47,"covered":39,"skipped":0,"pct":82.97},"branches":{"total":4,"covered":0,"skipped":0,"pct":0}}
,"/var/www/event-manager/src/routes/smsRoutes.ts": {"lines":{"total":11,"covered":11,"skipped":0,"pct":100},"functions":{"total":0,"covered":0,"skipped":0,"pct":100},"statements":{"total":11,"covered":11,"skipped":0,"pct":100},"branches":{"total":0,"covered":0,"skipped":0,"pct":100}}
,"/var/www/event-manager/src/routes/tallyMasterRoutes.ts": {"lines":{"total":28,"covered":28,"skipped":0,"pct":100},"functions":{"total":0,"covered":0,"skipped":0,"pct":100},"statements":{"total":28,"covered":28,"skipped":0,"pct":100},"branches":{"total":0,"covered":0,"skipped":0,"pct":100}}
,"/var/www/event-manager/src/routes/templatesRoutes.ts": {"lines":{"total":10,"covered":10,"skipped":0,"pct":100},"functions":{"total":0,"covered":0,"skipped":0,"pct":100},"statements":{"total":10,"covered":10,"skipped":0,"pct":100},"branches":{"total":0,"covered":0,"skipped":0,"pct":100}}
,"/var/www/event-manager/src/routes/testEventSetupRoutes.ts": {"lines":{"total":9,"covered":9,"skipped":0,"pct":100},"functions":{"total":0,"covered":0,"skipped":0,"pct":100},"statements":{"total":9,"covered":9,"skipped":0,"pct":100},"branches":{"total":0,"covered":0,"skipped":0,"pct":100}}
,"/var/www/event-manager/src/routes/trackerRoutes.ts": {"lines":{"total":12,"covered":12,"skipped":0,"pct":100},"functions":{"total":0,"covered":0,"skipped":0,"pct":100},"statements":{"total":12,"covered":12,"skipped":0,"pct":100},"branches":{"total":0,"covered":0,"skipped":0,"pct":100}}
,"/var/www/event-manager/src/routes/uploadRoutes.ts": {"lines":{"total":17,"covered":17,"skipped":0,"pct":100},"functions":{"total":2,"covered":2,"skipped":0,"pct":100},"statements":{"total":17,"covered":17,"skipped":0,"pct":100},"branches":{"total":0,"covered":0,"skipped":0,"pct":100}}
,"/var/www/event-manager/src/routes/userFieldVisibilityRoutes.ts": {"lines":{"total":10,"covered":10,"skipped":0,"pct":100},"functions":{"total":0,"covered":0,"skipped":0,"pct":100},"statements":{"total":10,"covered":10,"skipped":0,"pct":100},"branches":{"total":0,"covered":0,"skipped":0,"pct":100}}
,"/var/www/event-manager/src/routes/usersRoutes.ts": {"lines":{"total":79,"covered":40,"skipped":0,"pct":50.63},"functions":{"total":9,"covered":0,"skipped":0,"pct":0},"statements":{"total":81,"covered":40,"skipped":0,"pct":49.38},"branches":{"total":29,"covered":0,"skipped":0,"pct":0}}
,"/var/www/event-manager/src/routes/winnersRoutes.ts": {"lines":{"total":16,"covered":16,"skipped":0,"pct":100},"functions":{"total":0,"covered":0,"skipped":0,"pct":100},"statements":{"total":16,"covered":16,"skipped":0,"pct":100},"branches":{"total":0,"covered":0,"skipped":0,"pct":100}}
,"/var/www/event-manager/src/services/AdminService.ts": {"lines":{"total":117,"covered":111,"skipped":0,"pct":94.87},"functions":{"total":16,"covered":16,"skipped":0,"pct":100},"statements":{"total":120,"covered":114,"skipped":0,"pct":95},"branches":{"total":64,"covered":46,"skipped":0,"pct":71.87}}
,"/var/www/event-manager/src/services/AdvancedReportingService.ts": {"lines":{"total":17,"covered":17,"skipped":0,"pct":100},"functions":{"total":6,"covered":6,"skipped":0,"pct":100},"statements":{"total":24,"covered":24,"skipped":0,"pct":100},"branches":{"total":12,"covered":11,"skipped":0,"pct":91.66}}
,"/var/www/event-manager/src/services/ArchiveService.ts": {"lines":{"total":24,"covered":24,"skipped":0,"pct":100},"functions":{"total":9,"covered":9,"skipped":0,"pct":100},"statements":{"total":26,"covered":26,"skipped":0,"pct":100},"branches":{"total":6,"covered":5,"skipped":0,"pct":83.33}}
,"/var/www/event-manager/src/services/AssignmentService.ts": {"lines":{"total":109,"covered":86,"skipped":0,"pct":78.89},"functions":{"total":30,"covered":19,"skipped":0,"pct":63.33},"statements":{"total":114,"covered":88,"skipped":0,"pct":77.19},"branches":{"total":147,"covered":68,"skipped":0,"pct":46.25}}
,"/var/www/event-manager/src/services/AuditorCertificationService.ts": {"lines":{"total":44,"covered":6,"skipped":0,"pct":13.63},"functions":{"total":6,"covered":1,"skipped":0,"pct":16.66},"statements":{"total":47,"covered":8,"skipped":0,"pct":17.02},"branches":{"total":25,"covered":3,"skipped":0,"pct":12}}
,"/var/www/event-manager/src/services/AuditorService.ts": {"lines":{"total":103,"covered":6,"skipped":0,"pct":5.82},"functions":{"total":44,"covered":1,"skipped":0,"pct":2.27},"statements":{"total":123,"covered":8,"skipped":0,"pct":6.5},"branches":{"total":95,"covered":3,"skipped":0,"pct":3.15}}
,"/var/www/event-manager/src/services/AuthService.ts": {"lines":{"total":77,"covered":77,"skipped":0,"pct":100},"functions":{"total":11,"covered":11,"skipped":0,"pct":100},"statements":{"total":79,"covered":79,"skipped":0,"pct":100},"branches":{"total":40,"covered":37,"skipped":0,"pct":92.5}}
,"/var/www/event-manager/src/services/BackupMonitoringService.ts": {"lines":{"total":122,"covered":46,"skipped":0,"pct":37.7},"functions":{"total":22,"covered":11,"skipped":0,"pct":50},"statements":{"total":139,"covered":56,"skipped":0,"pct":40.28},"branches":{"total":72,"covered":36,"skipped":0,"pct":50}}
,"/var/www/event-manager/src/services/BaseService.ts": {"lines":{"total":86,"covered":63,"skipped":0,"pct":73.25},"functions":{"total":30,"covered":22,"skipped":0,"pct":73.33},"statements":{"total":88,"covered":63,"skipped":0,"pct":71.59},"branches":{"total":51,"covered":29,"skipped":0,"pct":56.86}}
,"/var/www/event-manager/src/services/BioService.ts": {"lines":{"total":40,"covered":6,"skipped":0,"pct":15},"functions":{"total":5,"covered":1,"skipped":0,"pct":20},"statements":{"total":42,"covered":8,"skipped":0,"pct":19.04},"branches":{"total":28,"covered":3,"skipped":0,"pct":10.71}}
,"/var/www/event-manager/src/services/BoardService.ts": {"lines":{"total":50,"covered":25,"skipped":0,"pct":50},"functions":{"total":23,"covered":11,"skipped":0,"pct":47.82},"statements":{"total":61,"covered":30,"skipped":0,"pct":49.18},"branches":{"total":18,"covered":6,"skipped":0,"pct":33.33}}
,"/var/www/event-manager/src/services/BulkCertificationResetService.ts": {"lines":{"total":73,"covered":6,"skipped":0,"pct":8.21},"functions":{"total":10,"covered":1,"skipped":0,"pct":10},"statements":{"total":79,"covered":8,"skipped":0,"pct":10.12},"branches":{"total":20,"covered":3,"skipped":0,"pct":15}}
,"/var/www/event-manager/src/services/BulkOperationService.ts": {"lines":{"total":59,"covered":58,"skipped":0,"pct":98.3},"functions":{"total":10,"covered":10,"skipped":0,"pct":100},"statements":{"total":62,"covered":61,"skipped":0,"pct":98.38},"branches":{"total":17,"covered":12,"skipped":0,"pct":70.58}}
,"/var/www/event-manager/src/services/CSVService.ts": {"lines":{"total":80,"covered":78,"skipped":0,"pct":97.5},"functions":{"total":11,"covered":11,"skipped":0,"pct":100},"statements":{"total":82,"covered":80,"skipped":0,"pct":97.56},"branches":{"total":58,"covered":55,"skipped":0,"pct":94.82}}
,"/var/www/event-manager/src/services/CacheService.ts": {"lines":{"total":98,"covered":92,"skipped":0,"pct":93.87},"functions":{"total":19,"covered":18,"skipped":0,"pct":94.73},"statements":{"total":100,"covered":94,"skipped":0,"pct":94},"branches":{"total":42,"covered":38,"skipped":0,"pct":90.47}}
,"/var/www/event-manager/src/services/CategoryCertificationService.ts": {"lines":{"total":19,"covered":19,"skipped":0,"pct":100},"functions":{"total":3,"covered":3,"skipped":0,"pct":100},"statements":{"total":21,"covered":21,"skipped":0,"pct":100},"branches":{"total":6,"covered":5,"skipped":0,"pct":83.33}}
,"/var/www/event-manager/src/services/CategoryService.ts": {"lines":{"total":95,"covered":92,"skipped":0,"pct":96.84},"functions":{"total":12,"covered":12,"skipped":0,"pct":100},"statements":{"total":97,"covered":94,"skipped":0,"pct":96.9},"branches":{"total":34,"covered":31,"skipped":0,"pct":91.17}}
,"/var/www/event-manager/src/services/CategoryTypeService.ts": {"lines":{"total":16,"covered":4,"skipped":0,"pct":25},"functions":{"total":4,"covered":0,"skipped":0,"pct":0},"statements":{"total":18,"covered":6,"skipped":0,"pct":33.33},"branches":{"total":12,"covered":0,"skipped":0,"pct":0}}
,"/var/www/event-manager/src/services/CertificationService.ts": {"lines":{"total":17,"covered":17,"skipped":0,"pct":100},"functions":{"total":6,"covered":6,"skipped":0,"pct":100},"statements":{"total":21,"covered":21,"skipped":0,"pct":100},"branches":{"total":8,"covered":7,"skipped":0,"pct":87.5}}
,"/var/www/event-manager/src/services/CommentaryService.ts": {"lines":{"total":29,"covered":6,"skipped":0,"pct":20.68},"functions":{"total":6,"covered":1,"skipped":0,"pct":16.66},"statements":{"total":31,"covered":8,"skipped":0,"pct":25.8},"branches":{"total":32,"covered":3,"skipped":0,"pct":9.37}}
,"/var/www/event-manager/src/services/ContestCertificationService.ts": {"lines":{"total":22,"covered":6,"skipped":0,"pct":27.27},"functions":{"total":4,"covered":1,"skipped":0,"pct":25},"statements":{"total":26,"covered":8,"skipped":0,"pct":30.76},"branches":{"total":12,"covered":3,"skipped":0,"pct":25}}
,"/var/www/event-manager/src/services/ContestService.ts": {"lines":{"total":120,"covered":109,"skipped":0,"pct":90.83},"functions":{"total":15,"covered":15,"skipped":0,"pct":100},"statements":{"total":122,"covered":111,"skipped":0,"pct":90.98},"branches":{"total":42,"covered":36,"skipped":0,"pct":85.71}}
,"/var/www/event-manager/src/services/CustomFieldService.ts": {"lines":{"total":131,"covered":131,"skipped":0,"pct":100},"functions":{"total":16,"covered":16,"skipped":0,"pct":100},"statements":{"total":142,"covered":142,"skipped":0,"pct":100},"branches":{"total":113,"covered":105,"skipped":0,"pct":92.92}}
,"/var/www/event-manager/src/services/DataWipeService.ts": {"lines":{"total":65,"covered":42,"skipped":0,"pct":64.61},"functions":{"total":7,"covered":4,"skipped":0,"pct":57.14},"statements":{"total":69,"covered":44,"skipped":0,"pct":63.76},"branches":{"total":10,"covered":8,"skipped":0,"pct":80}}
,"/var/www/event-manager/src/services/DatabaseBrowserService.ts": {"lines":{"total":19,"covered":17,"skipped":0,"pct":89.47},"functions":{"total":5,"covered":5,"skipped":0,"pct":100},"statements":{"total":21,"covered":19,"skipped":0,"pct":90.47},"branches":{"total":13,"covered":8,"skipped":0,"pct":61.53}}
,"/var/www/event-manager/src/services/DeductionService.ts": {"lines":{"total":67,"covered":7,"skipped":0,"pct":10.44},"functions":{"total":14,"covered":1,"skipped":0,"pct":7.14},"statements":{"total":74,"covered":9,"skipped":0,"pct":12.16},"branches":{"total":38,"covered":3,"skipped":0,"pct":7.89}}
,"/var/www/event-manager/src/services/EmailService.ts": {"lines":{"total":21,"covered":21,"skipped":0,"pct":100},"functions":{"total":5,"covered":5,"skipped":0,"pct":100},"statements":{"total":24,"covered":24,"skipped":0,"pct":100},"branches":{"total":14,"covered":13,"skipped":0,"pct":92.85}}
,"/var/www/event-manager/src/services/EmailTemplateService.ts": {"lines":{"total":115,"covered":113,"skipped":0,"pct":98.26},"functions":{"total":13,"covered":13,"skipped":0,"pct":100},"statements":{"total":136,"covered":119,"skipped":0,"pct":87.5},"branches":{"total":88,"covered":61,"skipped":0,"pct":69.31}}
,"/var/www/event-manager/src/services/EmceeService.ts": {"lines":{"total":96,"covered":36,"skipped":0,"pct":37.5},"functions":{"total":24,"covered":9,"skipped":0,"pct":37.5},"statements":{"total":110,"covered":38,"skipped":0,"pct":34.54},"branches":{"total":83,"covered":27,"skipped":0,"pct":32.53}}
,"/var/www/event-manager/src/services/ErrorHandlingService.ts": {"lines":{"total":6,"covered":6,"skipped":0,"pct":100},"functions":{"total":2,"covered":2,"skipped":0,"pct":100},"statements":{"total":8,"covered":8,"skipped":0,"pct":100},"branches":{"total":2,"covered":2,"skipped":0,"pct":100}}
,"/var/www/event-manager/src/services/EventBusService.ts": {"lines":{"total":89,"covered":87,"skipped":0,"pct":97.75},"functions":{"total":16,"covered":15,"skipped":0,"pct":93.75},"statements":{"total":89,"covered":87,"skipped":0,"pct":97.75},"branches":{"total":23,"covered":23,"skipped":0,"pct":100}}
,"/var/www/event-manager/src/services/EventService.ts": {"lines":{"total":171,"covered":146,"skipped":0,"pct":85.38},"functions":{"total":19,"covered":19,"skipped":0,"pct":100},"statements":{"total":173,"covered":148,"skipped":0,"pct":85.54},"branches":{"total":77,"covered":49,"skipped":0,"pct":63.63}}
,"/var/www/event-manager/src/services/EventTemplateService.ts": {"lines":{"total":38,"covered":14,"skipped":0,"pct":36.84},"functions":{"total":10,"covered":4,"skipped":0,"pct":40},"statements":{"total":42,"covered":16,"skipped":0,"pct":38.09},"branches":{"total":48,"covered":9,"skipped":0,"pct":18.75}}
,"/var/www/event-manager/src/services/ExportService.ts": {"lines":{"total":44,"covered":17,"skipped":0,"pct":38.63},"functions":{"total":7,"covered":4,"skipped":0,"pct":57.14},"statements":{"total":46,"covered":19,"skipped":0,"pct":41.3},"branches":{"total":20,"covered":6,"skipped":0,"pct":30}}
,"/var/www/event-manager/src/services/FileBackupService.ts": {"lines":{"total":22,"covered":19,"skipped":0,"pct":86.36},"functions":{"total":4,"covered":4,"skipped":0,"pct":100},"statements":{"total":25,"covered":22,"skipped":0,"pct":88},"branches":{"total":0,"covered":0,"skipped":0,"pct":100}}
,"/var/www/event-manager/src/services/FileManagementService.ts": {"lines":{"total":23,"covered":20,"skipped":0,"pct":86.95},"functions":{"total":3,"covered":3,"skipped":0,"pct":100},"statements":{"total":25,"covered":22,"skipped":0,"pct":88},"branches":{"total":0,"covered":0,"skipped":0,"pct":100}}
,"/var/www/event-manager/src/services/FileService.ts": {"lines":{"total":18,"covered":17,"skipped":0,"pct":94.44},"functions":{"total":4,"covered":4,"skipped":0,"pct":100},"statements":{"total":21,"covered":20,"skipped":0,"pct":95.23},"branches":{"total":4,"covered":4,"skipped":0,"pct":100}}
,"/var/www/event-manager/src/services/HealthCheckService.ts": {"lines":{"total":88,"covered":13,"skipped":0,"pct":14.77},"functions":{"total":14,"covered":3,"skipped":0,"pct":21.42},"statements":{"total":90,"covered":14,"skipped":0,"pct":15.55},"branches":{"total":32,"covered":2,"skipped":0,"pct":6.25}}
,"/var/www/event-manager/src/services/JudgeContestantCertificationService.ts": {"lines":{"total":43,"covered":6,"skipped":0,"pct":13.95},"functions":{"total":7,"covered":1,"skipped":0,"pct":14.28},"statements":{"total":48,"covered":8,"skipped":0,"pct":16.66},"branches":{"total":27,"covered":3,"skipped":0,"pct":11.11}}
,"/var/www/event-manager/src/services/JudgeService.ts": {"lines":{"total":106,"covered":105,"skipped":0,"pct":99.05},"functions":{"total":13,"covered":13,"skipped":0,"pct":100},"statements":{"total":110,"covered":109,"skipped":0,"pct":99.09},"branches":{"total":88,"covered":85,"skipped":0,"pct":96.59}}
,"/var/www/event-manager/src/services/JudgeUncertificationService.ts": {"lines":{"total":56,"covered":6,"skipped":0,"pct":10.71},"functions":{"total":5,"covered":1,"skipped":0,"pct":20},"statements":{"total":63,"covered":8,"skipped":0,"pct":12.69},"branches":{"total":52,"covered":3,"skipped":0,"pct":5.76}}
,"/var/www/event-manager/src/services/LogFilesService.ts": {"lines":{"total":64,"covered":54,"skipped":0,"pct":84.37},"functions":{"total":11,"covered":11,"skipped":0,"pct":100},"statements":{"total":69,"covered":59,"skipped":0,"pct":85.5},"branches":{"total":18,"covered":16,"skipped":0,"pct":88.88}}
,"/var/www/event-manager/src/services/MetricsService.ts": {"lines":{"total":30,"covered":30,"skipped":0,"pct":100},"functions":{"total":13,"covered":13,"skipped":0,"pct":100},"statements":{"total":32,"covered":32,"skipped":0,"pct":100},"branches":{"total":0,"covered":0,"skipped":0,"pct":100}}
,"/var/www/event-manager/src/services/NotificationService.ts": {"lines":{"total":40,"covered":40,"skipped":0,"pct":100},"functions":{"total":20,"covered":20,"skipped":0,"pct":100},"statements":{"total":42,"covered":42,"skipped":0,"pct":100},"branches":{"total":21,"covered":19,"skipped":0,"pct":90.47}}
,"/var/www/event-manager/src/services/PerformanceService.ts": {"lines":{"total":71,"covered":67,"skipped":0,"pct":94.36},"functions":{"total":9,"covered":9,"skipped":0,"pct":100},"statements":{"total":75,"covered":71,"skipped":0,"pct":94.66},"branches":{"total":63,"covered":54,"skipped":0,"pct":85.71}}
,"/var/www/event-manager/src/services/PrintService.ts": {"lines":{"total":105,"covered":45,"skipped":0,"pct":42.85},"functions":{"total":25,"covered":12,"skipped":0,"pct":48},"statements":{"total":107,"covered":47,"skipped":0,"pct":43.92},"branches":{"total":49,"covered":12,"skipped":0,"pct":24.48}}
,"/var/www/event-manager/src/services/QueueService.ts": {"lines":{"total":89,"covered":78,"skipped":0,"pct":87.64},"functions":{"total":27,"covered":20,"skipped":0,"pct":74.07},"statements":{"total":89,"covered":78,"skipped":0,"pct":87.64},"branches":{"total":23,"covered":20,"skipped":0,"pct":86.95}}
,"/var/www/event-manager/src/services/RateLimitService.ts": {"lines":{"total":98,"covered":33,"skipped":0,"pct":33.67},"functions":{"total":25,"covered":4,"skipped":0,"pct":16},"statements":{"total":100,"covered":35,"skipped":0,"pct":35},"branches":{"total":59,"covered":12,"skipped":0,"pct":20.33}}
,"/var/www/event-manager/src/services/RedisCacheService.ts": {"lines":{"total":375,"covered":27,"skipped":0,"pct":7.2},"functions":{"total":50,"covered":2,"skipped":0,"pct":4},"statements":{"total":387,"covered":28,"skipped":0,"pct":7.23},"branches":{"total":196,"covered":8,"skipped":0,"pct":4.08}}
,"/var/www/event-manager/src/services/ReportEmailService.ts": {"lines":{"total":39,"covered":38,"skipped":0,"pct":97.43},"functions":{"total":7,"covered":7,"skipped":0,"pct":100},"statements":{"total":42,"covered":41,"skipped":0,"pct":97.61},"branches":{"total":16,"covered":15,"skipped":0,"pct":93.75}}
,"/var/www/event-manager/src/services/ReportExportService.ts": {"lines":{"total":140,"covered":137,"skipped":0,"pct":97.85},"functions":{"total":22,"covered":22,"skipped":0,"pct":100},"statements":{"total":149,"covered":146,"skipped":0,"pct":97.98},"branches":{"total":80,"covered":66,"skipped":0,"pct":82.5}}
,"/var/www/event-manager/src/services/ReportGenerationService.ts": {"lines":{"total":89,"covered":84,"skipped":0,"pct":94.38},"functions":{"total":22,"covered":22,"skipped":0,"pct":100},"statements":{"total":93,"covered":88,"skipped":0,"pct":94.62},"branches":{"total":47,"covered":40,"skipped":0,"pct":85.1}}
,"/var/www/event-manager/src/services/ReportInstanceService.ts": {"lines":{"total":74,"covered":6,"skipped":0,"pct":8.1},"functions":{"total":10,"covered":1,"skipped":0,"pct":10},"statements":{"total":76,"covered":8,"skipped":0,"pct":10.52},"branches":{"total":37,"covered":3,"skipped":0,"pct":8.1}}
,"/var/www/event-manager/src/services/ReportTemplateService.ts": {"lines":{"total":40,"covered":6,"skipped":0,"pct":15},"functions":{"total":7,"covered":1,"skipped":0,"pct":14.28},"statements":{"total":42,"covered":8,"skipped":0,"pct":19.04},"branches":{"total":14,"covered":3,"skipped":0,"pct":21.42}}
,"/var/www/event-manager/src/services/RestrictionService.ts": {"lines":{"total":86,"covered":85,"skipped":0,"pct":98.83},"functions":{"total":5,"covered":5,"skipped":0,"pct":100},"statements":{"total":88,"covered":87,"skipped":0,"pct":98.86},"branches":{"total":76,"covered":73,"skipped":0,"pct":96.05}}
,"/var/www/event-manager/src/services/ResultsService.ts": {"lines":{"total":135,"covered":105,"skipped":0,"pct":77.77},"functions":{"total":14,"covered":13,"skipped":0,"pct":92.85},"statements":{"total":142,"covered":110,"skipped":0,"pct":77.46},"branches":{"total":100,"covered":64,"skipped":0,"pct":64}}
,"/var/www/event-manager/src/services/RoleAssignmentService.ts": {"lines":{"total":31,"covered":7,"skipped":0,"pct":22.58},"functions":{"total":5,"covered":1,"skipped":0,"pct":20},"statements":{"total":40,"covered":9,"skipped":0,"pct":22.5},"branches":{"total":47,"covered":3,"skipped":0,"pct":6.38}}
,"/var/www/event-manager/src/services/SMSService.ts": {"lines":{"total":22,"covered":19,"skipped":0,"pct":86.36},"functions":{"total":5,"covered":5,"skipped":0,"pct":100},"statements":{"total":24,"covered":21,"skipped":0,"pct":87.5},"branches":{"total":28,"covered":22,"skipped":0,"pct":78.57}}
,"/var/www/event-manager/src/services/ScoreFileService.ts": {"lines":{"total":43,"covered":43,"skipped":0,"pct":100},"functions":{"total":9,"covered":9,"skipped":0,"pct":100},"statements":{"total":45,"covered":45,"skipped":0,"pct":100},"branches":{"total":32,"covered":30,"skipped":0,"pct":93.75}}
,"/var/www/event-manager/src/services/ScoreRemovalService.ts": {"lines":{"total":57,"covered":12,"skipped":0,"pct":21.05},"functions":{"total":6,"covered":3,"skipped":0,"pct":50},"statements":{"total":65,"covered":15,"skipped":0,"pct":23.07},"branches":{"total":54,"covered":9,"skipped":0,"pct":16.66}}
,"/var/www/event-manager/src/services/ScoringService.ts": {"lines":{"total":81,"covered":75,"skipped":0,"pct":92.59},"functions":{"total":13,"covered":13,"skipped":0,"pct":100},"statements":{"total":83,"covered":77,"skipped":0,"pct":92.77},"branches":{"total":26,"covered":23,"skipped":0,"pct":88.46}}
,"/var/www/event-manager/src/services/SecretManager.ts": {"lines":{"total":111,"covered":73,"skipped":0,"pct":65.76},"functions":{"total":19,"covered":17,"skipped":0,"pct":89.47},"statements":{"total":112,"covered":74,"skipped":0,"pct":66.07},"branches":{"total":54,"covered":28,"skipped":0,"pct":51.85}}
,"/var/www/event-manager/src/services/SettingsService.ts": {"lines":{"total":133,"covered":50,"skipped":0,"pct":37.59},"functions":{"total":35,"covered":20,"skipped":0,"pct":57.14},"statements":{"total":144,"covered":57,"skipped":0,"pct":39.58},"branches":{"total":102,"covered":25,"skipped":0,"pct":24.5}}
,"/var/www/event-manager/src/services/TallyMasterService.ts": {"lines":{"total":183,"covered":37,"skipped":0,"pct":20.21},"functions":{"total":42,"covered":9,"skipped":0,"pct":21.42},"statements":{"total":189,"covered":40,"skipped":0,"pct":21.16},"branches":{"total":120,"covered":10,"skipped":0,"pct":8.33}}
,"/var/www/event-manager/src/services/TemplateService.ts": {"lines":{"total":25,"covered":9,"skipped":0,"pct":36},"functions":{"total":7,"covered":3,"skipped":0,"pct":42.85},"statements":{"total":27,"covered":11,"skipped":0,"pct":40.74},"branches":{"total":8,"covered":3,"skipped":0,"pct":37.5}}
,"/var/www/event-manager/src/services/TestEventSetupService.ts": {"lines":{"total":69,"covered":7,"skipped":0,"pct":10.14},"functions":{"total":3,"covered":1,"skipped":0,"pct":33.33},"statements":{"total":79,"covered":9,"skipped":0,"pct":11.39},"branches":{"total":41,"covered":3,"skipped":0,"pct":7.31}}
,"/var/www/event-manager/src/services/TrackerService.ts": {"lines":{"total":30,"covered":26,"skipped":0,"pct":86.66},"functions":{"total":8,"covered":5,"skipped":0,"pct":62.5},"statements":{"total":36,"covered":28,"skipped":0,"pct":77.77},"branches":{"total":18,"covered":8,"skipped":0,"pct":44.44}}
,"/var/www/event-manager/src/services/UploadService.ts": {"lines":{"total":55,"covered":52,"skipped":0,"pct":94.54},"functions":{"total":7,"covered":7,"skipped":0,"pct":100},"statements":{"total":57,"covered":54,"skipped":0,"pct":94.73},"branches":{"total":22,"covered":21,"skipped":0,"pct":95.45}}
,"/var/www/event-manager/src/services/UserFieldVisibilityService.ts": {"lines":{"total":18,"covered":4,"skipped":0,"pct":22.22},"functions":{"total":5,"covered":0,"skipped":0,"pct":0},"statements":{"total":20,"covered":6,"skipped":0,"pct":30},"branches":{"total":4,"covered":0,"skipped":0,"pct":0}}
,"/var/www/event-manager/src/services/UserService.ts": {"lines":{"total":203,"covered":114,"skipped":0,"pct":56.15},"functions":{"total":34,"covered":24,"skipped":0,"pct":70.58},"statements":{"total":213,"covered":121,"skipped":0,"pct":56.8},"branches":{"total":63,"covered":34,"skipped":0,"pct":53.96}}
,"/var/www/event-manager/src/services/VirusScanService.ts": {"lines":{"total":188,"covered":14,"skipped":0,"pct":7.44},"functions":{"total":40,"covered":1,"skipped":0,"pct":2.5},"statements":{"total":192,"covered":15,"skipped":0,"pct":7.81},"branches":{"total":77,"covered":2,"skipped":0,"pct":2.59}}
,"/var/www/event-manager/src/services/WinnerService.ts": {"lines":{"total":105,"covered":100,"skipped":0,"pct":95.23},"functions":{"total":16,"covered":15,"skipped":0,"pct":93.75},"statements":{"total":111,"covered":103,"skipped":0,"pct":92.79},"branches":{"total":73,"covered":52,"skipped":0,"pct":71.23}}
,"/var/www/event-manager/src/services/cacheService.ts": {"lines":{"total":90,"covered":35,"skipped":0,"pct":38.88},"functions":{"total":19,"covered":9,"skipped":0,"pct":47.36},"statements":{"total":90,"covered":35,"skipped":0,"pct":38.88},"branches":{"total":62,"covered":24,"skipped":0,"pct":38.7}}
,"/var/www/event-manager/src/services/contestantNumberingService.ts": {"lines":{"total":41,"covered":2,"skipped":0,"pct":4.87},"functions":{"total":4,"covered":0,"skipped":0,"pct":0},"statements":{"total":41,"covered":2,"skipped":0,"pct":4.87},"branches":{"total":27,"covered":0,"skipped":0,"pct":0}}
,"/var/www/event-manager/src/services/scheduledBackupService.ts": {"lines":{"total":122,"covered":11,"skipped":0,"pct":9.01},"functions":{"total":16,"covered":1,"skipped":0,"pct":6.25},"statements":{"total":122,"covered":11,"skipped":0,"pct":9.01},"branches":{"total":52,"covered":0,"skipped":0,"pct":0}}
,"/var/www/event-manager/src/services/eventHandlers/AuditLogHandler.ts": {"lines":{"total":17,"covered":0,"skipped":0,"pct":0},"functions":{"total":3,"covered":0,"skipped":0,"pct":0},"statements":{"total":17,"covered":0,"skipped":0,"pct":0},"branches":{"total":9,"covered":0,"skipped":0,"pct":0}}
,"/var/www/event-manager/src/services/eventHandlers/CacheInvalidationHandler.ts": {"lines":{"total":90,"covered":0,"skipped":0,"pct":0},"functions":{"total":7,"covered":0,"skipped":0,"pct":0},"statements":{"total":90,"covered":0,"skipped":0,"pct":0},"branches":{"total":58,"covered":0,"skipped":0,"pct":0}}
,"/var/www/event-manager/src/services/eventHandlers/NotificationHandler.ts": {"lines":{"total":52,"covered":0,"skipped":0,"pct":0},"functions":{"total":9,"covered":0,"skipped":0,"pct":0},"statements":{"total":57,"covered":0,"skipped":0,"pct":0},"branches":{"total":35,"covered":0,"skipped":0,"pct":0}}
,"/var/www/event-manager/src/services/eventHandlers/StatisticsHandler.ts": {"lines":{"total":37,"covered":0,"skipped":0,"pct":0},"functions":{"total":5,"covered":0,"skipped":0,"pct":0},"statements":{"total":38,"covered":0,"skipped":0,"pct":0},"branches":{"total":7,"covered":0,"skipped":0,"pct":0}}
,"/var/www/event-manager/src/services/eventHandlers/index.ts": {"lines":{"total":31,"covered":0,"skipped":0,"pct":0},"functions":{"total":6,"covered":0,"skipped":0,"pct":0},"statements":{"total":31,"covered":0,"skipped":0,"pct":0},"branches":{"total":0,"covered":0,"skipped":0,"pct":100}}
,"/var/www/event-manager/src/services/secrets/AWSSecretStore.ts": {"lines":{"total":102,"covered":0,"skipped":0,"pct":0},"functions":{"total":15,"covered":0,"skipped":0,"pct":0},"statements":{"total":102,"covered":0,"skipped":0,"pct":0},"branches":{"total":43,"covered":0,"skipped":0,"pct":0}}
,"/var/www/event-manager/src/services/secrets/EnvSecretStore.ts": {"lines":{"total":59,"covered":9,"skipped":0,"pct":15.25},"functions":{"total":13,"covered":2,"skipped":0,"pct":15.38},"statements":{"total":59,"covered":9,"skipped":0,"pct":15.25},"branches":{"total":34,"covered":4,"skipped":0,"pct":11.76}}
,"/var/www/event-manager/src/services/secrets/LocalSecretStore.ts": {"lines":{"total":160,"covered":140,"skipped":0,"pct":87.5},"functions":{"total":30,"covered":29,"skipped":0,"pct":96.66},"statements":{"total":167,"covered":145,"skipped":0,"pct":86.82},"branches":{"total":53,"covered":41,"skipped":0,"pct":77.35}}
,"/var/www/event-manager/src/services/secrets/VaultSecretStore.ts": {"lines":{"total":124,"covered":0,"skipped":0,"pct":0},"functions":{"total":19,"covered":0,"skipped":0,"pct":0},"statements":{"total":124,"covered":0,"skipped":0,"pct":0},"branches":{"total":87,"covered":0,"skipped":0,"pct":0}}
,"/var/www/event-manager/src/utils/apiResponse.ts": {"lines":{"total":33,"covered":0,"skipped":0,"pct":0},"functions":{"total":12,"covered":0,"skipped":0,"pct":0},"statements":{"total":45,"covered":0,"skipped":0,"pct":0},"branches":{"total":26,"covered":0,"skipped":0,"pct":0}}
,"/var/www/event-manager/src/utils/cache.ts": {"lines":{"total":27,"covered":20,"skipped":0,"pct":74.07},"functions":{"total":13,"covered":10,"skipped":0,"pct":76.92},"statements":{"total":29,"covered":22,"skipped":0,"pct":75.86},"branches":{"total":10,"covered":6,"skipped":0,"pct":60}}
,"/var/www/event-manager/src/utils/config.ts": {"lines":{"total":27,"covered":17,"skipped":0,"pct":62.96},"functions":{"total":4,"covered":3,"skipped":0,"pct":75},"statements":{"total":29,"covered":18,"skipped":0,"pct":62.06},"branches":{"total":30,"covered":11,"skipped":0,"pct":36.66}}
,"/var/www/event-manager/src/utils/errorTracking.ts": {"lines":{"total":99,"covered":49,"skipped":0,"pct":49.49},"functions":{"total":29,"covered":10,"skipped":0,"pct":34.48},"statements":{"total":101,"covered":49,"skipped":0,"pct":48.51},"branches":{"total":46,"covered":17,"skipped":0,"pct":36.95}}
,"/var/www/event-manager/src/utils/logger.ts": {"lines":{"total":100,"covered":55,"skipped":0,"pct":55},"functions":{"total":25,"covered":18,"skipped":0,"pct":72},"statements":{"total":105,"covered":60,"skipped":0,"pct":57.14},"branches":{"total":77,"covered":33,"skipped":0,"pct":42.85}}
,"/var/www/event-manager/src/utils/prisma.ts": {"lines":{"total":15,"covered":8,"skipped":0,"pct":53.33},"functions":{"total":2,"covered":0,"skipped":0,"pct":0},"statements":{"total":15,"covered":8,"skipped":0,"pct":53.33},"branches":{"total":10,"covered":5,"skipped":0,"pct":50}}
,"/var/www/event-manager/src/utils/responseHelpers.ts": {"lines":{"total":42,"covered":29,"skipped":0,"pct":69.04},"functions":{"total":16,"covered":8,"skipped":0,"pct":50},"statements":{"total":42,"covered":29,"skipped":0,"pct":69.04},"branches":{"total":22,"covered":7,"skipped":0,"pct":31.81}}
,"/var/www/event-manager/src/utils/roleAssignmentCheck.ts": {"lines":{"total":39,"covered":0,"skipped":0,"pct":0},"functions":{"total":5,"covered":0,"skipped":0,"pct":0},"statements":{"total":44,"covered":0,"skipped":0,"pct":0},"branches":{"total":24,"covered":0,"skipped":0,"pct":0}}
}
