TN:
SF:src/constants/roles.ts
FN:26,(anonymous_0)
FN:31,(anonymous_1)
FN:32,(anonymous_2)
FNF:3
FNH:0
FNDA:0,(anonymous_0)
FNDA:0,(anonymous_1)
FNDA:0,(anonymous_2)
DA:11,0
DA:23,0
DA:26,0
DA:27,0
DA:31,0
DA:32,0
DA:35,0
LF:7
LH:0
BRF:0
BRH:0
end_of_record
TN:
SF:src/controllers/BackupAdminController.ts
FN:16,(anonymous_1)
FN:40,(anonymous_2)
FN:67,(anonymous_3)
FN:96,(anonymous_4)
FN:134,(anonymous_5)
FN:155,(anonymous_6)
FN:171,(anonymous_7)
FN:196,(anonymous_8)
FN:212,(anonymous_9)
FN:237,(anonymous_10)
FN:259,(anonymous_11)
FN:266,(anonymous_12)
FN:270,(anonymous_13)
FN:284,(anonymous_14)
FN:322,(anonymous_15)
FN:377,(anonymous_16)
FN:403,(anonymous_17)
FNF:17
FNH:0
FNDA:0,(anonymous_1)
FNDA:0,(anonymous_2)
FNDA:0,(anonymous_3)
FNDA:0,(anonymous_4)
FNDA:0,(anonymous_5)
FNDA:0,(anonymous_6)
FNDA:0,(anonymous_7)
FNDA:0,(anonymous_8)
FNDA:0,(anonymous_9)
FNDA:0,(anonymous_10)
FNDA:0,(anonymous_11)
FNDA:0,(anonymous_12)
FNDA:0,(anonymous_13)
FNDA:0,(anonymous_14)
FNDA:0,(anonymous_15)
FNDA:0,(anonymous_16)
FNDA:0,(anonymous_17)
DA:2,48
DA:3,48
DA:4,48
DA:5,48
DA:6,48
DA:8,48
DA:9,48
DA:11,48
DA:17,0
DA:25,0
DA:27,0
DA:32,0
DA:33,0
DA:34,0
DA:35,0
DA:37,0
DA:40,0
DA:45,0
DA:55,0
DA:56,0
DA:68,0
DA:69,0
DA:70,0
DA:73,0
DA:79,0
DA:84,0
DA:85,0
DA:97,0
DA:98,0
DA:99,0
DA:101,0
DA:102,0
DA:107,0
DA:111,0
DA:117,0
DA:122,0
DA:123,0
DA:135,0
DA:136,0
DA:138,0
DA:143,0
DA:144,0
DA:156,0
DA:157,0
DA:160,0
DA:161,0
DA:163,0
DA:167,0
DA:171,0
DA:172,0
DA:173,0
DA:175,0
DA:179,0
DA:184,0
DA:185,0
DA:197,0
DA:198,0
DA:201,0
DA:202,0
DA:204,0
DA:208,0
DA:212,0
DA:213,0
DA:214,0
DA:216,0
DA:220,0
DA:225,0
DA:226,0
DA:238,0
DA:239,0
DA:240,0
DA:242,0
DA:247,0
DA:248,0
DA:260,0
DA:261,0
DA:263,0
DA:264,0
DA:265,0
DA:266,0
DA:269,0
DA:271,0
DA:272,0
DA:273,0
DA:284,0
DA:286,0
DA:295,0
DA:296,0
DA:306,0
DA:310,0
DA:311,0
DA:323,0
DA:334,0
DA:337,0
DA:338,0
DA:342,0
DA:345,0
DA:357,0
DA:365,0
DA:366,0
DA:378,0
DA:379,0
DA:381,0
DA:386,0
DA:391,0
DA:392,0
DA:404,0
DA:405,0
DA:406,0
DA:408,0
DA:414,0
DA:415,0
DA:423,48
LF:113
LH:9
BRDA:19,0,0,0
BRDA:20,1,0,0
BRDA:32,2,0,0
BRDA:32,2,1,0
BRDA:33,3,0,0
BRDA:33,3,1,0
BRDA:34,4,0,0
BRDA:34,4,1,0
BRDA:35,5,0,0
BRDA:35,5,1,0
BRDA:42,6,0,0
BRDA:42,6,1,0
BRDA:69,7,0,0
BRDA:69,7,1,0
BRDA:101,8,0,0
BRDA:101,8,1,0
BRDA:113,9,0,0
BRDA:113,9,1,0
BRDA:114,10,0,0
BRDA:114,10,1,0
BRDA:172,11,0,0
BRDA:172,11,1,0
BRDA:213,12,0,0
BRDA:213,12,1,0
BRDA:239,13,0,0
BRDA:239,13,1,0
BRDA:266,14,0,0
BRDA:266,14,1,0
BRDA:295,15,0,0
BRDA:295,15,1,0
BRDA:337,16,0,0
BRDA:337,16,1,0
BRDA:337,17,0,0
BRDA:337,17,1,0
BRDA:337,17,2,0
BRDA:337,17,3,0
BRDA:349,18,0,0
BRDA:349,18,1,0
BRDA:361,19,0,0
BRDA:361,19,1,0
BRDA:405,20,0,0
BRDA:405,20,1,0
BRF:42
BRH:0
end_of_record
TN:
SF:src/controllers/BulkAssignmentController.ts
FN:9,(anonymous_4)
FN:20,(anonymous_5)
FN:44,(anonymous_6)
FN:76,(anonymous_7)
FN:86,(anonymous_8)
FN:116,(anonymous_9)
FN:135,(anonymous_10)
FNF:7
FNH:1
FNDA:48,(anonymous_4)
FNDA:0,(anonymous_5)
FNDA:0,(anonymous_6)
FNDA:0,(anonymous_7)
FNDA:0,(anonymous_8)
FNDA:0,(anonymous_9)
FNDA:0,(anonymous_10)
DA:2,48
DA:3,48
DA:4,48
DA:5,48
DA:8,48
DA:10,48
DA:11,48
DA:14,48
DA:21,0
DA:22,0
DA:24,0
DA:25,0
DA:26,0
DA:30,0
DA:31,0
DA:32,0
DA:35,0
DA:39,0
DA:41,0
DA:43,0
DA:45,0
DA:46,0
DA:52,0
DA:58,0
DA:64,0
DA:65,0
DA:77,0
DA:78,0
DA:80,0
DA:81,0
DA:82,0
DA:85,0
DA:87,0
DA:93,0
DA:99,0
DA:104,0
DA:105,0
DA:117,0
DA:118,0
DA:120,0
DA:121,0
DA:122,0
DA:125,0
DA:126,0
DA:127,0
DA:130,0
DA:134,0
DA:137,0
DA:139,0
DA:141,0
DA:154,0
DA:161,0
DA:166,0
DA:167,0
LF:54
LH:8
BRDA:24,0,0,0
BRDA:24,0,1,0
BRDA:24,1,0,0
BRDA:24,1,1,0
BRDA:31,2,0,0
BRDA:31,2,1,0
BRDA:31,3,0,0
BRDA:31,3,1,0
BRDA:41,4,0,0
BRDA:41,4,1,0
BRDA:67,5,0,0
BRDA:67,5,1,0
BRDA:80,6,0,0
BRDA:80,6,1,0
BRDA:80,7,0,0
BRDA:80,7,1,0
BRDA:107,8,0,0
BRDA:107,8,1,0
BRDA:120,9,0,0
BRDA:120,9,1,0
BRDA:120,10,0,0
BRDA:120,10,1,0
BRDA:125,11,0,0
BRDA:125,11,1,0
BRDA:130,12,0,0
BRDA:130,12,1,0
BRDA:143,13,0,0
BRDA:143,13,1,0
BRDA:144,14,0,0
BRDA:144,14,1,0
BRDA:145,15,0,0
BRDA:145,15,1,0
BRDA:146,16,0,0
BRDA:146,16,1,0
BRDA:147,17,0,0
BRDA:147,17,1,0
BRDA:169,18,0,0
BRDA:169,18,1,0
BRDA:10,19,0,48
BRDA:10,19,1,0
BRDA:10,20,0,48
BRDA:10,20,1,48
BRDA:10,21,0,48
BRDA:10,21,1,0
BRDA:10,22,0,48
BRDA:10,22,1,48
BRF:46
BRH:6
end_of_record
TN:
SF:src/controllers/BulkContestController.ts
FN:9,(anonymous_4)
FN:20,(anonymous_5)
FN:40,(anonymous_6)
FN:73,(anonymous_7)
FN:102,(anonymous_8)
FN:112,(anonymous_9)
FNF:6
FNH:1
FNDA:48,(anonymous_4)
FNDA:0,(anonymous_5)
FNDA:0,(anonymous_6)
FNDA:0,(anonymous_7)
FNDA:0,(anonymous_8)
FNDA:0,(anonymous_9)
DA:2,48
DA:3,48
DA:4,48
DA:5,48
DA:8,48
DA:10,48
DA:11,48
DA:14,48
DA:21,0
DA:22,0
DA:24,0
DA:25,0
DA:26,0
DA:29,0
DA:30,0
DA:31,0
DA:34,0
DA:39,0
DA:43,0
DA:49,0
DA:56,0
DA:61,0
DA:62,0
DA:74,0
DA:75,0
DA:77,0
DA:78,0
DA:79,0
DA:84,0
DA:88,0
DA:90,0
DA:91,0
DA:103,0
DA:104,0
DA:106,0
DA:107,0
DA:108,0
DA:111,0
DA:113,0
DA:119,0
DA:125,0
DA:130,0
DA:131,0
LF:43
LH:8
BRDA:24,0,0,0
BRDA:24,0,1,0
BRDA:24,1,0,0
BRDA:24,1,1,0
BRDA:30,2,0,0
BRDA:30,2,1,0
BRDA:64,3,0,0
BRDA:64,3,1,0
BRDA:77,4,0,0
BRDA:77,4,1,0
BRDA:77,5,0,0
BRDA:77,5,1,0
BRDA:93,6,0,0
BRDA:93,6,1,0
BRDA:106,7,0,0
BRDA:106,7,1,0
BRDA:106,8,0,0
BRDA:106,8,1,0
BRDA:133,9,0,0
BRDA:133,9,1,0
BRDA:10,10,0,48
BRDA:10,10,1,0
BRDA:10,11,0,48
BRDA:10,11,1,48
BRDA:10,12,0,48
BRDA:10,12,1,0
BRDA:10,13,0,48
BRDA:10,13,1,48
BRF:28
BRH:6
end_of_record
TN:
SF:src/controllers/BulkEventController.ts
FN:11,(anonymous_4)
FN:16,(anonymous_5)
FN:34,(anonymous_6)
FN:56,(anonymous_7)
FN:66,(anonymous_8)
FN:87,(anonymous_9)
FN:99,(anonymous_10)
FNF:7
FNH:1
FNDA:48,(anonymous_4)
FNDA:0,(anonymous_5)
FNDA:0,(anonymous_6)
FNDA:0,(anonymous_7)
FNDA:0,(anonymous_8)
FNDA:0,(anonymous_9)
FNDA:0,(anonymous_10)
DA:2,48
DA:3,48
DA:4,48
DA:5,48
DA:7,48
DA:10,48
DA:12,48
DA:13,48
DA:17,0
DA:18,0
DA:20,0
DA:21,0
DA:22,0
DA:25,0
DA:26,0
DA:27,0
DA:30,0
DA:33,0
DA:35,0
DA:36,0
DA:41,0
DA:43,0
DA:48,0
DA:49,0
DA:57,0
DA:58,0
DA:60,0
DA:61,0
DA:62,0
DA:65,0
DA:67,0
DA:72,0
DA:74,0
DA:79,0
DA:80,0
DA:88,0
DA:89,0
DA:91,0
DA:92,0
DA:93,0
DA:96,0
DA:98,0
DA:100,0
DA:101,0
DA:106,0
DA:111,0
DA:113,0
DA:119,0
DA:120,0
LF:49
LH:8
BRDA:20,0,0,0
BRDA:20,0,1,0
BRDA:20,1,0,0
BRDA:20,1,1,0
BRDA:26,2,0,0
BRDA:26,2,1,0
BRDA:51,3,0,0
BRDA:51,3,1,0
BRDA:60,4,0,0
BRDA:60,4,1,0
BRDA:60,5,0,0
BRDA:60,5,1,0
BRDA:82,6,0,0
BRDA:82,6,1,0
BRDA:91,7,0,0
BRDA:91,7,1,0
BRDA:91,8,0,0
BRDA:91,8,1,0
BRDA:122,9,0,0
BRDA:122,9,1,0
BRDA:12,10,0,48
BRDA:12,10,1,0
BRDA:12,11,0,48
BRDA:12,11,1,48
BRDA:12,12,0,48
BRDA:12,12,1,0
BRDA:12,13,0,48
BRDA:12,13,1,48
BRF:28
BRH:6
end_of_record
TN:
SF:src/controllers/BulkUserController.ts
FN:12,(anonymous_4)
FN:22,(anonymous_5)
FN:32,(anonymous_6)
FN:57,(anonymous_7)
FN:67,(anonymous_8)
FN:92,(anonymous_9)
FN:108,(anonymous_10)
FN:133,(anonymous_11)
FN:162,(anonymous_12)
FN:187,(anonymous_13)
FN:210,(anonymous_14)
FN:236,(anonymous_15)
FN:244,(anonymous_16)
FN:252,(anonymous_17)
FN:283,(anonymous_18)
FNF:15
FNH:1
FNDA:48,(anonymous_4)
FNDA:0,(anonymous_5)
FNDA:0,(anonymous_6)
FNDA:0,(anonymous_7)
FNDA:0,(anonymous_8)
FNDA:0,(anonymous_9)
FNDA:0,(anonymous_10)
FNDA:0,(anonymous_11)
FNDA:0,(anonymous_12)
FNDA:0,(anonymous_13)
FNDA:0,(anonymous_14)
FNDA:0,(anonymous_15)
FNDA:0,(anonymous_16)
FNDA:0,(anonymous_17)
FNDA:0,(anonymous_18)
DA:2,48
DA:3,48
DA:4,48
DA:5,48
DA:6,48
DA:8,48
DA:11,48
DA:13,48
DA:14,48
DA:15,48
DA:23,0
DA:24,0
DA:26,0
DA:27,0
DA:28,0
DA:31,0
DA:33,0
DA:38,0
DA:40,0
DA:45,0
DA:46,0
DA:58,0
DA:59,0
DA:61,0
DA:62,0
DA:63,0
DA:66,0
DA:68,0
DA:73,0
DA:75,0
DA:80,0
DA:81,0
DA:93,0
DA:94,0
DA:96,0
DA:97,0
DA:98,0
DA:102,0
DA:103,0
DA:104,0
DA:107,0
DA:109,0
DA:114,0
DA:116,0
DA:121,0
DA:122,0
DA:134,0
DA:135,0
DA:137,0
DA:138,0
DA:139,0
DA:142,0
DA:143,0
DA:144,0
DA:147,0
DA:148,0
DA:149,0
DA:152,0
DA:156,0
DA:157,0
DA:158,0
DA:161,0
DA:163,0
DA:168,0
DA:170,0
DA:175,0
DA:176,0
DA:188,0
DA:189,0
DA:190,0
DA:191,0
DA:195,0
DA:198,0
DA:200,0
DA:201,0
DA:205,0
DA:209,0
DA:211,0
DA:216,0
DA:218,0
DA:224,0
DA:225,0
DA:237,0
DA:238,0
DA:241,0
DA:244,0
DA:245,0
DA:246,0
DA:247,0
DA:251,0
DA:252,0
DA:265,0
DA:267,0
DA:268,0
DA:269,0
DA:271,0
DA:272,0
DA:284,0
DA:285,0
DA:287,0
DA:288,0
DA:289,0
DA:291,0
DA:292,0
LF:104
LH:10
BRDA:26,0,0,0
BRDA:26,0,1,0
BRDA:26,1,0,0
BRDA:26,1,1,0
BRDA:48,2,0,0
BRDA:48,2,1,0
BRDA:61,3,0,0
BRDA:61,3,1,0
BRDA:61,4,0,0
BRDA:61,4,1,0
BRDA:83,5,0,0
BRDA:83,5,1,0
BRDA:96,6,0,0
BRDA:96,6,1,0
BRDA:96,7,0,0
BRDA:96,7,1,0
BRDA:102,8,0,0
BRDA:102,8,1,0
BRDA:124,9,0,0
BRDA:124,9,1,0
BRDA:137,10,0,0
BRDA:137,10,1,0
BRDA:137,11,0,0
BRDA:137,11,1,0
BRDA:142,12,0,0
BRDA:142,12,1,0
BRDA:148,13,0,0
BRDA:148,13,1,0
BRDA:156,14,0,0
BRDA:156,14,1,0
BRDA:178,15,0,0
BRDA:178,15,1,0
BRDA:189,16,0,0
BRDA:189,16,1,0
BRDA:200,17,0,0
BRDA:200,17,1,0
BRDA:227,18,0,0
BRDA:227,18,1,0
BRDA:245,19,0,0
BRDA:245,19,1,0
BRDA:245,20,0,0
BRDA:245,20,1,0
BRDA:246,21,0,0
BRDA:246,21,1,0
BRDA:246,22,0,0
BRDA:246,22,1,0
BRDA:257,23,0,0
BRDA:257,23,1,0
BRDA:274,24,0,0
BRDA:274,24,1,0
BRDA:294,25,0,0
BRDA:294,25,1,0
BRDA:13,26,0,48
BRDA:13,26,1,0
BRDA:13,27,0,48
BRDA:13,27,1,48
BRDA:13,28,0,48
BRDA:13,28,1,0
BRDA:13,29,0,48
BRDA:13,29,1,48
BRDA:14,30,0,48
BRDA:14,30,1,0
BRDA:14,31,0,48
BRDA:14,31,1,48
BRF:64
BRH:9
end_of_record
TN:
SF:src/controllers/CustomFieldController.ts
FN:16,(anonymous_0)
FN:35,(anonymous_1)
FN:57,(anonymous_2)
FN:87,(anonymous_3)
FN:112,(anonymous_4)
FN:136,(anonymous_5)
FN:159,(anonymous_6)
FN:199,(anonymous_7)
FN:241,(anonymous_8)
FN:258,(anonymous_9)
FNF:10
FNH:0
FNDA:0,(anonymous_0)
FNDA:0,(anonymous_1)
FNDA:0,(anonymous_2)
FNDA:0,(anonymous_3)
FNDA:0,(anonymous_4)
FNDA:0,(anonymous_5)
FNDA:0,(anonymous_6)
FNDA:0,(anonymous_7)
FNDA:0,(anonymous_8)
FNDA:0,(anonymous_9)
DA:2,48
DA:3,48
DA:4,48
DA:5,48
DA:7,48
DA:8,48
DA:9,48
DA:11,48
DA:17,0
DA:18,0
DA:19,0
DA:21,0
DA:22,0
DA:24,0
DA:26,0
DA:27,0
DA:36,0
DA:37,0
DA:39,0
DA:41,0
DA:42,0
DA:43,0
DA:46,0
DA:48,0
DA:49,0
DA:58,0
DA:59,0
DA:62,0
DA:63,0
DA:64,0
DA:68,0
DA:69,0
DA:70,0
DA:71,0
DA:74,0
DA:76,0
DA:78,0
DA:79,0
DA:88,0
DA:89,0
DA:90,0
DA:93,0
DA:94,0
DA:95,0
DA:96,0
DA:99,0
DA:101,0
DA:103,0
DA:104,0
DA:113,0
DA:114,0
DA:117,0
DA:118,0
DA:119,0
DA:120,0
DA:123,0
DA:125,0
DA:127,0
DA:128,0
DA:137,0
DA:138,0
DA:139,0
DA:141,0
DA:142,0
DA:143,0
DA:146,0
DA:148,0
DA:150,0
DA:151,0
DA:160,0
DA:161,0
DA:163,0
DA:164,0
DA:165,0
DA:169,0
DA:170,0
DA:171,0
DA:172,0
DA:176,0
DA:177,0
DA:178,0
DA:179,0
DA:182,0
DA:188,0
DA:190,0
DA:191,0
DA:200,0
DA:201,0
DA:203,0
DA:204,0
DA:205,0
DA:209,0
DA:210,0
DA:211,0
DA:212,0
DA:213,0
DA:214,0
DA:217,0
DA:218,0
DA:219,0
DA:223,0
DA:224,0
DA:225,0
DA:228,0
DA:230,0
DA:232,0
DA:233,0
DA:242,0
DA:243,0
DA:245,0
DA:247,0
DA:249,0
DA:250,0
DA:259,0
DA:260,0
DA:262,0
DA:263,0
DA:264,0
DA:267,0
DA:269,0
DA:271,0
DA:272,0
DA:277,48
LF:123
LH:9
BRDA:21,0,0,0
BRDA:21,0,1,0
BRDA:27,1,0,0
BRDA:27,1,1,0
BRDA:41,2,0,0
BRDA:41,2,1,0
BRDA:49,3,0,0
BRDA:49,3,1,0
BRDA:62,4,0,0
BRDA:62,4,1,0
BRDA:62,5,0,0
BRDA:62,5,1,0
BRDA:62,5,2,0
BRDA:62,5,3,0
BRDA:69,6,0,0
BRDA:69,6,1,0
BRDA:79,7,0,0
BRDA:79,7,1,0
BRDA:94,8,0,0
BRDA:94,8,1,0
BRDA:104,9,0,0
BRDA:104,9,1,0
BRDA:118,10,0,0
BRDA:118,10,1,0
BRDA:128,11,0,0
BRDA:128,11,1,0
BRDA:141,12,0,0
BRDA:141,12,1,0
BRDA:151,13,0,0
BRDA:151,13,1,0
BRDA:163,14,0,0
BRDA:163,14,1,0
BRDA:163,15,0,0
BRDA:163,15,1,0
BRDA:170,16,0,0
BRDA:170,16,1,0
BRDA:177,17,0,0
BRDA:177,17,1,0
BRDA:178,18,0,0
BRDA:178,18,1,0
BRDA:191,19,0,0
BRDA:191,19,1,0
BRDA:203,20,0,0
BRDA:203,20,1,0
BRDA:203,21,0,0
BRDA:203,21,1,0
BRDA:212,22,0,0
BRDA:212,22,1,0
BRDA:218,23,0,0
BRDA:218,23,1,0
BRDA:219,24,0,0
BRDA:219,24,1,0
BRDA:223,25,0,0
BRDA:223,25,1,0
BRDA:233,26,0,0
BRDA:233,26,1,0
BRDA:250,27,0,0
BRDA:250,27,1,0
BRDA:262,28,0,0
BRDA:262,28,1,0
BRDA:262,29,0,0
BRDA:262,29,1,0
BRDA:262,29,2,0
BRDA:272,30,0,0
BRDA:272,30,1,0
BRF:65
BRH:0
end_of_record
TN:
SF:src/controllers/EmailTemplateController.ts
FN:16,(anonymous_0)
FN:33,(anonymous_1)
FN:55,(anonymous_2)
FN:73,(anonymous_3)
FN:103,(anonymous_4)
FN:127,(anonymous_5)
FN:150,(anonymous_6)
FN:173,(anonymous_7)
FN:191,(anonymous_8)
FNF:9
FNH:0
FNDA:0,(anonymous_0)
FNDA:0,(anonymous_1)
FNDA:0,(anonymous_2)
FNDA:0,(anonymous_3)
FNDA:0,(anonymous_4)
FNDA:0,(anonymous_5)
FNDA:0,(anonymous_6)
FNDA:0,(anonymous_7)
FNDA:0,(anonymous_8)
DA:2,48
DA:3,48
DA:4,48
DA:5,48
DA:7,48
DA:8,48
DA:9,48
DA:11,48
DA:17,0
DA:18,0
DA:20,0
DA:22,0
DA:24,0
DA:25,0
DA:34,0
DA:35,0
DA:37,0
DA:39,0
DA:40,0
DA:41,0
DA:44,0
DA:46,0
DA:47,0
DA:56,0
DA:57,0
DA:58,0
DA:60,0
DA:62,0
DA:64,0
DA:65,0
DA:74,0
DA:75,0
DA:76,0
DA:78,0
DA:79,0
DA:80,0
DA:83,0
DA:84,0
DA:85,0
DA:88,0
DA:90,0
DA:92,0
DA:94,0
DA:95,0
DA:104,0
DA:105,0
DA:106,0
DA:108,0
DA:109,0
DA:110,0
DA:111,0
DA:114,0
DA:116,0
DA:118,0
DA:119,0
DA:128,0
DA:129,0
DA:131,0
DA:132,0
DA:133,0
DA:134,0
DA:137,0
DA:139,0
DA:141,0
DA:142,0
DA:151,0
DA:152,0
DA:153,0
DA:155,0
DA:156,0
DA:157,0
DA:160,0
DA:162,0
DA:164,0
DA:165,0
DA:174,0
DA:175,0
DA:176,0
DA:178,0
DA:180,0
DA:182,0
DA:183,0
DA:192,0
DA:193,0
DA:195,0
DA:197,0
DA:199,0
DA:200,0
DA:205,48
LF:89
LH:9
BRDA:25,0,0,0
BRDA:25,0,1,0
BRDA:39,1,0,0
BRDA:39,1,1,0
BRDA:47,2,0,0
BRDA:47,2,1,0
BRDA:65,3,0,0
BRDA:65,3,1,0
BRDA:78,4,0,0
BRDA:78,4,1,0
BRDA:83,5,0,0
BRDA:83,5,1,0
BRDA:83,6,0,0
BRDA:83,6,1,0
BRDA:83,6,2,0
BRDA:95,7,0,0
BRDA:95,7,1,0
BRDA:109,8,0,0
BRDA:109,8,1,0
BRDA:119,9,0,0
BRDA:119,9,1,0
BRDA:132,10,0,0
BRDA:132,10,1,0
BRDA:142,11,0,0
BRDA:142,11,1,0
BRDA:155,12,0,0
BRDA:155,12,1,0
BRDA:165,13,0,0
BRDA:165,13,1,0
BRDA:183,14,0,0
BRDA:183,14,1,0
BRDA:200,15,0,0
BRDA:200,15,1,0
BRF:33
BRH:0
end_of_record
TN:
SF:src/controllers/adminController.ts
FN:11,(anonymous_0)
FN:16,(anonymous_1)
FN:25,(anonymous_2)
FN:34,(anonymous_3)
FN:43,(anonymous_4)
FN:52,(anonymous_5)
FN:62,(anonymous_6)
FN:79,(anonymous_7)
FN:89,(anonymous_8)
FN:98,(anonymous_9)
FN:108,(anonymous_10)
FN:137,(anonymous_11)
FN:191,(anonymous_12)
FN:238,(anonymous_13)
FN:284,(anonymous_14)
FN:336,(anonymous_15)
FN:398,(anonymous_16)
FN:408,(anonymous_17)
FN:418,(anonymous_18)
FN:428,(anonymous_19)
FN:440,(anonymous_20)
FN:440,(anonymous_21)
FN:457,(anonymous_22)
FN:466,(anonymous_23)
FN:489,(anonymous_24)
FN:525,(anonymous_25)
FN:582,(anonymous_26)
FN:584,(anonymous_27)
FN:586,(anonymous_28)
FN:587,(anonymous_29)
FNF:30
FNH:13
FNDA:48,(anonymous_0)
FNDA:0,(anonymous_1)
FNDA:0,(anonymous_2)
FNDA:0,(anonymous_3)
FNDA:1,(anonymous_4)
FNDA:0,(anonymous_5)
FNDA:0,(anonymous_6)
FNDA:0,(anonymous_7)
FNDA:1,(anonymous_8)
FNDA:1,(anonymous_9)
FNDA:1,(anonymous_10)
FNDA:2,(anonymous_11)
FNDA:1,(anonymous_12)
FNDA:1,(anonymous_13)
FNDA:1,(anonymous_14)
FNDA:1,(anonymous_15)
FNDA:0,(anonymous_16)
FNDA:1,(anonymous_17)
FNDA:0,(anonymous_18)
FNDA:0,(anonymous_19)
FNDA:0,(anonymous_20)
FNDA:0,(anonymous_21)
FNDA:0,(anonymous_22)
FNDA:1,(anonymous_23)
FNDA:1,(anonymous_24)
FNDA:0,(anonymous_25)
FNDA:0,(anonymous_26)
FNDA:0,(anonymous_27)
FNDA:0,(anonymous_28)
FNDA:0,(anonymous_29)
DA:2,48
DA:3,48
DA:4,48
DA:7,48
DA:12,48
DA:13,48
DA:16,48
DA:17,0
DA:18,0
DA:19,0
DA:21,0
DA:25,48
DA:26,0
DA:27,0
DA:28,0
DA:30,0
DA:34,48
DA:35,0
DA:36,0
DA:37,0
DA:39,0
DA:43,48
DA:44,1
DA:45,1
DA:46,1
DA:48,0
DA:52,48
DA:53,0
DA:54,0
DA:55,0
DA:56,0
DA:58,0
DA:62,48
DA:63,0
DA:64,0
DA:65,0
DA:66,0
DA:73,0
DA:75,0
DA:79,48
DA:80,0
DA:81,0
DA:82,0
DA:83,0
DA:85,0
DA:89,48
DA:90,1
DA:91,1
DA:92,1
DA:94,0
DA:98,48
DA:99,1
DA:100,1
DA:101,1
DA:102,1
DA:104,0
DA:108,48
DA:109,1
DA:110,1
DA:111,1
DA:113,1
DA:131,1
DA:133,0
DA:137,48
DA:138,2
DA:139,2
DA:140,2
DA:141,2
DA:142,2
DA:144,2
DA:146,2
DA:147,2
DA:148,0
DA:150,2
DA:151,0
DA:157,2
DA:176,2
DA:187,0
DA:191,48
DA:192,1
DA:193,1
DA:194,1
DA:195,1
DA:197,1
DA:199,1
DA:200,1
DA:201,0
DA:204,1
DA:223,1
DA:234,0
DA:238,48
DA:239,1
DA:240,1
DA:241,1
DA:242,1
DA:244,1
DA:246,1
DA:247,1
DA:248,0
DA:251,1
DA:269,1
DA:280,0
DA:284,48
DA:285,1
DA:286,1
DA:287,1
DA:288,1
DA:290,1
DA:292,1
DA:293,1
DA:294,0
DA:297,1
DA:321,1
DA:332,0
DA:336,48
DA:337,1
DA:338,1
DA:339,1
DA:340,1
DA:341,1
DA:343,1
DA:345,1
DA:346,1
DA:347,0
DA:349,1
DA:350,0
DA:353,1
DA:383,1
DA:394,0
DA:398,48
DA:399,0
DA:400,0
DA:401,0
DA:402,0
DA:404,0
DA:408,48
DA:409,1
DA:410,1
DA:411,1
DA:412,1
DA:414,0
DA:418,48
DA:419,0
DA:420,0
DA:421,0
DA:423,0
DA:425,0
DA:427,0
DA:428,0
DA:438,0
DA:440,0
DA:443,0
DA:444,0
DA:445,0
DA:449,0
DA:450,0
DA:451,0
DA:453,0
DA:457,48
DA:458,0
DA:459,0
DA:460,0
DA:462,0
DA:466,48
DA:467,1
DA:469,1
DA:477,1
DA:479,1
DA:485,0
DA:489,48
DA:490,1
DA:491,1
DA:494,1
DA:498,0
DA:499,0
DA:506,0
DA:515,0
DA:521,1
DA:525,48
DA:526,0
DA:527,0
DA:528,0
DA:530,0
DA:534,0
DA:535,0
DA:538,0
DA:580,0
DA:582,0
DA:584,0
DA:586,0
DA:587,0
DA:590,0
DA:595,0
DA:600,48
DA:601,48
DA:602,48
DA:603,48
DA:604,48
DA:605,48
DA:606,48
DA:607,48
DA:608,48
DA:609,48
DA:610,48
DA:611,48
DA:612,48
DA:613,48
DA:614,48
DA:615,48
DA:616,48
DA:617,48
DA:618,48
DA:619,48
DA:620,48
DA:621,48
DA:622,48
LF:216
LH:127
BRDA:65,0,0,0
BRDA:65,1,0,0
BRDA:65,2,0,0
BRDA:81,3,0,0
BRDA:100,4,0,1
BRDA:100,4,1,1
BRDA:110,5,0,1
BRDA:110,5,1,1
BRDA:139,6,0,2
BRDA:139,6,1,1
BRDA:140,7,0,2
BRDA:140,7,1,1
BRDA:147,8,0,0
BRDA:147,8,1,2
BRDA:150,9,0,0
BRDA:150,9,1,2
BRDA:193,10,0,1
BRDA:193,10,1,1
BRDA:194,11,0,1
BRDA:194,11,1,1
BRDA:200,12,0,0
BRDA:200,12,1,1
BRDA:240,13,0,1
BRDA:240,13,1,1
BRDA:241,14,0,1
BRDA:241,14,1,1
BRDA:247,15,0,0
BRDA:247,15,1,1
BRDA:286,16,0,1
BRDA:286,16,1,1
BRDA:287,17,0,1
BRDA:287,17,1,1
BRDA:293,18,0,0
BRDA:293,18,1,1
BRDA:338,19,0,1
BRDA:338,19,1,1
BRDA:339,20,0,1
BRDA:339,20,1,1
BRDA:346,21,0,0
BRDA:346,21,1,1
BRDA:349,22,0,0
BRDA:349,22,1,1
BRDA:400,23,0,0
BRDA:400,23,1,0
BRDA:410,24,0,1
BRDA:410,24,1,1
BRDA:420,25,0,0
BRDA:420,25,1,0
BRDA:421,26,0,0
BRDA:421,26,1,0
BRDA:425,27,0,0
BRDA:425,27,1,0
BRDA:430,28,0,0
BRDA:430,28,1,0
BRDA:433,29,0,0
BRDA:433,29,1,0
BRDA:434,30,0,0
BRDA:434,30,1,0
BRDA:498,31,0,0
BRDA:498,31,1,0
BRDA:534,32,0,0
BRDA:534,32,1,0
BRDA:583,33,0,0
BRDA:583,33,1,0
BRDA:584,34,0,0
BRDA:584,34,1,0
BRDA:586,35,0,0
BRDA:586,35,1,0
BRDA:586,36,0,0
BRDA:586,36,1,0
BRDA:587,37,0,0
BRDA:587,37,1,0
BRDA:587,38,0,0
BRDA:587,38,1,0
BRF:74
BRH:33
end_of_record
TN:
SF:src/controllers/advancedReportingController.ts
FN:11,(anonymous_0)
FN:16,(anonymous_1)
FN:30,(anonymous_2)
FN:40,(anonymous_3)
FN:121,(anonymous_4)
FN:124,(anonymous_5)
FN:139,(anonymous_6)
FN:198,(anonymous_7)
FN:199,(anonymous_8)
FN:199,(anonymous_9)
FN:201,(anonymous_10)
FN:207,(anonymous_11)
FN:253,(anonymous_12)
FN:341,(anonymous_13)
FN:345,(anonymous_14)
FN:364,(anonymous_15)
FN:405,(anonymous_16)
FN:428,(anonymous_17)
FN:451,(anonymous_18)
FN:455,(anonymous_19)
FN:456,(anonymous_20)
FN:494,(anonymous_21)
FN:495,(anonymous_22)
FNF:23
FNH:2
FNDA:48,(anonymous_0)
FNDA:0,(anonymous_1)
FNDA:0,(anonymous_2)
FNDA:1,(anonymous_3)
FNDA:0,(anonymous_4)
FNDA:0,(anonymous_5)
FNDA:0,(anonymous_6)
FNDA:0,(anonymous_7)
FNDA:0,(anonymous_8)
FNDA:0,(anonymous_9)
FNDA:0,(anonymous_10)
FNDA:0,(anonymous_11)
FNDA:0,(anonymous_12)
FNDA:0,(anonymous_13)
FNDA:0,(anonymous_14)
FNDA:0,(anonymous_15)
FNDA:0,(anonymous_16)
FNDA:0,(anonymous_17)
FNDA:0,(anonymous_18)
FNDA:0,(anonymous_19)
FNDA:0,(anonymous_20)
FNDA:0,(anonymous_21)
FNDA:0,(anonymous_22)
DA:2,48
DA:3,48
DA:4,48
DA:7,48
DA:12,48
DA:13,48
DA:16,48
DA:17,0
DA:18,0
DA:19,0
DA:24,0
DA:26,0
DA:30,48
DA:31,0
DA:32,0
DA:33,0
DA:34,0
DA:36,0
DA:40,48
DA:41,1
DA:42,1
DA:44,1
DA:45,1
DA:49,0
DA:68,0
DA:69,0
DA:73,0
DA:104,0
DA:121,0
DA:124,0
DA:133,0
DA:135,0
DA:139,48
DA:140,0
DA:141,0
DA:142,0
DA:143,0
DA:145,0
DA:146,0
DA:150,0
DA:154,0
DA:155,0
DA:159,0
DA:160,0
DA:161,0
DA:165,0
DA:166,0
DA:172,0
DA:197,0
DA:198,0
DA:199,0
DA:200,0
DA:201,0
DA:203,0
DA:204,0
DA:207,0
DA:208,0
DA:209,0
DA:210,0
DA:219,0
DA:220,0
DA:221,0
DA:222,0
DA:225,0
DA:247,0
DA:249,0
DA:253,48
DA:254,0
DA:255,0
DA:256,0
DA:270,0
DA:300,0
DA:315,0
DA:321,0
DA:325,0
DA:341,0
DA:345,0
DA:358,0
DA:360,0
DA:364,48
DA:365,0
DA:366,0
DA:368,0
DA:369,0
DA:373,0
DA:388,0
DA:389,0
DA:393,0
DA:404,0
DA:407,0
DA:428,0
DA:429,0
DA:430,0
DA:431,0
DA:440,0
DA:445,0
DA:446,0
DA:450,0
DA:452,0
DA:453,0
DA:455,0
DA:457,0
DA:458,0
DA:462,0
DA:475,0
DA:485,0
DA:494,0
DA:495,0
DA:500,0
DA:502,0
DA:507,48
DA:508,48
DA:509,48
DA:510,48
DA:511,48
DA:512,48
DA:513,48
LF:117
LH:23
BRDA:44,0,0,1
BRDA:44,0,1,0
BRDA:68,1,0,0
BRDA:68,1,1,0
BRDA:145,2,0,0
BRDA:145,2,1,0
BRDA:154,3,0,0
BRDA:154,3,1,0
BRDA:160,4,0,0
BRDA:160,4,1,0
BRDA:165,5,0,0
BRDA:165,5,1,0
BRDA:200,6,0,0
BRDA:200,6,1,0
BRDA:203,7,0,0
BRDA:203,7,1,0
BRDA:204,8,0,0
BRDA:204,8,1,0
BRDA:209,9,0,0
BRDA:209,9,1,0
BRDA:234,10,0,0
BRDA:234,10,1,0
BRDA:255,11,0,0
BRDA:255,11,1,0
BRDA:335,12,0,0
BRDA:335,12,1,0
BRDA:343,13,0,0
BRDA:343,13,1,0
BRDA:347,14,0,0
BRDA:347,14,1,0
BRDA:350,15,0,0
BRDA:350,15,1,0
BRDA:351,16,0,0
BRDA:351,16,1,0
BRDA:352,17,0,0
BRDA:352,17,1,0
BRDA:368,18,0,0
BRDA:368,18,1,0
BRDA:388,19,0,0
BRDA:388,19,1,0
BRDA:430,20,0,0
BRDA:430,20,1,0
BRDA:442,21,0,0
BRDA:442,21,1,0
BRDA:445,22,0,0
BRDA:445,22,1,0
BRDA:452,23,0,0
BRDA:452,23,1,0
BRF:48
BRH:1
end_of_record
TN:
SF:src/controllers/archiveController.ts
FN:13,(anonymous_0)
FN:20,(anonymous_1)
FN:34,(anonymous_2)
FN:48,(anonymous_3)
FN:62,(anonymous_4)
FN:85,(anonymous_5)
FN:106,(anonymous_6)
FN:127,(anonymous_7)
FN:150,(anonymous_8)
FNF:9
FNH:1
FNDA:48,(anonymous_0)
FNDA:0,(anonymous_1)
FNDA:0,(anonymous_2)
FNDA:0,(anonymous_3)
FNDA:0,(anonymous_4)
FNDA:0,(anonymous_5)
FNDA:0,(anonymous_6)
FNDA:0,(anonymous_7)
FNDA:0,(anonymous_8)
DA:2,48
DA:3,48
DA:4,48
DA:10,48
DA:14,48
DA:20,48
DA:21,0
DA:22,0
DA:23,0
DA:24,0
DA:26,0
DA:27,0
DA:34,48
DA:35,0
DA:36,0
DA:37,0
DA:38,0
DA:40,0
DA:41,0
DA:48,48
DA:49,0
DA:50,0
DA:51,0
DA:52,0
DA:54,0
DA:55,0
DA:62,48
DA:63,0
DA:64,0
DA:65,0
DA:66,0
DA:67,0
DA:69,0
DA:70,0
DA:71,0
DA:74,0
DA:75,0
DA:77,0
DA:78,0
DA:85,48
DA:86,0
DA:87,0
DA:88,0
DA:90,0
DA:91,0
DA:92,0
DA:95,0
DA:96,0
DA:98,0
DA:99,0
DA:106,48
DA:107,0
DA:108,0
DA:109,0
DA:111,0
DA:112,0
DA:113,0
DA:116,0
DA:117,0
DA:119,0
DA:120,0
DA:127,48
DA:128,0
DA:129,0
DA:130,0
DA:131,0
DA:132,0
DA:134,0
DA:135,0
DA:136,0
DA:139,0
DA:140,0
DA:142,0
DA:143,0
DA:150,48
DA:151,0
DA:152,0
DA:153,0
DA:155,0
DA:156,0
DA:157,0
DA:160,0
DA:161,0
DA:163,0
DA:164,0
DA:170,48
DA:171,48
DA:172,48
DA:173,48
DA:174,48
DA:175,48
DA:176,48
DA:177,48
DA:178,48
LF:94
LH:22
BRDA:69,0,0,0
BRDA:69,0,1,0
BRDA:90,1,0,0
BRDA:90,1,1,0
BRDA:111,2,0,0
BRDA:111,2,1,0
BRDA:134,3,0,0
BRDA:134,3,1,0
BRDA:134,4,0,0
BRDA:134,4,1,0
BRDA:155,5,0,0
BRDA:155,5,1,0
BRF:12
BRH:0
end_of_record
TN:
SF:src/controllers/assignmentsController.ts
FN:16,(anonymous_0)
FN:24,(anonymous_1)
FN:48,(anonymous_2)
FN:66,(anonymous_3)
FN:84,(anonymous_4)
FN:102,(anonymous_5)
FN:120,(anonymous_6)
FN:138,(anonymous_7)
FN:156,(anonymous_8)
FN:185,(anonymous_9)
FN:204,(anonymous_10)
FN:213,(anonymous_11)
FN:222,(anonymous_12)
FN:231,(anonymous_13)
FN:240,(anonymous_14)
FN:249,(anonymous_15)
FN:258,(anonymous_16)
FN:272,(anonymous_17)
FN:323,(anonymous_18)
FN:333,(anonymous_19)
FN:343,(anonymous_20)
FNF:21
FNH:6
FNDA:48,(anonymous_0)
FNDA:1,(anonymous_1)
FNDA:0,(anonymous_2)
FNDA:0,(anonymous_3)
FNDA:0,(anonymous_4)
FNDA:0,(anonymous_5)
FNDA:0,(anonymous_6)
FNDA:0,(anonymous_7)
FNDA:0,(anonymous_8)
FNDA:0,(anonymous_9)
FNDA:0,(anonymous_10)
FNDA:1,(anonymous_11)
FNDA:1,(anonymous_12)
FNDA:0,(anonymous_13)
FNDA:0,(anonymous_14)
FNDA:0,(anonymous_15)
FNDA:1,(anonymous_16)
FNDA:0,(anonymous_17)
FNDA:0,(anonymous_18)
FNDA:1,(anonymous_19)
FNDA:0,(anonymous_20)
DA:2,48
DA:3,48
DA:4,48
DA:5,48
DA:12,48
DA:17,48
DA:18,48
DA:24,48
DA:29,1
DA:30,1
DA:38,1
DA:39,1
DA:41,0
DA:48,48
DA:53,0
DA:54,0
DA:55,0
DA:57,0
DA:59,0
DA:66,48
DA:71,0
DA:72,0
DA:73,0
DA:75,0
DA:77,0
DA:84,48
DA:89,0
DA:90,0
DA:91,0
DA:93,0
DA:95,0
DA:102,48
DA:107,0
DA:108,0
DA:109,0
DA:111,0
DA:113,0
DA:120,48
DA:125,0
DA:126,0
DA:127,0
DA:129,0
DA:131,0
DA:138,48
DA:143,0
DA:144,0
DA:145,0
DA:147,0
DA:149,0
DA:156,48
DA:161,0
DA:162,0
DA:163,0
DA:164,0
DA:166,0
DA:172,0
DA:178,0
DA:185,48
DA:190,0
DA:191,0
DA:192,0
DA:194,0
DA:200,0
DA:204,48
DA:205,0
DA:207,0
DA:209,0
DA:213,48
DA:214,1
DA:215,1
DA:216,1
DA:218,0
DA:222,48
DA:223,1
DA:224,1
DA:225,1
DA:227,0
DA:231,48
DA:232,0
DA:234,0
DA:236,0
DA:240,48
DA:241,0
DA:243,0
DA:245,0
DA:249,48
DA:250,0
DA:251,0
DA:252,0
DA:254,0
DA:258,48
DA:259,1
DA:260,1
DA:261,1
DA:263,1
DA:264,0
DA:265,0
DA:269,1
DA:270,0
DA:271,0
DA:272,0
DA:274,0
DA:275,0
DA:278,0
DA:279,0
DA:281,0
DA:282,0
DA:283,0
DA:284,0
DA:287,0
DA:288,0
DA:293,0
DA:294,0
DA:297,0
DA:298,0
DA:302,1
DA:303,0
DA:304,0
DA:307,1
DA:308,1
DA:309,1
DA:310,1
DA:312,0
DA:319,0
DA:323,48
DA:324,0
DA:325,0
DA:326,0
DA:327,0
DA:329,0
DA:333,48
DA:334,1
DA:335,1
DA:336,1
DA:337,1
DA:339,0
DA:343,48
DA:344,0
DA:345,0
DA:349,0
DA:350,0
DA:352,0
DA:358,48
DA:360,48
DA:361,48
DA:362,48
DA:363,48
DA:364,48
DA:365,48
DA:366,48
DA:367,48
DA:368,48
DA:369,48
DA:370,48
DA:371,48
DA:372,48
DA:373,48
DA:374,48
DA:375,48
DA:376,48
DA:377,48
DA:378,48
LF:162
LH:70
BRDA:54,0,0,0
BRDA:54,0,1,0
BRDA:164,1,0,0
BRDA:164,1,1,0
BRDA:263,2,0,0
BRDA:263,2,1,1
BRDA:269,3,0,0
BRDA:269,3,1,1
BRDA:269,4,0,1
BRDA:269,4,1,0
BRDA:274,5,0,0
BRDA:274,5,1,0
BRDA:287,6,0,0
BRDA:287,6,1,0
BRDA:293,7,0,0
BRDA:293,7,1,0
BRDA:293,8,0,0
BRDA:293,8,1,0
BRDA:302,9,0,0
BRDA:302,9,1,1
BRF:20
BRH:4
end_of_record
TN:
SF:src/controllers/auditorCertificationController.ts
FN:9,(anonymous_0)
FN:13,(anonymous_1)
FN:23,(anonymous_2)
FNF:3
FNH:1
FNDA:48,(anonymous_0)
FNDA:0,(anonymous_1)
FNDA:0,(anonymous_2)
DA:2,48
DA:3,48
DA:4,48
DA:6,48
DA:10,48
DA:13,48
DA:14,0
DA:15,0
DA:16,0
DA:17,0
DA:19,0
DA:23,48
DA:24,0
DA:25,0
DA:26,0
DA:27,0
DA:33,0
DA:35,0
DA:40,48
DA:41,48
DA:42,48
LF:21
LH:10
BRF:0
BRH:0
end_of_record
TN:
SF:src/controllers/auditorController.ts
FN:13,(anonymous_0)
FN:20,(anonymous_1)
FN:34,(anonymous_2)
FN:51,(anonymous_3)
FN:68,(anonymous_4)
FN:90,(anonymous_5)
FN:113,(anonymous_6)
FN:132,(anonymous_7)
FN:160,(anonymous_8)
FN:179,(anonymous_9)
FN:198,(anonymous_10)
FN:225,(anonymous_11)
FNF:12
FNH:1
FNDA:48,(anonymous_0)
FNDA:0,(anonymous_1)
FNDA:0,(anonymous_2)
FNDA:0,(anonymous_3)
FNDA:0,(anonymous_4)
FNDA:0,(anonymous_5)
FNDA:0,(anonymous_6)
FNDA:0,(anonymous_7)
FNDA:0,(anonymous_8)
FNDA:0,(anonymous_9)
FNDA:0,(anonymous_10)
FNDA:0,(anonymous_11)
DA:2,48
DA:3,48
DA:4,48
DA:10,48
DA:14,48
DA:20,48
DA:21,0
DA:22,0
DA:23,0
DA:24,0
DA:26,0
DA:27,0
DA:34,48
DA:35,0
DA:36,0
DA:37,0
DA:38,0
DA:40,0
DA:41,0
DA:43,0
DA:44,0
DA:51,48
DA:52,0
DA:53,0
DA:54,0
DA:55,0
DA:57,0
DA:58,0
DA:60,0
DA:61,0
DA:68,48
DA:69,0
DA:70,0
DA:71,0
DA:72,0
DA:74,0
DA:75,0
DA:76,0
DA:79,0
DA:80,0
DA:82,0
DA:83,0
DA:90,48
DA:91,0
DA:92,0
DA:93,0
DA:94,0
DA:95,0
DA:97,0
DA:98,0
DA:99,0
DA:102,0
DA:103,0
DA:105,0
DA:106,0
DA:113,48
DA:114,0
DA:115,0
DA:116,0
DA:117,0
DA:118,0
DA:119,0
DA:121,0
DA:122,0
DA:124,0
DA:125,0
DA:132,48
DA:133,0
DA:134,0
DA:135,0
DA:136,0
DA:137,0
DA:139,0
DA:140,0
DA:141,0
DA:144,0
DA:150,0
DA:152,0
DA:153,0
DA:160,48
DA:161,0
DA:162,0
DA:163,0
DA:164,0
DA:165,0
DA:166,0
DA:168,0
DA:169,0
DA:171,0
DA:172,0
DA:179,48
DA:180,0
DA:181,0
DA:182,0
DA:183,0
DA:184,0
DA:185,0
DA:187,0
DA:188,0
DA:190,0
DA:191,0
DA:198,48
DA:199,0
DA:200,0
DA:201,0
DA:202,0
DA:204,0
DA:205,0
DA:206,0
DA:209,0
DA:215,0
DA:217,0
DA:218,0
DA:225,48
DA:226,0
DA:227,0
DA:228,0
DA:229,0
DA:230,0
DA:232,0
DA:233,0
DA:235,0
DA:236,0
DA:242,48
DA:243,48
DA:244,48
DA:245,48
DA:246,48
DA:247,48
DA:248,48
DA:249,48
DA:250,48
DA:251,48
DA:252,48
DA:253,48
LF:135
LH:28
BRDA:37,0,0,0
BRDA:37,0,1,0
BRDA:38,1,0,0
BRDA:38,1,1,0
BRDA:54,2,0,0
BRDA:54,2,1,0
BRDA:55,3,0,0
BRDA:55,3,1,0
BRDA:74,4,0,0
BRDA:74,4,1,0
BRDA:74,5,0,0
BRDA:74,5,1,0
BRDA:97,6,0,0
BRDA:97,6,1,0
BRDA:97,7,0,0
BRDA:97,7,1,0
BRDA:117,8,0,0
BRDA:117,8,1,0
BRDA:139,9,0,0
BRDA:139,9,1,0
BRDA:139,10,0,0
BRDA:139,10,1,0
BRDA:164,11,0,0
BRDA:164,11,1,0
BRDA:183,12,0,0
BRDA:183,12,1,0
BRDA:201,13,0,0
BRDA:204,14,0,0
BRDA:204,14,1,0
BRDA:212,15,0,0
BRDA:212,15,1,0
BRDA:229,16,0,0
BRDA:229,16,1,0
BRDA:230,17,0,0
BRDA:230,17,1,0
BRF:35
BRH:0
end_of_record
TN:
SF:src/controllers/authController.ts
FN:16,(anonymous_0)
FN:23,(anonymous_1)
FN:91,(anonymous_2)
FN:126,(anonymous_3)
FN:161,(anonymous_4)
FN:202,(anonymous_5)
FN:233,(anonymous_6)
FN:272,(anonymous_7)
FNF:8
FNH:7
FNDA:48,(anonymous_0)
FNDA:60,(anonymous_1)
FNDA:1,(anonymous_2)
FNDA:2,(anonymous_3)
FNDA:4,(anonymous_4)
FNDA:3,(anonymous_5)
FNDA:0,(anonymous_6)
FNDA:3,(anonymous_7)
DA:8,48
DA:9,48
DA:10,48
DA:11,48
DA:13,48
DA:17,48
DA:23,48
DA:24,60
DA:26,60
DA:27,60
DA:29,60
DA:31,60
DA:32,3
DA:33,3
DA:36,57
DA:37,57
DA:39,57
DA:45,53
DA:51,53
DA:53,4
DA:66,4
DA:76,4
DA:77,3
DA:80,1
DA:81,1
DA:84,0
DA:91,48
DA:92,1
DA:94,1
DA:95,1
DA:97,1
DA:98,0
DA:101,1
DA:103,1
DA:105,1
DA:107,1
DA:109,0
DA:115,0
DA:116,0
DA:119,0
DA:126,48
DA:127,2
DA:129,2
DA:130,2
DA:132,2
DA:133,0
DA:136,2
DA:138,2
DA:140,2
DA:142,2
DA:144,0
DA:150,0
DA:151,0
DA:154,0
DA:161,48
DA:162,4
DA:164,4
DA:165,4
DA:167,4
DA:168,1
DA:171,3
DA:173,3
DA:177,1
DA:179,1
DA:185,2
DA:191,2
DA:202,48
DA:203,3
DA:205,3
DA:206,3
DA:208,3
DA:209,3
DA:212,0
DA:214,0
DA:216,0
DA:218,0
DA:220,0
DA:222,0
DA:223,0
DA:226,0
DA:233,48
DA:234,0
DA:236,0
DA:237,0
DA:238,0
DA:240,0
DA:241,0
DA:244,0
DA:245,0
DA:248,0
DA:250,0
DA:252,0
DA:254,0
DA:256,0
DA:261,0
DA:262,0
DA:265,0
DA:272,48
DA:273,3
DA:275,3
DA:276,3
DA:278,3
DA:279,0
DA:282,0
DA:283,0
DA:285,0
DA:286,0
DA:301,0
DA:304,0
DA:307,3
DA:309,0
DA:310,0
DA:316,48
DA:317,48
DA:318,48
DA:319,48
DA:320,48
DA:321,48
DA:322,48
DA:323,48
DA:326,48
DA:327,48
DA:329,48
LF:123
LH:79
BRDA:31,0,0,3
BRDA:31,0,1,57
BRDA:31,1,0,60
BRDA:31,1,1,58
BRDA:36,2,0,57
BRDA:36,2,1,0
BRDA:60,3,0,4
BRDA:60,3,1,0
BRDA:61,4,0,0
BRDA:61,4,1,4
BRDA:62,5,0,0
BRDA:62,5,1,4
BRDA:76,6,0,3
BRDA:76,6,1,1
BRDA:80,7,0,1
BRDA:80,7,1,0
BRDA:97,8,0,0
BRDA:97,8,1,1
BRDA:115,9,0,0
BRDA:115,9,1,0
BRDA:132,10,0,0
BRDA:132,10,1,2
BRDA:150,11,0,0
BRDA:150,11,1,0
BRDA:167,12,0,1
BRDA:167,12,1,3
BRDA:208,13,0,3
BRDA:208,13,1,0
BRDA:208,14,0,3
BRDA:208,14,1,2
BRDA:222,15,0,0
BRDA:222,15,1,0
BRDA:240,16,0,0
BRDA:240,16,1,0
BRDA:244,17,0,0
BRDA:244,17,1,0
BRDA:244,18,0,0
BRDA:244,18,1,0
BRDA:261,19,0,0
BRDA:261,19,1,0
BRDA:278,20,0,0
BRDA:278,20,1,3
BRDA:289,21,0,0
BRDA:289,21,1,0
BRDA:290,22,0,0
BRDA:290,22,1,0
BRDA:293,23,0,0
BRDA:293,23,1,0
BRDA:294,24,0,0
BRDA:294,24,1,0
BRF:50
BRH:19
end_of_record
TN:
SF:src/controllers/backupController.ts
FN:17,(anonymous_1)
FN:21,(anonymous_2)
FN:28,(anonymous_3)
FN:85,(anonymous_4)
FN:126,(anonymous_5)
FN:133,(anonymous_6)
FN:148,(anonymous_7)
FN:174,(anonymous_8)
FN:191,(anonymous_9)
FN:210,(anonymous_10)
FN:237,(anonymous_11)
FN:247,(anonymous_12)
FN:279,(anonymous_13)
FN:293,(anonymous_14)
FN:309,(anonymous_15)
FN:322,(anonymous_16)
FN:341,(anonymous_17)
FN:354,(anonymous_18)
FNF:18
FNH:0
FNDA:0,(anonymous_1)
FNDA:0,(anonymous_2)
FNDA:0,(anonymous_3)
FNDA:0,(anonymous_4)
FNDA:0,(anonymous_5)
FNDA:0,(anonymous_6)
FNDA:0,(anonymous_7)
FNDA:0,(anonymous_8)
FNDA:0,(anonymous_9)
FNDA:0,(anonymous_10)
FNDA:0,(anonymous_11)
FNDA:0,(anonymous_12)
FNDA:0,(anonymous_13)
FNDA:0,(anonymous_14)
FNDA:0,(anonymous_15)
FNDA:0,(anonymous_16)
FNDA:0,(anonymous_17)
FNDA:0,(anonymous_18)
DA:7,48
DA:8,48
DA:9,48
DA:10,48
DA:11,48
DA:12,48
DA:13,48
DA:14,48
DA:17,48
DA:18,0
DA:21,48
DA:22,0
DA:28,48
DA:29,0
DA:30,0
DA:31,0
DA:33,0
DA:34,0
DA:35,0
DA:38,0
DA:39,0
DA:43,0
DA:56,0
DA:57,0
DA:58,0
DA:59,0
DA:60,0
DA:61,0
DA:65,0
DA:67,0
DA:68,0
DA:70,0
DA:71,0
DA:73,0
DA:74,0
DA:76,0
DA:80,0
DA:81,0
DA:85,0
DA:86,0
DA:87,0
DA:91,0
DA:92,0
DA:95,0
DA:96,0
DA:97,0
DA:98,0
DA:109,0
DA:119,0
DA:126,48
DA:127,0
DA:128,0
DA:133,0
DA:139,0
DA:141,0
DA:148,48
DA:149,0
DA:150,0
DA:151,0
DA:155,0
DA:156,0
DA:157,0
DA:160,0
DA:161,0
DA:162,0
DA:165,0
DA:167,0
DA:174,48
DA:175,0
DA:176,0
DA:177,0
DA:178,0
DA:179,0
DA:182,0
DA:183,0
DA:184,0
DA:185,0
DA:186,0
DA:187,0
DA:189,0
DA:191,0
DA:192,0
DA:193,0
DA:194,0
DA:198,0
DA:200,0
DA:203,0
DA:210,48
DA:211,0
DA:212,0
DA:213,0
DA:215,0
DA:216,0
DA:217,0
DA:220,0
DA:223,0
DA:228,0
DA:230,0
DA:237,48
DA:238,0
DA:239,0
DA:242,0
DA:247,0
DA:259,0
DA:265,0
DA:266,0
DA:270,0
DA:272,0
DA:279,48
DA:280,0
DA:281,0
DA:282,0
DA:284,0
DA:286,0
DA:293,48
DA:294,0
DA:295,0
DA:296,0
DA:297,0
DA:298,0
DA:299,0
DA:300,0
DA:302,0
DA:309,48
DA:310,0
DA:311,0
DA:313,0
DA:315,0
DA:322,48
DA:323,0
DA:324,0
DA:325,0
DA:326,0
DA:328,0
DA:329,0
DA:331,0
DA:334,0
DA:341,48
DA:342,0
DA:343,0
DA:344,0
DA:345,0
DA:347,0
DA:354,48
DA:355,0
DA:356,0
DA:357,0
DA:358,0
DA:359,0
DA:361,0
DA:367,0
LF:151
LH:22
BRDA:30,0,0,0
BRDA:38,1,0,0
BRDA:38,1,1,0
BRDA:56,2,0,0
BRDA:56,2,1,0
BRDA:58,3,0,0
BRDA:58,3,1,0
BRDA:61,4,0,0
BRDA:61,4,1,0
BRDA:65,5,0,0
BRDA:65,5,1,0
BRDA:65,5,2,0
BRDA:65,5,3,0
BRDA:86,6,0,0
BRDA:86,6,1,0
BRDA:136,7,0,0
BRDA:136,7,1,0
BRDA:155,8,0,0
BRDA:155,8,1,0
BRDA:160,9,0,0
BRDA:160,9,1,0
BRDA:177,10,0,0
BRDA:177,10,1,0
BRDA:182,11,0,0
BRDA:182,11,1,0
BRDA:184,12,0,0
BRDA:184,12,1,0
BRDA:187,13,0,0
BRDA:187,13,1,0
BRDA:192,14,0,0
BRDA:192,14,1,0
BRDA:215,15,0,0
BRDA:215,15,1,0
BRDA:252,16,0,0
BRDA:252,16,1,0
BRDA:253,17,0,0
BRDA:253,17,1,0
BRDA:265,18,0,0
BRDA:265,18,1,0
BRDA:265,19,0,0
BRDA:265,19,1,0
BRDA:328,20,0,0
BRDA:328,20,1,0
BRDA:331,21,0,0
BRDA:331,21,1,0
BRDA:364,22,0,0
BRDA:364,22,1,0
BRF:47
BRH:0
end_of_record
TN:
SF:src/controllers/bioController.ts
FN:9,(anonymous_0)
FN:13,(anonymous_1)
FN:29,(anonymous_2)
FN:45,(anonymous_3)
FN:67,(anonymous_4)
FNF:5
FNH:1
FNDA:48,(anonymous_0)
FNDA:0,(anonymous_1)
FNDA:0,(anonymous_2)
FNDA:0,(anonymous_3)
FNDA:0,(anonymous_4)
DA:2,48
DA:3,48
DA:4,48
DA:6,48
DA:10,48
DA:13,48
DA:14,0
DA:15,0
DA:17,0
DA:23,0
DA:25,0
DA:29,48
DA:30,0
DA:31,0
DA:33,0
DA:39,0
DA:41,0
DA:45,48
DA:46,0
DA:47,0
DA:48,0
DA:49,0
DA:52,0
DA:53,0
DA:56,0
DA:61,0
DA:63,0
DA:67,48
DA:68,0
DA:69,0
DA:70,0
DA:71,0
DA:74,0
DA:75,0
DA:78,0
DA:83,0
DA:85,0
DA:90,48
DA:91,48
DA:92,48
DA:93,48
DA:94,48
LF:42
LH:14
BRDA:49,0,0,0
BRDA:49,0,1,0
BRDA:52,1,0,0
BRDA:52,1,1,0
BRDA:71,2,0,0
BRDA:71,2,1,0
BRDA:74,3,0,0
BRDA:74,3,1,0
BRF:8
BRH:0
end_of_record
TN:
SF:src/controllers/boardController.ts
FN:13,(anonymous_0)
FN:20,(anonymous_1)
FN:34,(anonymous_2)
FN:48,(anonymous_3)
FN:68,(anonymous_4)
FN:90,(anonymous_5)
FN:104,(anonymous_6)
FN:118,(anonymous_7)
FN:151,(anonymous_8)
FN:184,(anonymous_9)
FN:205,(anonymous_10)
FN:221,(anonymous_11)
FN:239,(anonymous_12)
FN:262,(anonymous_13)
FNF:14
FNH:7
FNDA:48,(anonymous_0)
FNDA:1,(anonymous_1)
FNDA:1,(anonymous_2)
FNDA:1,(anonymous_3)
FNDA:1,(anonymous_4)
FNDA:1,(anonymous_5)
FNDA:0,(anonymous_6)
FNDA:0,(anonymous_7)
FNDA:0,(anonymous_8)
FNDA:0,(anonymous_9)
FNDA:1,(anonymous_10)
FNDA:0,(anonymous_11)
FNDA:0,(anonymous_12)
FNDA:0,(anonymous_13)
DA:2,48
DA:3,48
DA:4,48
DA:10,48
DA:14,48
DA:20,48
DA:21,1
DA:22,1
DA:23,1
DA:24,1
DA:26,0
DA:27,0
DA:34,48
DA:35,1
DA:36,1
DA:37,1
DA:38,1
DA:40,0
DA:41,0
DA:48,48
DA:49,1
DA:50,1
DA:51,1
DA:52,1
DA:53,0
DA:54,0
DA:57,1
DA:58,0
DA:60,1
DA:61,1
DA:68,48
DA:69,1
DA:70,1
DA:71,1
DA:72,1
DA:74,1
DA:75,0
DA:76,0
DA:79,1
DA:80,0
DA:82,1
DA:83,1
DA:90,48
DA:91,1
DA:92,1
DA:93,1
DA:94,1
DA:96,0
DA:97,0
DA:104,48
DA:105,0
DA:106,0
DA:107,0
DA:108,0
DA:110,0
DA:111,0
DA:118,48
DA:119,0
DA:120,0
DA:121,0
DA:122,0
DA:124,0
DA:125,0
DA:126,0
DA:129,0
DA:141,0
DA:143,0
DA:144,0
DA:151,48
DA:152,0
DA:153,0
DA:154,0
DA:155,0
DA:157,0
DA:158,0
DA:159,0
DA:162,0
DA:174,0
DA:176,0
DA:177,0
DA:184,48
DA:185,0
DA:186,0
DA:187,0
DA:189,0
DA:190,0
DA:191,0
DA:194,0
DA:195,0
DA:197,0
DA:198,0
DA:205,48
DA:206,1
DA:207,1
DA:208,1
DA:210,1
DA:211,1
DA:213,0
DA:214,0
DA:221,48
DA:222,0
DA:223,0
DA:224,0
DA:225,0
DA:226,0
DA:228,0
DA:229,0
DA:231,0
DA:232,0
DA:239,48
DA:240,0
DA:241,0
DA:242,0
DA:243,0
DA:244,0
DA:246,0
DA:247,0
DA:248,0
DA:251,0
DA:252,0
DA:254,0
DA:255,0
DA:262,48
DA:263,0
DA:264,0
DA:265,0
DA:266,0
DA:267,0
DA:269,0
DA:270,0
DA:271,0
DA:274,0
DA:275,0
DA:277,0
DA:278,0
DA:284,48
DA:285,48
DA:286,48
DA:287,48
DA:288,48
DA:289,48
DA:290,48
DA:291,48
DA:292,48
DA:293,48
DA:294,48
DA:295,48
DA:296,48
DA:297,48
LF:149
LH:64
BRDA:52,0,0,0
BRDA:52,0,1,1
BRDA:74,1,0,0
BRDA:74,1,1,1
BRDA:124,2,0,0
BRDA:124,2,1,0
BRDA:157,3,0,0
BRDA:157,3,1,0
BRDA:189,4,0,0
BRDA:189,4,1,0
BRDA:225,5,0,0
BRDA:225,5,1,0
BRDA:226,6,0,0
BRDA:226,6,1,0
BRDA:246,7,0,0
BRDA:246,7,1,0
BRDA:246,8,0,0
BRDA:246,8,1,0
BRDA:269,9,0,0
BRDA:269,9,1,0
BRDA:269,10,0,0
BRDA:269,10,1,0
BRF:22
BRH:2
end_of_record
TN:
SF:src/controllers/bulkCertificationResetController.ts
FN:15,(anonymous_0)
FN:22,(anonymous_1)
FNF:2
FNH:1
FNDA:48,(anonymous_0)
FNDA:0,(anonymous_1)
DA:7,48
DA:8,48
DA:9,48
DA:10,48
DA:12,48
DA:16,48
DA:22,48
DA:23,0
DA:24,0
DA:25,0
DA:27,0
DA:28,0
DA:31,0
DA:37,0
DA:38,0
DA:40,0
DA:41,0
DA:47,48
DA:49,48
LF:19
LH:9
BRDA:27,0,0,0
BRDA:27,0,1,0
BRF:2
BRH:0
end_of_record
TN:
SF:src/controllers/cacheAdminController.ts
FN:14,(anonymous_0)
FN:35,(anonymous_1)
FN:59,(anonymous_2)
FN:96,(anonymous_3)
FN:124,(anonymous_4)
FN:152,(anonymous_5)
FN:178,(anonymous_6)
FN:199,(anonymous_7)
FNF:8
FNH:0
FNDA:0,(anonymous_0)
FNDA:0,(anonymous_1)
FNDA:0,(anonymous_2)
FNDA:0,(anonymous_3)
FNDA:0,(anonymous_4)
FNDA:0,(anonymous_5)
FNDA:0,(anonymous_6)
FNDA:0,(anonymous_7)
DA:7,0
DA:8,0
DA:10,0
DA:15,0
DA:16,0
DA:17,0
DA:19,0
DA:24,0
DA:25,0
DA:36,0
DA:37,0
DA:38,0
DA:40,0
DA:48,0
DA:49,0
DA:60,0
DA:61,0
DA:64,0
DA:65,0
DA:66,0
DA:71,0
DA:74,0
DA:75,0
DA:77,0
DA:85,0
DA:86,0
DA:97,0
DA:98,0
DA:99,0
DA:101,0
DA:102,0
DA:107,0
DA:113,0
DA:114,0
DA:125,0
DA:126,0
DA:127,0
DA:129,0
DA:130,0
DA:132,0
DA:141,0
DA:142,0
DA:153,0
DA:154,0
DA:156,0
DA:157,0
DA:159,0
DA:167,0
DA:168,0
DA:179,0
DA:183,0
DA:188,0
DA:189,0
DA:200,0
DA:201,0
DA:202,0
DA:204,0
DA:209,0
DA:210,0
DA:218,0
LF:60
LH:0
BRDA:44,0,0,0
BRDA:44,0,1,0
BRDA:65,1,0,0
BRDA:65,1,1,0
BRDA:101,2,0,0
BRDA:101,2,1,0
BRDA:136,3,0,0
BRDA:136,3,1,0
BRF:8
BRH:0
end_of_record
TN:
SF:src/controllers/cacheController.ts
FN:14,(anonymous_0)
FN:21,(anonymous_1)
FN:35,(anonymous_2)
FN:59,(anonymous_3)
FN:90,(anonymous_4)
FN:121,(anonymous_5)
FNF:6
FNH:6
FNDA:48,(anonymous_0)
FNDA:1,(anonymous_1)
FNDA:1,(anonymous_2)
FNDA:1,(anonymous_3)
FNDA:1,(anonymous_4)
FNDA:1,(anonymous_5)
DA:3,48
DA:4,48
DA:5,48
DA:11,48
DA:15,48
DA:21,48
DA:22,1
DA:23,1
DA:24,1
DA:25,1
DA:27,0
DA:28,0
DA:35,48
DA:36,1
DA:37,1
DA:38,1
DA:40,0
DA:41,0
DA:46,0
DA:51,1
DA:52,1
DA:59,48
DA:60,1
DA:61,1
DA:62,1
DA:64,1
DA:65,0
DA:66,0
DA:69,1
DA:71,0
DA:72,0
DA:77,0
DA:82,1
DA:83,1
DA:90,48
DA:91,1
DA:92,1
DA:93,1
DA:95,1
DA:96,0
DA:97,0
DA:100,1
DA:102,0
DA:103,0
DA:108,0
DA:113,1
DA:114,1
DA:121,48
DA:122,1
DA:123,1
DA:124,1
DA:125,0
DA:130,1
DA:131,1
DA:137,48
DA:138,48
DA:139,48
DA:140,48
DA:141,48
DA:142,48
LF:60
LH:44
BRDA:40,0,0,0
BRDA:40,0,1,0
BRDA:64,1,0,0
BRDA:64,1,1,1
BRDA:71,2,0,0
BRDA:71,2,1,0
BRDA:95,3,0,0
BRDA:95,3,1,1
BRDA:102,4,0,0
BRDA:102,4,1,0
BRDA:127,5,0,0
BRDA:127,5,1,0
BRF:12
BRH:2
end_of_record
TN:
SF:src/controllers/categoriesController.ts
FN:16,(anonymous_0)
FN:24,(anonymous_1)
FN:37,(anonymous_2)
FN:53,(anonymous_3)
FN:69,(anonymous_4)
FN:98,(anonymous_5)
FN:125,(anonymous_6)
FN:141,(anonymous_7)
FN:157,(anonymous_8)
FN:174,(anonymous_9)
FN:190,(anonymous_10)
FN:211,(anonymous_11)
FN:250,(anonymous_12)
FN:285,(anonymous_13)
FN:313,(anonymous_14)
FN:330,(anonymous_15)
FN:356,(anonymous_16)
FN:369,(anonymous_17)
FN:381,(anonymous_18)
FN:382,(anonymous_19)
FN:397,(anonymous_20)
FN:423,(anonymous_21)
FN:436,(anonymous_22)
FN:448,(anonymous_23)
FN:449,(anonymous_24)
FNF:25
FNH:5
FNDA:48,(anonymous_0)
FNDA:0,(anonymous_1)
FNDA:2,(anonymous_2)
FNDA:1,(anonymous_3)
FNDA:0,(anonymous_4)
FNDA:2,(anonymous_5)
FNDA:2,(anonymous_6)
FNDA:0,(anonymous_7)
FNDA:0,(anonymous_8)
FNDA:0,(anonymous_9)
FNDA:0,(anonymous_10)
FNDA:0,(anonymous_11)
FNDA:0,(anonymous_12)
FNDA:0,(anonymous_13)
FNDA:0,(anonymous_14)
FNDA:0,(anonymous_15)
FNDA:0,(anonymous_16)
FNDA:0,(anonymous_17)
FNDA:0,(anonymous_18)
FNDA:0,(anonymous_19)
FNDA:0,(anonymous_20)
FNDA:0,(anonymous_21)
FNDA:0,(anonymous_22)
FNDA:0,(anonymous_23)
FNDA:0,(anonymous_24)
DA:7,48
DA:8,48
DA:9,48
DA:12,48
DA:17,48
DA:18,48
DA:24,48
DA:25,0
DA:28,0
DA:30,0
DA:37,48
DA:38,2
DA:39,2
DA:40,2
DA:41,0
DA:43,2
DA:44,0
DA:46,2
DA:53,48
DA:54,1
DA:55,1
DA:56,1
DA:57,0
DA:59,1
DA:60,1
DA:62,0
DA:69,48
DA:70,0
DA:72,0
DA:73,0
DA:74,0
DA:77,0
DA:79,0
DA:89,0
DA:91,0
DA:98,48
DA:99,2
DA:100,2
DA:101,2
DA:102,0
DA:105,2
DA:107,2
DA:116,1
DA:118,1
DA:125,48
DA:126,2
DA:127,2
DA:128,2
DA:129,0
DA:131,2
DA:132,1
DA:134,1
DA:141,48
DA:142,0
DA:143,0
DA:144,0
DA:145,0
DA:147,0
DA:148,0
DA:150,0
DA:157,48
DA:158,0
DA:159,0
DA:160,0
DA:161,0
DA:163,0
DA:164,0
DA:165,0
DA:167,0
DA:174,48
DA:175,0
DA:176,0
DA:177,0
DA:178,0
DA:180,0
DA:181,0
DA:183,0
DA:190,48
DA:191,0
DA:192,0
DA:193,0
DA:194,0
DA:197,0
DA:202,0
DA:204,0
DA:211,48
DA:212,0
DA:213,0
DA:214,0
DA:215,0
DA:218,0
DA:220,0
DA:221,0
DA:225,0
DA:229,0
DA:230,0
DA:233,0
DA:241,0
DA:243,0
DA:250,48
DA:251,0
DA:252,0
DA:253,0
DA:254,0
DA:257,0
DA:259,0
DA:263,0
DA:264,0
DA:267,0
DA:268,0
DA:269,0
DA:271,0
DA:276,0
DA:278,0
DA:285,48
DA:286,0
DA:287,0
DA:288,0
DA:289,0
DA:292,0
DA:296,0
DA:297,0
DA:300,0
DA:304,0
DA:306,0
DA:313,48
DA:314,0
DA:315,0
DA:316,0
DA:317,0
DA:319,0
DA:320,0
DA:321,0
DA:323,0
DA:330,48
DA:331,0
DA:332,0
DA:333,0
DA:334,0
DA:337,0
DA:338,0
DA:341,0
DA:347,0
DA:349,0
DA:356,48
DA:357,0
DA:358,0
DA:359,0
DA:360,0
DA:363,0
DA:364,0
DA:368,0
DA:370,0
DA:371,0
DA:372,0
DA:374,0
DA:381,0
DA:382,0
DA:384,0
DA:390,0
DA:397,48
DA:398,0
DA:399,0
DA:400,0
DA:401,0
DA:404,0
DA:405,0
DA:408,0
DA:414,0
DA:416,0
DA:423,48
DA:424,0
DA:425,0
DA:426,0
DA:427,0
DA:430,0
DA:431,0
DA:435,0
DA:437,0
DA:438,0
DA:439,0
DA:441,0
DA:448,0
DA:449,0
DA:451,0
DA:457,0
DA:463,48
DA:464,48
DA:465,48
DA:466,48
DA:467,48
DA:468,48
DA:469,48
DA:470,48
DA:471,48
DA:472,48
DA:475,48
DA:476,48
DA:477,48
DA:478,48
DA:481,48
DA:484,48
DA:485,48
DA:486,48
DA:487,48
LF:205
LH:66
BRDA:40,0,0,0
BRDA:40,0,1,2
BRDA:56,1,0,0
BRDA:56,1,1,1
BRDA:72,2,0,0
BRDA:72,2,1,0
BRDA:73,3,0,0
BRDA:73,3,1,0
BRDA:101,4,0,0
BRDA:101,4,1,2
BRDA:128,5,0,0
BRDA:128,5,1,2
BRDA:144,6,0,0
BRDA:144,6,1,0
BRDA:160,7,0,0
BRDA:160,7,1,0
BRDA:177,8,0,0
BRDA:177,8,1,0
BRDA:177,9,0,0
BRDA:177,9,1,0
BRDA:193,10,0,0
BRDA:193,10,1,0
BRDA:214,11,0,0
BRDA:214,11,1,0
BRDA:220,12,0,0
BRDA:220,12,1,0
BRDA:220,13,0,0
BRDA:220,13,1,0
BRDA:229,14,0,0
BRDA:229,14,1,0
BRDA:253,15,0,0
BRDA:253,15,1,0
BRDA:263,16,0,0
BRDA:263,16,1,0
BRDA:268,17,0,0
BRDA:268,17,1,0
BRDA:269,18,0,0
BRDA:269,18,1,0
BRDA:288,19,0,0
BRDA:288,19,1,0
BRDA:296,20,0,0
BRDA:296,20,1,0
BRDA:316,21,0,0
BRDA:316,21,1,0
BRDA:333,22,0,0
BRDA:333,22,1,0
BRDA:333,23,0,0
BRDA:333,23,1,0
BRDA:337,24,0,0
BRDA:337,24,1,0
BRDA:359,25,0,0
BRDA:359,25,1,0
BRDA:359,26,0,0
BRDA:359,26,1,0
BRDA:363,27,0,0
BRDA:363,27,1,0
BRDA:371,28,0,0
BRDA:371,28,1,0
BRDA:400,29,0,0
BRDA:400,29,1,0
BRDA:400,30,0,0
BRDA:400,30,1,0
BRDA:404,31,0,0
BRDA:404,31,1,0
BRDA:426,32,0,0
BRDA:426,32,1,0
BRDA:426,33,0,0
BRDA:426,33,1,0
BRDA:430,34,0,0
BRDA:430,34,1,0
BRDA:438,35,0,0
BRDA:438,35,1,0
BRF:72
BRH:4
end_of_record
TN:
SF:src/controllers/categoryCertificationController.ts
FN:11,(anonymous_0)
FN:16,(anonymous_1)
FN:26,(anonymous_2)
FN:40,(anonymous_3)
FN:64,(anonymous_4)
FNF:5
FNH:1
FNDA:48,(anonymous_0)
FNDA:0,(anonymous_1)
FNDA:0,(anonymous_2)
FNDA:0,(anonymous_3)
FNDA:0,(anonymous_4)
DA:2,48
DA:3,48
DA:4,48
DA:7,48
DA:12,48
DA:13,48
DA:16,48
DA:17,0
DA:18,0
DA:19,0
DA:20,0
DA:22,0
DA:26,48
DA:27,0
DA:28,0
DA:29,0
DA:34,0
DA:36,0
DA:40,48
DA:41,0
DA:42,0
DA:44,0
DA:45,0
DA:49,0
DA:58,0
DA:60,0
DA:64,48
DA:65,0
DA:66,0
DA:68,0
DA:69,0
DA:73,0
DA:86,0
DA:92,0
DA:97,48
DA:98,48
DA:99,48
DA:100,48
DA:101,48
LF:39
LH:15
BRDA:44,0,0,0
BRDA:44,0,1,0
BRDA:44,1,0,0
BRDA:44,1,1,0
BRDA:51,2,0,0
BRDA:51,2,1,0
BRDA:68,3,0,0
BRDA:68,3,1,0
BRDA:68,4,0,0
BRDA:68,4,1,0
BRDA:82,5,0,0
BRDA:82,5,1,0
BRF:12
BRH:0
end_of_record
TN:
SF:src/controllers/categoryTypeController.ts
FN:13,(anonymous_0)
FN:20,(anonymous_1)
FN:34,(anonymous_2)
FN:61,(anonymous_3)
FN:83,(anonymous_4)
FNF:5
FNH:1
FNDA:48,(anonymous_0)
FNDA:0,(anonymous_1)
FNDA:0,(anonymous_2)
FNDA:0,(anonymous_3)
FNDA:0,(anonymous_4)
DA:2,48
DA:3,48
DA:4,48
DA:10,48
DA:14,48
DA:20,48
DA:21,0
DA:22,0
DA:23,0
DA:24,0
DA:26,0
DA:27,0
DA:34,48
DA:35,0
DA:36,0
DA:37,0
DA:38,0
DA:40,0
DA:41,0
DA:42,0
DA:45,0
DA:46,0
DA:47,0
DA:50,0
DA:51,0
DA:53,0
DA:54,0
DA:61,48
DA:62,0
DA:63,0
DA:64,0
DA:65,0
DA:67,0
DA:68,0
DA:69,0
DA:72,0
DA:73,0
DA:75,0
DA:76,0
DA:83,48
DA:84,0
DA:85,0
DA:86,0
DA:88,0
DA:89,0
DA:90,0
DA:93,0
DA:94,0
DA:96,0
DA:97,0
DA:103,48
DA:104,48
DA:105,48
DA:106,48
DA:107,48
LF:55
LH:14
BRDA:40,0,0,0
BRDA:40,0,1,0
BRDA:45,1,0,0
BRDA:45,1,1,0
BRDA:50,2,0,0
BRDA:50,2,1,0
BRDA:67,3,0,0
BRDA:67,3,1,0
BRDA:88,4,0,0
BRDA:88,4,1,0
BRF:10
BRH:0
end_of_record
TN:
SF:src/controllers/certificationController.ts
FN:11,(anonymous_0)
FN:16,(anonymous_1)
FN:26,(anonymous_2)
FN:36,(anonymous_3)
FN:104,(anonymous_4)
FN:189,(anonymous_5)
FN:244,(anonymous_6)
FN:266,(anonymous_7)
FN:310,(anonymous_8)
FN:369,(anonymous_9)
FN:432,(anonymous_10)
FN:495,(anonymous_11)
FN:559,(anonymous_12)
FN:621,(anonymous_13)
FNF:14
FNH:1
FNDA:48,(anonymous_0)
FNDA:0,(anonymous_1)
FNDA:0,(anonymous_2)
FNDA:0,(anonymous_3)
FNDA:0,(anonymous_4)
FNDA:0,(anonymous_5)
FNDA:0,(anonymous_6)
FNDA:0,(anonymous_7)
FNDA:0,(anonymous_8)
FNDA:0,(anonymous_9)
FNDA:0,(anonymous_10)
FNDA:0,(anonymous_11)
FNDA:0,(anonymous_12)
FNDA:0,(anonymous_13)
DA:2,48
DA:3,48
DA:4,48
DA:7,48
DA:12,48
DA:13,48
DA:16,48
DA:17,0
DA:18,0
DA:19,0
DA:20,0
DA:22,0
DA:26,48
DA:27,0
DA:28,0
DA:29,0
DA:30,0
DA:32,0
DA:36,48
DA:37,0
DA:38,0
DA:39,0
DA:40,0
DA:41,0
DA:42,0
DA:43,0
DA:45,0
DA:46,0
DA:48,0
DA:49,0
DA:50,0
DA:51,0
DA:53,0
DA:89,0
DA:100,0
DA:104,48
DA:105,0
DA:106,0
DA:108,0
DA:109,0
DA:113,0
DA:123,0
DA:124,0
DA:128,0
DA:134,0
DA:135,0
DA:137,0
DA:138,0
DA:140,0
DA:141,0
DA:144,0
DA:183,0
DA:185,0
DA:189,48
DA:190,0
DA:191,0
DA:192,0
DA:194,0
DA:198,0
DA:199,0
DA:202,0
DA:203,0
DA:204,0
DA:205,0
DA:207,0
DA:238,0
DA:240,0
DA:244,48
DA:245,0
DA:246,0
DA:248,0
DA:252,0
DA:253,0
DA:256,0
DA:260,0
DA:262,0
DA:266,48
DA:267,0
DA:268,0
DA:270,0
DA:300,0
DA:301,0
DA:304,0
DA:306,0
DA:310,48
DA:311,0
DA:312,0
DA:313,0
DA:315,0
DA:319,0
DA:320,0
DA:323,0
DA:324,0
DA:327,0
DA:363,0
DA:365,0
DA:369,48
DA:370,0
DA:371,0
DA:372,0
DA:374,0
DA:378,0
DA:379,0
DA:382,0
DA:383,0
DA:386,0
DA:387,0
DA:390,0
DA:426,0
DA:428,0
DA:432,48
DA:433,0
DA:434,0
DA:435,0
DA:437,0
DA:441,0
DA:442,0
DA:445,0
DA:446,0
DA:449,0
DA:450,0
DA:453,0
DA:489,0
DA:491,0
DA:495,48
DA:496,0
DA:497,0
DA:498,0
DA:500,0
DA:504,0
DA:505,0
DA:508,0
DA:509,0
DA:512,0
DA:513,0
DA:516,0
DA:553,0
DA:555,0
DA:559,48
DA:560,0
DA:561,0
DA:562,0
DA:564,0
DA:565,0
DA:568,0
DA:572,0
DA:573,0
DA:576,0
DA:577,0
DA:580,0
DA:615,0
DA:617,0
DA:621,48
DA:622,0
DA:623,0
DA:624,0
DA:626,0
DA:627,0
DA:628,0
DA:640,0
DA:652,0
DA:673,0
DA:675,0
DA:680,48
DA:681,48
DA:682,48
DA:683,48
DA:684,48
DA:685,48
DA:686,48
DA:687,48
DA:688,48
DA:689,48
DA:690,48
DA:691,48
DA:692,48
DA:693,48
LF:177
LH:33
BRDA:38,0,0,0
BRDA:38,0,1,0
BRDA:39,1,0,0
BRDA:39,1,1,0
BRDA:48,2,0,0
BRDA:48,2,1,0
BRDA:49,3,0,0
BRDA:49,3,1,0
BRDA:50,4,0,0
BRDA:50,4,1,0
BRDA:51,5,0,0
BRDA:51,5,1,0
BRDA:108,6,0,0
BRDA:108,6,1,0
BRDA:108,7,0,0
BRDA:108,7,1,0
BRDA:108,7,2,0
BRDA:123,8,0,0
BRDA:123,8,1,0
BRDA:134,9,0,0
BRDA:134,9,1,0
BRDA:137,10,0,0
BRDA:137,10,1,0
BRDA:140,11,0,0
BRDA:140,11,1,0
BRDA:149,12,0,0
BRDA:149,12,1,0
BRDA:153,13,0,0
BRDA:153,13,1,0
BRDA:198,14,0,0
BRDA:198,14,1,0
BRDA:203,15,0,0
BRDA:203,15,1,0
BRDA:204,16,0,0
BRDA:204,16,1,0
BRDA:205,17,0,0
BRDA:205,17,1,0
BRDA:252,18,0,0
BRDA:252,18,1,0
BRDA:300,19,0,0
BRDA:300,19,1,0
BRDA:319,20,0,0
BRDA:319,20,1,0
BRDA:323,21,0,0
BRDA:323,21,1,0
BRDA:333,22,0,0
BRDA:333,22,1,0
BRDA:378,23,0,0
BRDA:378,23,1,0
BRDA:382,24,0,0
BRDA:382,24,1,0
BRDA:386,25,0,0
BRDA:386,25,1,0
BRDA:396,26,0,0
BRDA:396,26,1,0
BRDA:441,27,0,0
BRDA:441,27,1,0
BRDA:445,28,0,0
BRDA:445,28,1,0
BRDA:449,29,0,0
BRDA:449,29,1,0
BRDA:459,30,0,0
BRDA:459,30,1,0
BRDA:504,31,0,0
BRDA:504,31,1,0
BRDA:508,32,0,0
BRDA:508,32,1,0
BRDA:512,33,0,0
BRDA:512,33,1,0
BRDA:522,34,0,0
BRDA:522,34,1,0
BRDA:523,35,0,0
BRDA:523,35,1,0
BRDA:564,36,0,0
BRDA:564,36,1,0
BRDA:572,37,0,0
BRDA:572,37,1,0
BRDA:576,38,0,0
BRDA:576,38,1,0
BRDA:585,39,0,0
BRDA:585,39,1,0
BRDA:627,40,0,0
BRDA:627,40,1,0
BRDA:628,41,0,0
BRDA:628,41,1,0
BRDA:666,42,0,0
BRDA:666,42,1,0
BRDA:667,43,0,0
BRDA:667,43,1,0
BRDA:668,44,0,0
BRDA:668,44,1,0
BRF:91
BRH:0
end_of_record
TN:
SF:src/controllers/commentaryController.ts
FN:9,(anonymous_0)
FN:13,(anonymous_1)
FN:30,(anonymous_2)
FN:40,(anonymous_3)
FN:50,(anonymous_4)
FN:61,(anonymous_5)
FNF:6
FNH:1
FNDA:48,(anonymous_0)
FNDA:0,(anonymous_1)
FNDA:0,(anonymous_2)
FNDA:0,(anonymous_3)
FNDA:0,(anonymous_4)
FNDA:0,(anonymous_5)
DA:2,48
DA:3,48
DA:4,48
DA:6,48
DA:10,48
DA:13,48
DA:14,0
DA:15,0
DA:16,0
DA:24,0
DA:26,0
DA:30,48
DA:31,0
DA:32,0
DA:33,0
DA:34,0
DA:36,0
DA:40,48
DA:41,0
DA:42,0
DA:43,0
DA:44,0
DA:46,0
DA:50,48
DA:51,0
DA:52,0
DA:53,0
DA:54,0
DA:55,0
DA:57,0
DA:61,48
DA:62,0
DA:63,0
DA:64,0
DA:65,0
DA:67,0
DA:72,48
DA:73,48
DA:74,48
DA:75,48
DA:76,48
DA:77,48
DA:79,48
DA:80,48
DA:81,48
DA:82,48
LF:46
LH:20
BRF:0
BRH:0
end_of_record
TN:
SF:src/controllers/contestCertificationController.ts
FN:9,(anonymous_0)
FN:13,(anonymous_1)
FN:23,(anonymous_2)
FNF:3
FNH:1
FNDA:48,(anonymous_0)
FNDA:0,(anonymous_1)
FNDA:0,(anonymous_2)
DA:2,48
DA:3,48
DA:4,48
DA:6,48
DA:10,48
DA:13,48
DA:14,0
DA:15,0
DA:16,0
DA:17,0
DA:19,0
DA:23,48
DA:24,0
DA:25,0
DA:26,0
DA:31,0
DA:33,0
DA:38,48
DA:39,48
DA:40,48
LF:20
LH:10
BRF:0
BRH:0
end_of_record
TN:
SF:src/controllers/contestsController.ts
FN:14,(anonymous_0)
FN:21,(anonymous_1)
FN:37,(anonymous_2)
FN:59,(anonymous_3)
FN:83,(anonymous_4)
FN:106,(anonymous_5)
FN:122,(anonymous_6)
FN:138,(anonymous_7)
FN:154,(anonymous_8)
FN:170,(anonymous_9)
FN:186,(anonymous_10)
FNF:11
FNH:7
FNDA:48,(anonymous_0)
FNDA:2,(anonymous_1)
FNDA:1,(anonymous_2)
FNDA:0,(anonymous_3)
FNDA:2,(anonymous_4)
FNDA:2,(anonymous_5)
FNDA:1,(anonymous_6)
FNDA:1,(anonymous_7)
FNDA:0,(anonymous_8)
FNDA:0,(anonymous_9)
FNDA:0,(anonymous_10)
DA:7,48
DA:8,48
DA:9,48
DA:11,48
DA:15,48
DA:21,48
DA:22,2
DA:23,2
DA:24,2
DA:25,0
DA:27,2
DA:28,0
DA:30,2
DA:37,48
DA:38,1
DA:39,1
DA:40,1
DA:41,1
DA:42,0
DA:45,1
DA:50,1
DA:52,0
DA:59,48
DA:60,0
DA:61,0
DA:62,0
DA:63,0
DA:65,0
DA:67,0
DA:74,0
DA:76,0
DA:83,48
DA:84,2
DA:85,2
DA:86,2
DA:87,0
DA:89,2
DA:91,2
DA:97,0
DA:99,2
DA:106,48
DA:107,2
DA:108,2
DA:109,2
DA:110,0
DA:112,2
DA:113,1
DA:115,1
DA:122,48
DA:123,1
DA:124,1
DA:125,1
DA:126,0
DA:128,1
DA:129,1
DA:131,0
DA:138,48
DA:139,1
DA:140,1
DA:141,1
DA:142,0
DA:144,1
DA:145,1
DA:147,0
DA:154,48
DA:155,0
DA:156,0
DA:157,0
DA:161,0
DA:163,0
DA:170,48
DA:171,0
DA:172,0
DA:173,0
DA:174,0
DA:176,0
DA:177,0
DA:179,0
DA:186,48
DA:187,0
DA:188,0
DA:189,0
DA:190,0
DA:192,0
DA:193,0
DA:195,0
DA:201,48
DA:202,48
DA:203,48
DA:204,48
DA:205,48
DA:206,48
DA:207,48
DA:208,48
DA:209,48
DA:210,48
DA:211,48
LF:97
LH:59
BRDA:24,0,0,0
BRDA:24,0,1,2
BRDA:41,1,0,0
BRDA:41,1,1,1
BRDA:62,2,0,0
BRDA:62,2,1,0
BRDA:86,3,0,0
BRDA:86,3,1,2
BRDA:109,4,0,0
BRDA:109,4,1,2
BRDA:125,5,0,0
BRDA:125,5,1,1
BRDA:141,6,0,0
BRDA:141,6,1,1
BRDA:157,7,0,0
BRDA:157,7,1,0
BRDA:173,8,0,0
BRDA:173,8,1,0
BRDA:189,9,0,0
BRDA:189,9,1,0
BRDA:189,10,0,0
BRDA:189,10,1,0
BRF:22
BRH:6
end_of_record
TN:
SF:src/controllers/dataWipeController.ts
FN:15,(anonymous_0)
FN:22,(anonymous_1)
FN:48,(anonymous_2)
FNF:3
FNH:1
FNDA:48,(anonymous_0)
FNDA:0,(anonymous_1)
FNDA:0,(anonymous_2)
DA:7,48
DA:8,48
DA:9,48
DA:10,48
DA:12,48
DA:16,48
DA:22,48
DA:23,0
DA:24,0
DA:25,0
DA:27,0
DA:28,0
DA:31,0
DA:37,0
DA:38,0
DA:40,0
DA:41,0
DA:48,48
DA:49,0
DA:50,0
DA:51,0
DA:53,0
DA:54,0
DA:57,0
DA:63,0
DA:64,0
DA:66,0
DA:67,0
DA:73,48
DA:75,48
DA:76,48
LF:31
LH:11
BRDA:27,0,0,0
BRDA:27,0,1,0
BRDA:53,1,0,0
BRDA:53,1,1,0
BRF:4
BRH:0
end_of_record
TN:
SF:src/controllers/databaseBrowserController.ts
FN:11,(anonymous_0)
FN:16,(anonymous_1)
FN:25,(anonymous_2)
FN:40,(anonymous_3)
FN:50,(anonymous_4)
FN:87,(anonymous_5)
FNF:6
FNH:1
FNDA:48,(anonymous_0)
FNDA:0,(anonymous_1)
FNDA:0,(anonymous_2)
FNDA:0,(anonymous_3)
FNDA:0,(anonymous_4)
FNDA:0,(anonymous_5)
DA:2,48
DA:3,48
DA:4,48
DA:7,48
DA:12,48
DA:13,48
DA:16,48
DA:17,0
DA:18,0
DA:19,0
DA:21,0
DA:25,48
DA:26,0
DA:27,0
DA:28,0
DA:29,0
DA:34,0
DA:36,0
DA:40,48
DA:41,0
DA:42,0
DA:43,0
DA:44,0
DA:46,0
DA:50,48
DA:51,0
DA:52,0
DA:54,0
DA:55,0
DA:59,0
DA:60,0
DA:61,0
DA:65,0
DA:68,0
DA:78,0
DA:83,0
DA:87,48
DA:88,0
DA:89,0
DA:90,0
DA:91,0
DA:93,0
DA:116,0
DA:127,0
DA:132,48
DA:133,48
DA:134,48
DA:135,48
DA:136,48
DA:137,48
LF:50
LH:17
BRDA:31,0,0,0
BRDA:31,0,1,0
BRDA:32,1,0,0
BRDA:32,1,1,0
BRDA:54,2,0,0
BRDA:54,2,1,0
BRDA:60,3,0,0
BRDA:60,3,1,0
BRDA:72,4,0,0
BRDA:72,4,1,0
BRDA:73,5,0,0
BRDA:73,5,1,0
BRDA:80,6,0,0
BRDA:80,6,1,0
BRDA:89,7,0,0
BRDA:89,7,1,0
BRDA:90,8,0,0
BRDA:90,8,1,0
BRF:18
BRH:0
end_of_record
TN:
SF:src/controllers/deductionController.ts
FN:14,(anonymous_0)
FN:21,(anonymous_1)
FN:47,(anonymous_2)
FN:70,(anonymous_3)
FN:98,(anonymous_4)
FN:119,(anonymous_5)
FN:138,(anonymous_6)
FNF:7
FNH:1
FNDA:48,(anonymous_0)
FNDA:0,(anonymous_1)
FNDA:0,(anonymous_2)
FNDA:0,(anonymous_3)
FNDA:0,(anonymous_4)
FNDA:0,(anonymous_5)
FNDA:0,(anonymous_6)
DA:7,48
DA:8,48
DA:9,48
DA:11,48
DA:15,48
DA:21,48
DA:26,0
DA:27,0
DA:28,0
DA:30,0
DA:38,0
DA:40,0
DA:47,48
DA:52,0
DA:53,0
DA:54,0
DA:56,0
DA:61,0
DA:63,0
DA:70,48
DA:75,0
DA:76,0
DA:77,0
DA:78,0
DA:79,0
DA:81,0
DA:89,0
DA:91,0
DA:98,48
DA:103,0
DA:104,0
DA:105,0
DA:106,0
DA:108,0
DA:110,0
DA:112,0
DA:119,48
DA:124,0
DA:125,0
DA:127,0
DA:129,0
DA:131,0
DA:138,48
DA:143,0
DA:144,0
DA:146,0
DA:156,0
DA:158,0
DA:164,48
DA:166,48
DA:167,48
DA:168,48
DA:169,48
DA:170,48
DA:171,48
LF:55
LH:18
BRDA:144,0,0,0
BRDA:144,1,0,0
BRF:2
BRH:0
end_of_record
TN:
SF:src/controllers/emailController.ts
FN:11,(anonymous_0)
FN:16,(anonymous_1)
FN:25,(anonymous_2)
FN:35,(anonymous_3)
FN:45,(anonymous_4)
FN:106,(anonymous_5)
FN:146,(anonymous_6)
FN:191,(anonymous_7)
FN:213,(anonymous_8)
FN:234,(anonymous_9)
FN:253,(anonymous_10)
FN:264,(anonymous_11)
FN:269,(anonymous_12)
FN:270,(anonymous_13)
FN:283,(anonymous_14)
FN:319,(anonymous_15)
FN:328,(anonymous_16)
FN:333,(anonymous_17)
FN:334,(anonymous_18)
FN:346,(anonymous_19)
FN:366,(anonymous_20)
FN:369,(anonymous_21)
FN:370,(anonymous_22)
FNF:23
FNH:11
FNDA:48,(anonymous_0)
FNDA:0,(anonymous_1)
FNDA:0,(anonymous_2)
FNDA:0,(anonymous_3)
FNDA:1,(anonymous_4)
FNDA:1,(anonymous_5)
FNDA:0,(anonymous_6)
FNDA:0,(anonymous_7)
FNDA:1,(anonymous_8)
FNDA:1,(anonymous_9)
FNDA:0,(anonymous_10)
FNDA:0,(anonymous_11)
FNDA:0,(anonymous_12)
FNDA:0,(anonymous_13)
FNDA:1,(anonymous_14)
FNDA:1,(anonymous_15)
FNDA:0,(anonymous_16)
FNDA:0,(anonymous_17)
FNDA:0,(anonymous_18)
FNDA:1,(anonymous_19)
FNDA:9,(anonymous_20)
FNDA:9,(anonymous_21)
FNDA:9,(anonymous_22)
DA:2,48
DA:3,48
DA:4,48
DA:7,48
DA:12,48
DA:13,48
DA:16,48
DA:17,0
DA:18,0
DA:19,0
DA:21,0
DA:25,48
DA:26,0
DA:27,0
DA:28,0
DA:29,0
DA:31,0
DA:35,48
DA:36,0
DA:37,0
DA:38,0
DA:39,0
DA:41,0
DA:45,48
DA:46,1
DA:47,1
DA:48,1
DA:49,1
DA:50,1
DA:52,1
DA:53,1
DA:55,1
DA:56,1
DA:58,1
DA:91,1
DA:102,0
DA:106,48
DA:107,1
DA:108,1
DA:110,1
DA:111,0
DA:114,1
DA:140,1
DA:142,0
DA:146,48
DA:147,0
DA:148,0
DA:149,0
DA:151,0
DA:155,0
DA:156,0
DA:159,0
DA:185,0
DA:187,0
DA:191,48
DA:192,0
DA:193,0
DA:195,0
DA:199,0
DA:200,0
DA:203,0
DA:207,0
DA:209,0
DA:213,48
DA:214,1
DA:216,1
DA:217,1
DA:219,1
DA:220,1
DA:222,1
DA:228,1
DA:230,0
DA:234,48
DA:235,1
DA:236,1
DA:240,1
DA:249,0
DA:253,48
DA:254,0
DA:255,0
DA:256,0
DA:258,0
DA:259,0
DA:263,0
DA:265,0
DA:269,0
DA:270,0
DA:272,0
DA:279,0
DA:283,48
DA:284,1
DA:285,1
DA:286,1
DA:287,1
DA:289,1
DA:290,1
DA:292,1
DA:294,1
DA:304,1
DA:315,0
DA:319,48
DA:320,1
DA:321,1
DA:323,1
DA:324,1
DA:327,0
DA:329,0
DA:333,0
DA:334,0
DA:336,0
DA:342,0
DA:346,48
DA:347,1
DA:348,1
DA:350,1
DA:351,0
DA:355,1
DA:360,1
DA:361,0
DA:365,1
DA:366,9
DA:369,9
DA:370,9
DA:372,1
DA:379,0
DA:384,48
DA:385,48
DA:386,48
DA:387,48
DA:388,48
DA:389,48
DA:390,48
DA:391,48
DA:392,48
DA:393,48
DA:394,48
DA:395,48
DA:396,48
DA:397,48
LF:139
LH:82
BRDA:47,0,0,1
BRDA:47,0,1,1
BRDA:48,1,0,1
BRDA:48,1,1,1
BRDA:55,2,0,0
BRDA:55,2,1,1
BRDA:56,3,0,0
BRDA:56,3,1,1
BRDA:110,4,0,0
BRDA:110,4,1,1
BRDA:116,5,0,1
BRDA:116,5,1,0
BRDA:117,6,0,1
BRDA:117,6,1,0
BRDA:118,7,0,1
BRDA:118,7,1,0
BRDA:119,8,0,1
BRDA:119,8,1,1
BRDA:120,9,0,1
BRDA:120,9,1,1
BRDA:121,10,0,0
BRDA:121,10,1,1
BRDA:155,11,0,0
BRDA:155,11,1,0
BRDA:162,12,0,0
BRDA:162,12,1,0
BRDA:163,13,0,0
BRDA:163,13,1,0
BRDA:164,14,0,0
BRDA:164,14,1,0
BRDA:165,15,0,0
BRDA:165,15,1,0
BRDA:166,16,0,0
BRDA:166,16,1,0
BRDA:167,17,0,0
BRDA:167,17,1,0
BRDA:199,18,0,0
BRDA:199,18,1,0
BRDA:216,19,0,1
BRDA:216,19,1,1
BRDA:220,20,0,0
BRDA:220,20,1,1
BRDA:244,21,0,1
BRDA:244,21,1,1
BRDA:258,22,0,0
BRDA:258,22,1,0
BRDA:258,23,0,0
BRDA:258,23,1,0
BRDA:258,23,2,0
BRDA:285,24,0,1
BRDA:285,24,1,1
BRDA:286,25,0,1
BRDA:286,25,1,1
BRDA:292,26,0,0
BRDA:292,26,1,1
BRDA:323,27,0,1
BRDA:323,27,1,0
BRDA:323,28,0,1
BRDA:323,28,1,0
BRDA:323,28,2,0
BRDA:350,29,0,0
BRDA:350,29,1,1
BRDA:360,30,0,0
BRDA:360,30,1,1
BRF:64
BRH:29
end_of_record
TN:
SF:src/controllers/emceeController.ts
FN:14,(anonymous_0)
FN:21,(anonymous_1)
FN:35,(anonymous_2)
FN:56,(anonymous_3)
FN:75,(anonymous_4)
FN:96,(anonymous_5)
FN:117,(anonymous_6)
FN:131,(anonymous_7)
FN:150,(anonymous_8)
FN:165,(anonymous_9)
FN:184,(anonymous_10)
FN:201,(anonymous_11)
FN:231,(anonymous_12)
FN:260,(anonymous_13)
FN:279,(anonymous_14)
FN:298,(anonymous_15)
FN:329,(anonymous_16)
FNF:17
FNH:9
FNDA:48,(anonymous_0)
FNDA:1,(anonymous_1)
FNDA:1,(anonymous_2)
FNDA:1,(anonymous_3)
FNDA:1,(anonymous_4)
FNDA:1,(anonymous_5)
FNDA:1,(anonymous_6)
FNDA:0,(anonymous_7)
FNDA:1,(anonymous_8)
FNDA:0,(anonymous_9)
FNDA:0,(anonymous_10)
FNDA:1,(anonymous_11)
FNDA:0,(anonymous_12)
FNDA:0,(anonymous_13)
FNDA:0,(anonymous_14)
FNDA:0,(anonymous_15)
FNDA:0,(anonymous_16)
DA:2,48
DA:3,48
DA:4,48
DA:5,48
DA:11,48
DA:15,48
DA:21,48
DA:22,1
DA:23,1
DA:24,1
DA:25,1
DA:27,0
DA:28,0
DA:35,48
DA:36,1
DA:37,1
DA:38,1
DA:40,1
DA:46,1
DA:48,0
DA:49,0
DA:56,48
DA:57,1
DA:58,1
DA:59,1
DA:60,1
DA:61,0
DA:62,0
DA:64,1
DA:65,0
DA:67,1
DA:68,1
DA:75,48
DA:76,1
DA:77,1
DA:78,1
DA:80,1
DA:86,1
DA:88,0
DA:89,0
DA:96,48
DA:97,1
DA:98,1
DA:99,1
DA:101,1
DA:107,0
DA:109,1
DA:110,1
DA:117,48
DA:118,1
DA:119,1
DA:120,1
DA:121,1
DA:123,0
DA:124,0
DA:131,48
DA:132,0
DA:133,0
DA:134,0
DA:135,0
DA:136,0
DA:137,0
DA:139,0
DA:140,0
DA:142,0
DA:143,0
DA:150,48
DA:151,1
DA:152,1
DA:153,1
DA:154,1
DA:155,1
DA:157,0
DA:158,0
DA:165,48
DA:166,0
DA:167,0
DA:168,0
DA:169,0
DA:170,0
DA:171,0
DA:173,0
DA:174,0
DA:176,0
DA:177,0
DA:184,48
DA:185,0
DA:186,0
DA:187,0
DA:188,0
DA:190,0
DA:191,0
DA:193,0
DA:194,0
DA:201,48
DA:202,1
DA:203,1
DA:204,1
DA:206,1
DA:207,1
DA:208,0
DA:211,1
DA:221,1
DA:223,0
DA:224,0
DA:231,48
DA:232,0
DA:233,0
DA:234,0
DA:235,0
DA:236,0
DA:237,0
DA:239,0
DA:241,0
DA:250,0
DA:252,0
DA:253,0
DA:260,48
DA:261,0
DA:262,0
DA:263,0
DA:264,0
DA:265,0
DA:266,0
DA:268,0
DA:269,0
DA:271,0
DA:272,0
DA:279,48
DA:280,0
DA:281,0
DA:282,0
DA:283,0
DA:284,0
DA:285,0
DA:287,0
DA:288,0
DA:290,0
DA:291,0
DA:298,48
DA:299,0
DA:300,0
DA:301,0
DA:302,0
DA:303,0
DA:304,0
DA:306,0
DA:308,0
DA:309,0
DA:310,0
DA:313,0
DA:314,0
DA:315,0
DA:318,0
DA:319,0
DA:321,0
DA:322,0
DA:329,48
DA:330,0
DA:331,0
DA:332,0
DA:333,0
DA:334,0
DA:335,0
DA:337,0
DA:339,0
DA:340,0
DA:342,0
DA:343,0
DA:349,48
DA:350,48
DA:351,48
DA:352,48
DA:353,48
DA:354,48
DA:355,48
DA:356,48
DA:357,48
DA:358,48
DA:359,48
DA:360,48
DA:361,48
DA:362,48
DA:363,48
DA:364,48
DA:365,48
LF:186
LH:82
BRDA:60,0,0,0
BRDA:60,0,1,1
BRDA:135,1,0,0
BRDA:135,1,1,0
BRDA:169,2,0,0
BRDA:169,2,1,0
BRDA:187,3,0,0
BRDA:187,3,1,0
BRDA:188,4,0,0
BRDA:188,4,1,0
BRDA:207,5,0,0
BRDA:207,5,1,1
BRDA:218,6,0,0
BRDA:218,6,1,1
BRDA:235,7,0,0
BRDA:235,7,1,0
BRDA:247,8,0,0
BRDA:247,8,1,0
BRDA:264,9,0,0
BRDA:264,9,1,0
BRDA:283,10,0,0
BRDA:283,10,1,0
BRDA:302,11,0,0
BRDA:302,11,1,0
BRDA:308,12,0,0
BRDA:308,12,1,0
BRDA:333,13,0,0
BRDA:333,13,1,0
BRF:28
BRH:3
end_of_record
TN:
SF:src/controllers/errorHandlingController.ts
FN:11,(anonymous_0)
FN:16,(anonymous_1)
FN:26,(anonymous_2)
FN:35,(anonymous_3)
FN:57,(anonymous_4)
FN:62,(anonymous_5)
FN:76,(anonymous_6)
FN:139,(anonymous_7)
FN:172,(anonymous_8)
FN:190,(anonymous_9)
FN:202,(anonymous_10)
FN:204,(anonymous_11)
FN:213,(anonymous_12)
FN:223,(anonymous_13)
FN:249,(anonymous_14)
FN:276,(anonymous_15)
FN:287,(anonymous_16)
FN:287,(anonymous_17)
FNF:18
FNH:1
FNDA:48,(anonymous_0)
FNDA:0,(anonymous_1)
FNDA:0,(anonymous_2)
FNDA:0,(anonymous_3)
FNDA:0,(anonymous_4)
FNDA:0,(anonymous_5)
FNDA:0,(anonymous_6)
FNDA:0,(anonymous_7)
FNDA:0,(anonymous_8)
FNDA:0,(anonymous_9)
FNDA:0,(anonymous_10)
FNDA:0,(anonymous_11)
FNDA:0,(anonymous_12)
FNDA:0,(anonymous_13)
FNDA:0,(anonymous_14)
FNDA:0,(anonymous_15)
FNDA:0,(anonymous_16)
FNDA:0,(anonymous_17)
DA:2,48
DA:3,48
DA:4,48
DA:7,48
DA:12,48
DA:13,48
DA:16,48
DA:17,0
DA:18,0
DA:19,0
DA:20,0
DA:22,0
DA:26,48
DA:27,0
DA:28,0
DA:29,0
DA:31,0
DA:35,48
DA:36,0
DA:37,0
DA:38,0
DA:41,0
DA:55,0
DA:58,0
DA:59,0
DA:60,0
DA:63,0
DA:64,0
DA:65,0
DA:70,0
DA:72,0
DA:76,48
DA:77,0
DA:78,0
DA:79,0
DA:80,0
DA:81,0
DA:83,0
DA:85,0
DA:98,0
DA:99,0
DA:102,0
DA:106,0
DA:124,0
DA:135,0
DA:139,48
DA:140,0
DA:141,0
DA:142,0
DA:145,0
DA:149,0
DA:150,0
DA:154,0
DA:166,0
DA:168,0
DA:172,48
DA:173,0
DA:174,0
DA:175,0
DA:177,0
DA:190,0
DA:191,0
DA:192,0
DA:193,0
DA:195,0
DA:196,0
DA:197,0
DA:198,0
DA:202,0
DA:203,0
DA:204,0
DA:207,0
DA:214,0
DA:219,0
DA:223,48
DA:224,0
DA:225,0
DA:227,0
DA:228,0
DA:231,0
DA:233,0
DA:240,0
DA:245,0
DA:249,48
DA:250,0
DA:251,0
DA:252,0
DA:253,0
DA:254,0
DA:256,0
DA:274,0
DA:275,0
DA:276,0
DA:285,0
DA:287,0
DA:290,0
DA:291,0
DA:292,0
DA:295,0
DA:296,0
DA:297,0
DA:299,0
DA:304,48
DA:305,48
DA:306,48
DA:307,48
DA:308,48
DA:309,48
DA:310,48
DA:311,48
DA:312,48
LF:111
LH:23
BRDA:37,0,0,0
BRDA:37,0,1,0
BRDA:58,1,0,0
BRDA:58,1,1,0
BRDA:59,2,0,0
BRDA:59,2,1,0
BRDA:64,3,0,0
BRDA:64,3,1,0
BRDA:79,4,0,0
BRDA:79,4,1,0
BRDA:80,5,0,0
BRDA:80,5,1,0
BRDA:83,6,0,0
BRDA:83,6,1,0
BRDA:98,7,0,0
BRDA:98,7,1,0
BRDA:149,8,0,0
BRDA:149,8,1,0
BRDA:158,9,0,0
BRDA:158,9,1,0
BRDA:158,10,0,0
BRDA:158,10,1,0
BRDA:161,11,0,0
BRDA:161,11,1,0
BRDA:174,12,0,0
BRDA:174,12,1,0
BRDA:192,13,0,0
BRDA:192,13,1,0
BRDA:196,14,0,0
BRDA:196,14,1,0
BRDA:197,15,0,0
BRDA:197,15,1,0
BRDA:203,16,0,0
BRDA:203,16,1,0
BRDA:214,17,0,0
BRDA:214,17,1,0
BRDA:214,18,0,0
BRDA:214,18,1,0
BRDA:227,19,0,0
BRDA:227,19,1,0
BRDA:251,20,0,0
BRDA:251,20,1,0
BRDA:252,21,0,0
BRDA:252,21,1,0
BRDA:253,22,0,0
BRDA:253,22,1,0
BRDA:274,23,0,0
BRDA:274,23,1,0
BRDA:278,24,0,0
BRDA:278,24,1,0
BRDA:279,25,0,0
BRDA:279,25,1,0
BRDA:281,26,0,0
BRDA:281,26,1,0
BRF:54
BRH:0
end_of_record
TN:
SF:src/controllers/eventTemplateController.ts
FN:9,(anonymous_0)
FN:13,(anonymous_1)
FN:29,(anonymous_2)
FN:38,(anonymous_3)
FN:48,(anonymous_4)
FN:64,(anonymous_5)
FN:74,(anonymous_6)
FNF:7
FNH:4
FNDA:48,(anonymous_0)
FNDA:1,(anonymous_1)
FNDA:1,(anonymous_2)
FNDA:1,(anonymous_3)
FNDA:0,(anonymous_4)
FNDA:0,(anonymous_5)
FNDA:0,(anonymous_6)
DA:2,48
DA:3,48
DA:4,48
DA:6,48
DA:10,48
DA:13,48
DA:14,1
DA:15,1
DA:16,1
DA:23,1
DA:25,0
DA:29,48
DA:30,1
DA:31,1
DA:32,1
DA:34,0
DA:38,48
DA:39,1
DA:40,1
DA:41,1
DA:42,0
DA:44,1
DA:48,48
DA:49,0
DA:50,0
DA:51,0
DA:52,0
DA:58,0
DA:60,0
DA:64,48
DA:65,0
DA:66,0
DA:67,0
DA:68,0
DA:70,0
DA:74,48
DA:75,0
DA:76,0
DA:77,0
DA:84,0
DA:86,0
DA:91,48
DA:92,48
DA:93,48
DA:94,48
DA:95,48
DA:96,48
DA:97,48
LF:48
LH:29
BRF:0
BRH:0
end_of_record
TN:
SF:src/controllers/eventsController.ts
FN:14,(anonymous_0)
FN:28,(anonymous_1)
FN:35,(anonymous_2)
FN:51,(anonymous_3)
FN:77,(anonymous_4)
FN:93,(anonymous_5)
FN:109,(anonymous_6)
FN:121,(anonymous_7)
FN:133,(anonymous_8)
FN:145,(anonymous_9)
FN:157,(anonymous_10)
FN:173,(anonymous_11)
FN:189,(anonymous_12)
FN:205,(anonymous_13)
FN:221,(anonymous_14)
FN:237,(anonymous_15)
FNF:16
FNH:8
FNDA:1,(anonymous_0)
FNDA:48,(anonymous_1)
FNDA:3,(anonymous_2)
FNDA:8,(anonymous_3)
FNDA:2,(anonymous_4)
FNDA:0,(anonymous_5)
FNDA:0,(anonymous_6)
FNDA:0,(anonymous_7)
FNDA:0,(anonymous_8)
FNDA:1,(anonymous_9)
FNDA:2,(anonymous_10)
FNDA:2,(anonymous_11)
FNDA:0,(anonymous_12)
FNDA:0,(anonymous_13)
FNDA:0,(anonymous_14)
FNDA:0,(anonymous_15)
DA:7,48
DA:8,48
DA:9,48
DA:14,48
DA:15,1
DA:25,48
DA:29,48
DA:35,48
DA:36,3
DA:37,3
DA:39,3
DA:40,3
DA:41,1
DA:43,3
DA:44,1
DA:47,3
DA:50,3
DA:51,3
DA:52,8
DA:54,8
DA:55,2
DA:56,6
DA:57,3
DA:58,3
DA:59,3
DA:62,8
DA:68,3
DA:70,0
DA:77,48
DA:78,2
DA:79,2
DA:80,2
DA:81,0
DA:83,2
DA:84,1
DA:86,1
DA:93,48
DA:94,0
DA:95,0
DA:96,0
DA:97,0
DA:99,0
DA:100,0
DA:102,0
DA:109,48
DA:110,0
DA:111,0
DA:112,0
DA:114,0
DA:121,48
DA:122,0
DA:123,0
DA:124,0
DA:126,0
DA:133,48
DA:134,0
DA:135,0
DA:136,0
DA:138,0
DA:145,48
DA:146,1
DA:147,1
DA:148,1
DA:150,0
DA:157,48
DA:158,2
DA:159,2
DA:160,2
DA:161,0
DA:163,2
DA:164,1
DA:166,1
DA:173,48
DA:174,2
DA:175,2
DA:176,2
DA:177,0
DA:179,2
DA:180,1
DA:182,1
DA:189,48
DA:190,0
DA:191,0
DA:192,0
DA:193,0
DA:195,0
DA:196,0
DA:198,0
DA:205,48
DA:206,0
DA:207,0
DA:208,0
DA:209,0
DA:211,0
DA:212,0
DA:214,0
DA:221,48
DA:222,0
DA:223,0
DA:224,0
DA:225,0
DA:227,0
DA:228,0
DA:230,0
DA:237,48
DA:238,0
DA:239,0
DA:241,0
DA:242,0
DA:245,0
DA:246,0
DA:248,0
DA:254,48
DA:257,48
DA:258,48
DA:259,48
DA:260,48
DA:261,48
DA:262,48
DA:263,48
DA:264,48
DA:265,48
DA:266,48
DA:267,48
DA:268,48
DA:269,48
DA:271,48
LF:127
LH:75
BRDA:14,0,0,0
BRDA:40,1,0,1
BRDA:40,1,1,2
BRDA:43,2,0,1
BRDA:43,2,1,2
BRDA:43,3,0,3
BRDA:43,3,1,1
BRDA:54,4,0,2
BRDA:54,4,1,6
BRDA:56,5,0,3
BRDA:56,5,1,3
BRDA:56,6,0,6
BRDA:56,6,1,6
BRDA:58,7,0,3
BRDA:58,7,1,0
BRDA:80,8,0,0
BRDA:80,8,1,2
BRDA:96,9,0,0
BRDA:96,9,1,0
BRDA:160,10,0,0
BRDA:160,10,1,2
BRDA:176,11,0,0
BRDA:176,11,1,2
BRDA:192,12,0,0
BRDA:192,12,1,0
BRDA:208,13,0,0
BRDA:208,13,1,0
BRDA:224,14,0,0
BRDA:224,14,1,0
BRDA:241,15,0,0
BRDA:241,15,1,0
BRDA:241,16,0,0
BRDA:241,16,1,0
BRF:33
BRH:16
end_of_record
TN:
SF:src/controllers/exportController.ts
FN:9,(anonymous_0)
FN:16,(anonymous_1)
FN:39,(anonymous_2)
FN:63,(anonymous_3)
FN:87,(anonymous_4)
FN:109,(anonymous_5)
FNF:6
FNH:3
FNDA:48,(anonymous_0)
FNDA:1,(anonymous_1)
FNDA:0,(anonymous_2)
FNDA:0,(anonymous_3)
FNDA:0,(anonymous_4)
FNDA:1,(anonymous_5)
DA:2,48
DA:3,48
DA:4,48
DA:6,48
DA:10,48
DA:16,48
DA:17,1
DA:18,1
DA:20,1
DA:21,0
DA:22,0
DA:25,1
DA:30,0
DA:32,1
DA:39,48
DA:44,0
DA:45,0
DA:47,0
DA:48,0
DA:49,0
DA:52,0
DA:54,0
DA:56,0
DA:63,48
DA:68,0
DA:69,0
DA:71,0
DA:72,0
DA:73,0
DA:76,0
DA:78,0
DA:80,0
DA:87,48
DA:92,0
DA:93,0
DA:95,0
DA:100,0
DA:102,0
DA:109,48
DA:110,1
DA:111,1
DA:112,1
DA:114,1
DA:119,1
DA:121,0
DA:127,48
DA:128,48
DA:129,48
DA:130,48
DA:131,48
DA:132,48
LF:51
LH:26
BRDA:18,0,0,1
BRDA:20,1,0,0
BRDA:20,1,1,1
BRDA:47,2,0,0
BRDA:47,2,1,0
BRDA:71,3,0,0
BRDA:71,3,1,0
BRDA:116,4,0,0
BRDA:116,4,1,1
BRF:9
BRH:3
end_of_record
TN:
SF:src/controllers/fileBackupController.ts
FN:11,(anonymous_0)
FN:16,(anonymous_1)
FN:25,(anonymous_2)
FN:34,(anonymous_3)
FN:44,(anonymous_4)
FN:93,(anonymous_5)
FN:122,(anonymous_6)
FN:160,(anonymous_7)
FN:182,(anonymous_8)
FN:200,(anonymous_9)
FNF:10
FNH:1
FNDA:48,(anonymous_0)
FNDA:0,(anonymous_1)
FNDA:0,(anonymous_2)
FNDA:0,(anonymous_3)
FNDA:0,(anonymous_4)
FNDA:0,(anonymous_5)
FNDA:0,(anonymous_6)
FNDA:0,(anonymous_7)
FNDA:0,(anonymous_8)
FNDA:0,(anonymous_9)
DA:2,48
DA:3,48
DA:4,48
DA:7,48
DA:12,48
DA:13,48
DA:16,48
DA:17,0
DA:18,0
DA:19,0
DA:21,0
DA:25,48
DA:26,0
DA:27,0
DA:28,0
DA:30,0
DA:34,48
DA:35,0
DA:36,0
DA:37,0
DA:38,0
DA:40,0
DA:44,48
DA:45,0
DA:46,0
DA:48,0
DA:49,0
DA:52,0
DA:62,0
DA:63,0
DA:66,0
DA:75,0
DA:78,0
DA:86,0
DA:89,0
DA:93,48
DA:94,0
DA:95,0
DA:97,0
DA:101,0
DA:102,0
DA:105,0
DA:106,0
DA:111,0
DA:118,0
DA:122,48
DA:123,0
DA:124,0
DA:125,0
DA:126,0
DA:127,0
DA:129,0
DA:130,0
DA:132,0
DA:133,0
DA:135,0
DA:145,0
DA:156,0
DA:160,48
DA:161,0
DA:162,0
DA:164,0
DA:168,0
DA:169,0
DA:172,0
DA:176,0
DA:178,0
DA:182,48
DA:183,0
DA:184,0
DA:186,0
DA:190,0
DA:191,0
DA:194,0
DA:196,0
DA:200,48
DA:201,0
DA:202,0
DA:204,0
DA:208,0
DA:209,0
DA:212,0
DA:213,0
DA:218,0
DA:224,0
DA:229,48
DA:230,48
DA:231,48
DA:232,48
DA:233,48
DA:234,48
DA:235,48
DA:236,48
DA:237,48
DA:238,48
LF:95
LH:25
BRDA:48,0,0,0
BRDA:48,0,1,0
BRDA:48,1,0,0
BRDA:48,1,1,0
BRDA:54,2,0,0
BRDA:54,2,1,0
BRDA:101,3,0,0
BRDA:101,3,1,0
BRDA:105,4,0,0
BRDA:105,4,1,0
BRDA:124,5,0,0
BRDA:124,5,1,0
BRDA:125,6,0,0
BRDA:125,6,1,0
BRDA:132,7,0,0
BRDA:132,7,1,0
BRDA:133,8,0,0
BRDA:133,8,1,0
BRDA:168,9,0,0
BRDA:168,9,1,0
BRDA:190,10,0,0
BRDA:190,10,1,0
BRDA:208,11,0,0
BRDA:208,11,1,0
BRDA:212,12,0,0
BRDA:212,12,1,0
BRDA:221,13,0,0
BRDA:221,13,1,0
BRF:28
BRH:0
end_of_record
TN:
SF:src/controllers/fileController.ts
FN:11,(anonymous_0)
FN:16,(anonymous_1)
FN:26,(anonymous_2)
FN:36,(anonymous_3)
FN:46,(anonymous_4)
FN:92,(anonymous_5)
FN:106,(anonymous_6)
FN:142,(anonymous_7)
FN:175,(anonymous_8)
FN:212,(anonymous_9)
FN:252,(anonymous_10)
FN:267,(anonymous_11)
FNF:12
FNH:1
FNDA:48,(anonymous_0)
FNDA:0,(anonymous_1)
FNDA:0,(anonymous_2)
FNDA:0,(anonymous_3)
FNDA:0,(anonymous_4)
FNDA:0,(anonymous_5)
FNDA:0,(anonymous_6)
FNDA:0,(anonymous_7)
FNDA:0,(anonymous_8)
FNDA:0,(anonymous_9)
FNDA:0,(anonymous_10)
FNDA:0,(anonymous_11)
DA:2,48
DA:3,48
DA:4,48
DA:7,48
DA:12,48
DA:13,48
DA:16,48
DA:17,0
DA:18,0
DA:19,0
DA:20,0
DA:22,0
DA:26,48
DA:27,0
DA:28,0
DA:29,0
DA:30,0
DA:32,0
DA:36,48
DA:37,0
DA:38,0
DA:39,0
DA:40,0
DA:42,0
DA:46,48
DA:47,0
DA:48,0
DA:49,0
DA:50,0
DA:51,0
DA:53,0
DA:54,0
DA:56,0
DA:57,0
DA:59,0
DA:77,0
DA:88,0
DA:92,48
DA:93,0
DA:94,0
DA:95,0
DA:98,0
DA:99,0
DA:101,0
DA:102,0
DA:105,0
DA:107,0
DA:133,0
DA:138,0
DA:142,48
DA:143,0
DA:144,0
DA:146,0
DA:165,0
DA:166,0
DA:169,0
DA:171,0
DA:175,48
DA:176,0
DA:177,0
DA:178,0
DA:180,0
DA:184,0
DA:185,0
DA:188,0
DA:189,0
DA:190,0
DA:191,0
DA:193,0
DA:206,0
DA:208,0
DA:212,48
DA:213,0
DA:219,0
DA:248,0
DA:252,0
DA:261,0
DA:263,0
DA:267,48
DA:268,0
DA:269,0
DA:270,0
DA:273,0
DA:274,0
DA:276,0
DA:277,0
DA:280,0
DA:303,0
DA:305,0
DA:310,48
DA:311,48
DA:312,48
DA:313,48
DA:314,48
DA:315,48
DA:316,48
DA:317,48
DA:318,48
DA:319,48
LF:99
LH:25
BRDA:48,0,0,0
BRDA:48,0,1,0
BRDA:49,1,0,0
BRDA:49,1,1,0
BRDA:56,2,0,0
BRDA:56,2,1,0
BRDA:57,3,0,0
BRDA:57,3,1,0
BRDA:94,4,0,0
BRDA:94,4,1,0
BRDA:101,5,0,0
BRDA:101,5,1,0
BRDA:101,6,0,0
BRDA:101,6,1,0
BRDA:114,7,0,0
BRDA:114,7,1,0
BRDA:117,8,0,0
BRDA:117,8,1,0
BRDA:118,9,0,0
BRDA:118,9,1,0
BRDA:119,10,0,0
BRDA:119,10,1,0
BRDA:165,11,0,0
BRDA:165,11,1,0
BRDA:184,12,0,0
BRDA:184,12,1,0
BRDA:189,13,0,0
BRDA:189,13,1,0
BRDA:190,14,0,0
BRDA:190,14,1,0
BRDA:191,15,0,0
BRDA:191,15,1,0
BRDA:250,16,0,0
BRDA:250,16,1,0
BRDA:251,17,0,0
BRDA:251,17,1,0
BRDA:255,18,0,0
BRDA:255,18,1,0
BRDA:256,19,0,0
BRDA:256,19,1,0
BRDA:269,20,0,0
BRDA:269,20,1,0
BRDA:276,21,0,0
BRDA:276,21,1,0
BRDA:287,22,0,0
BRDA:287,22,1,0
BRDA:290,23,0,0
BRDA:290,23,1,0
BRDA:291,24,0,0
BRDA:291,24,1,0
BRF:50
BRH:0
end_of_record
TN:
SF:src/controllers/fileManagementController.ts
FN:14,(anonymous_9)
FN:19,(anonymous_10)
FN:29,(anonymous_11)
FN:40,(anonymous_12)
FN:51,(anonymous_13)
FN:146,(anonymous_14)
FN:198,(anonymous_15)
FN:209,(anonymous_16)
FN:210,(anonymous_17)
FN:223,(anonymous_18)
FN:259,(anonymous_19)
FN:283,(anonymous_20)
FN:284,(anonymous_21)
FN:286,(anonymous_22)
FN:296,(anonymous_23)
FN:306,(anonymous_24)
FN:317,(anonymous_25)
FN:327,(anonymous_26)
FN:328,(anonymous_27)
FN:338,(anonymous_28)
FN:400,(anonymous_29)
FN:414,(anonymous_30)
FN:460,(anonymous_31)
FN:474,(anonymous_32)
FN:475,(anonymous_33)
FN:476,(anonymous_34)
FN:477,(anonymous_35)
FNF:27
FNH:12
FNDA:48,(anonymous_9)
FNDA:0,(anonymous_10)
FNDA:0,(anonymous_11)
FNDA:0,(anonymous_12)
FNDA:1,(anonymous_13)
FNDA:0,(anonymous_14)
FNDA:0,(anonymous_15)
FNDA:0,(anonymous_16)
FNDA:0,(anonymous_17)
FNDA:1,(anonymous_18)
FNDA:1,(anonymous_19)
FNDA:0,(anonymous_20)
FNDA:0,(anonymous_21)
FNDA:0,(anonymous_22)
FNDA:0,(anonymous_23)
FNDA:0,(anonymous_24)
FNDA:0,(anonymous_25)
FNDA:0,(anonymous_26)
FNDA:0,(anonymous_27)
FNDA:1,(anonymous_28)
FNDA:1,(anonymous_29)
FNDA:2,(anonymous_30)
FNDA:2,(anonymous_31)
FNDA:2,(anonymous_32)
FNDA:2,(anonymous_33)
FNDA:2,(anonymous_34)
FNDA:2,(anonymous_35)
DA:2,48
DA:3,48
DA:4,48
DA:6,48
DA:7,48
DA:10,48
DA:15,48
DA:16,48
DA:19,48
DA:20,0
DA:21,0
DA:22,0
DA:23,0
DA:25,0
DA:29,48
DA:30,0
DA:31,0
DA:32,0
DA:33,0
DA:34,0
DA:36,0
DA:40,48
DA:41,0
DA:42,0
DA:43,0
DA:44,0
DA:45,0
DA:47,0
DA:51,48
DA:52,1
DA:53,1
DA:54,1
DA:55,1
DA:58,1
DA:59,1
DA:60,1
DA:61,1
DA:62,1
DA:63,1
DA:64,1
DA:65,1
DA:66,1
DA:67,1
DA:68,1
DA:69,1
DA:71,1
DA:73,1
DA:74,1
DA:75,1
DA:76,1
DA:77,1
DA:78,1
DA:79,1
DA:82,1
DA:83,0
DA:84,0
DA:85,0
DA:89,1
DA:90,0
DA:97,1
DA:98,0
DA:99,0
DA:100,0
DA:103,1
DA:127,1
DA:142,0
DA:146,48
DA:147,0
DA:148,0
DA:150,0
DA:151,0
DA:154,0
DA:155,0
DA:158,0
DA:160,0
DA:163,0
DA:168,0
DA:169,0
DA:170,0
DA:174,0
DA:175,0
DA:177,0
DA:178,0
DA:179,0
DA:180,0
DA:181,0
DA:182,0
DA:184,0
DA:190,0
DA:191,0
DA:192,0
DA:197,0
DA:199,0
DA:200,0
DA:202,0
DA:203,0
DA:205,0
DA:209,0
DA:210,0
DA:211,0
DA:214,0
DA:217,0
DA:219,0
DA:223,48
DA:224,1
DA:225,1
DA:226,1
DA:228,1
DA:229,1
DA:233,0
DA:253,0
DA:255,0
DA:259,48
DA:260,1
DA:261,1
DA:262,1
DA:265,1
DA:280,1
DA:283,0
DA:284,0
DA:287,0
DA:288,0
DA:289,0
DA:291,0
DA:292,0
DA:293,0
DA:297,0
DA:298,0
DA:299,0
DA:301,0
DA:302,0
DA:303,0
DA:307,0
DA:308,0
DA:309,0
DA:311,0
DA:312,0
DA:313,0
DA:318,0
DA:319,0
DA:320,0
DA:322,0
DA:323,0
DA:324,0
DA:327,0
DA:328,0
DA:332,1
DA:334,0
DA:338,48
DA:339,1
DA:340,1
DA:342,1
DA:346,0
DA:347,0
DA:351,0
DA:353,0
DA:354,0
DA:364,0
DA:365,0
DA:367,0
DA:368,0
DA:369,0
DA:370,0
DA:374,0
DA:375,0
DA:377,0
DA:381,0
DA:396,1
DA:400,48
DA:401,1
DA:402,1
DA:404,1
DA:405,0
DA:408,1
DA:409,0
DA:413,1
DA:415,2
DA:417,2
DA:418,2
DA:425,0
DA:427,0
DA:428,0
DA:436,0
DA:437,0
DA:439,0
DA:440,0
DA:441,0
DA:442,0
DA:443,0
DA:446,0
DA:450,0
DA:460,1
DA:461,2
DA:462,2
DA:464,0
DA:472,1
DA:474,2
DA:475,2
DA:476,2
DA:477,2
DA:480,1
DA:485,0
DA:490,48
DA:491,48
DA:492,48
DA:493,48
DA:494,48
DA:495,48
DA:496,48
DA:497,48
DA:498,48
DA:499,48
LF:212
LH:88
BRDA:53,0,0,1
BRDA:53,0,1,1
BRDA:54,1,0,1
BRDA:54,1,1,0
BRDA:65,2,0,0
BRDA:65,2,1,1
BRDA:66,3,0,0
BRDA:66,3,1,1
BRDA:73,4,0,0
BRDA:73,4,1,1
BRDA:74,5,0,0
BRDA:74,5,1,1
BRDA:75,6,0,0
BRDA:75,6,1,1
BRDA:76,7,0,0
BRDA:76,7,1,1
BRDA:77,8,0,0
BRDA:77,8,1,1
BRDA:78,9,0,0
BRDA:78,9,1,1
BRDA:79,10,0,0
BRDA:79,10,1,1
BRDA:82,11,0,0
BRDA:82,11,1,1
BRDA:82,12,0,1
BRDA:82,12,1,1
BRDA:84,13,0,0
BRDA:84,13,1,0
BRDA:85,14,0,0
BRDA:85,14,1,0
BRDA:89,15,0,0
BRDA:89,15,1,1
BRDA:97,16,0,0
BRDA:97,16,1,1
BRDA:97,17,0,1
BRDA:97,17,1,1
BRDA:99,18,0,0
BRDA:99,18,1,0
BRDA:100,19,0,0
BRDA:100,19,1,0
BRDA:150,20,0,0
BRDA:150,20,1,0
BRDA:150,21,0,0
BRDA:150,21,1,0
BRDA:150,21,2,0
BRDA:154,22,0,0
BRDA:154,22,1,0
BRDA:160,23,0,0
BRDA:160,23,1,0
BRDA:160,23,2,0
BRDA:160,23,3,0
BRDA:160,23,4,0
BRDA:174,24,0,0
BRDA:174,24,1,0
BRDA:178,25,0,0
BRDA:178,25,1,0
BRDA:179,26,0,0
BRDA:179,26,1,0
BRDA:180,27,0,0
BRDA:180,27,1,0
BRDA:181,28,0,0
BRDA:181,28,1,0
BRDA:182,29,0,0
BRDA:182,29,1,0
BRDA:200,30,0,0
BRDA:200,30,1,0
BRDA:202,31,0,0
BRDA:202,31,1,0
BRDA:226,32,0,1
BRDA:226,32,1,1
BRDA:228,33,0,1
BRDA:228,33,1,0
BRDA:228,34,0,1
BRDA:228,34,1,0
BRDA:261,35,0,1
BRDA:261,35,1,1
BRDA:287,36,0,0
BRDA:287,36,1,0
BRDA:288,37,0,0
BRDA:288,37,1,0
BRDA:297,38,0,0
BRDA:297,38,1,0
BRDA:298,39,0,0
BRDA:298,39,1,0
BRDA:308,40,0,0
BRDA:308,40,1,0
BRDA:319,41,0,0
BRDA:319,41,1,0
BRDA:346,42,0,0
BRDA:346,42,1,0
BRDA:353,43,0,0
BRDA:353,43,1,0
BRDA:367,44,0,0
BRDA:367,44,1,0
BRDA:377,45,0,0
BRDA:377,45,1,0
BRDA:377,46,0,0
BRDA:377,46,1,0
BRDA:377,46,2,0
BRDA:377,46,3,0
BRDA:404,47,0,0
BRDA:404,47,1,1
BRDA:404,48,0,1
BRDA:404,48,1,1
BRDA:408,49,0,0
BRDA:408,49,1,1
BRDA:417,50,0,2
BRDA:417,50,1,0
BRDA:427,51,0,0
BRDA:427,51,1,0
BRDA:440,52,0,0
BRDA:440,52,1,0
BRDA:446,53,0,0
BRDA:446,53,1,0
BRDA:446,54,0,0
BRDA:446,54,1,0
BRDA:446,54,2,0
BRDA:446,54,3,0
BRDA:461,55,0,2
BRDA:461,55,1,0
BRDA:467,56,0,0
BRDA:467,56,1,0
BRF:122
BRH:31
end_of_record
TN:
SF:src/controllers/judgeContestantCertificationController.ts
FN:11,(anonymous_0)
FN:16,(anonymous_1)
FN:30,(anonymous_2)
FN:44,(anonymous_3)
FN:54,(anonymous_4)
FN:86,(anonymous_5)
FN:100,(anonymous_6)
FNF:7
FNH:1
FNDA:48,(anonymous_0)
FNDA:0,(anonymous_1)
FNDA:0,(anonymous_2)
FNDA:0,(anonymous_3)
FNDA:0,(anonymous_4)
FNDA:0,(anonymous_5)
FNDA:0,(anonymous_6)
DA:2,48
DA:3,48
DA:4,48
DA:7,48
DA:12,48
DA:13,48
DA:16,48
DA:17,0
DA:18,0
DA:19,0
DA:24,0
DA:26,0
DA:30,48
DA:31,0
DA:32,0
DA:33,0
DA:38,0
DA:40,0
DA:44,48
DA:45,0
DA:46,0
DA:47,0
DA:48,0
DA:50,0
DA:54,48
DA:55,0
DA:56,0
DA:58,0
DA:59,0
DA:63,0
DA:76,0
DA:82,0
DA:86,48
DA:87,0
DA:88,0
DA:89,0
DA:90,0
DA:93,0
DA:94,0
DA:96,0
DA:100,48
DA:101,0
DA:102,0
DA:104,0
DA:105,0
DA:109,0
DA:121,0
DA:126,0
DA:131,48
DA:132,48
DA:133,48
DA:134,48
DA:135,48
DA:136,48
DA:137,48
LF:55
LH:19
BRDA:58,0,0,0
BRDA:58,0,1,0
BRDA:58,1,0,0
BRDA:58,1,1,0
BRDA:72,2,0,0
BRDA:72,2,1,0
BRDA:89,3,0,0
BRDA:89,3,1,0
BRDA:104,4,0,0
BRDA:104,4,1,0
BRDA:117,5,0,0
BRDA:117,5,1,0
BRF:12
BRH:0
end_of_record
TN:
SF:src/controllers/judgeController.ts
FN:9,(anonymous_0)
FN:16,(anonymous_1)
FN:29,(anonymous_2)
FN:45,(anonymous_3)
FN:76,(anonymous_4)
FN:104,(anonymous_5)
FN:129,(anonymous_6)
FN:157,(anonymous_7)
FN:185,(anonymous_8)
FN:213,(anonymous_9)
FNF:10
FNH:7
FNDA:48,(anonymous_0)
FNDA:2,(anonymous_1)
FNDA:1,(anonymous_2)
FNDA:0,(anonymous_3)
FNDA:1,(anonymous_4)
FNDA:1,(anonymous_5)
FNDA:1,(anonymous_6)
FNDA:1,(anonymous_7)
FNDA:0,(anonymous_8)
FNDA:0,(anonymous_9)
DA:2,48
DA:3,48
DA:4,48
DA:6,48
DA:10,48
DA:16,48
DA:17,2
DA:18,2
DA:19,2
DA:20,1
DA:22,1
DA:29,48
DA:30,1
DA:31,1
DA:32,1
DA:36,1
DA:38,0
DA:45,48
DA:50,0
DA:51,0
DA:52,0
DA:53,0
DA:55,0
DA:56,0
DA:57,0
DA:60,0
DA:67,0
DA:69,0
DA:76,48
DA:81,1
DA:82,1
DA:83,1
DA:85,1
DA:86,0
DA:87,0
DA:90,1
DA:95,0
DA:97,1
DA:104,48
DA:105,1
DA:106,1
DA:107,1
DA:109,1
DA:120,0
DA:122,1
DA:129,48
DA:134,1
DA:135,1
DA:136,1
DA:138,1
DA:139,0
DA:140,0
DA:143,1
DA:148,0
DA:150,1
DA:157,48
DA:162,1
DA:163,1
DA:164,1
DA:166,1
DA:167,0
DA:168,0
DA:171,1
DA:176,0
DA:178,1
DA:185,48
DA:190,0
DA:191,0
DA:192,0
DA:194,0
DA:195,0
DA:196,0
DA:199,0
DA:204,0
DA:206,0
DA:213,48
DA:214,0
DA:215,0
DA:216,0
DA:217,0
DA:219,0
DA:225,48
DA:226,48
DA:227,48
DA:228,48
DA:229,48
DA:230,48
DA:231,48
DA:232,48
DA:233,48
DA:234,48
LF:91
LH:56
BRDA:55,0,0,0
BRDA:55,0,1,0
BRDA:85,1,0,0
BRDA:85,1,1,1
BRDA:138,2,0,0
BRDA:138,2,1,1
BRDA:166,3,0,0
BRDA:166,3,1,1
BRDA:194,4,0,0
BRDA:194,4,1,0
BRF:10
BRH:3
end_of_record
TN:
SF:src/controllers/judgeUncertificationController.ts
FN:11,(anonymous_0)
FN:16,(anonymous_1)
FN:26,(anonymous_2)
FN:42,(anonymous_3)
FN:57,(anonymous_4)
FN:67,(anonymous_5)
FN:135,(anonymous_6)
FN:207,(anonymous_7)
FN:271,(anonymous_8)
FNF:9
FNH:1
FNDA:48,(anonymous_0)
FNDA:0,(anonymous_1)
FNDA:0,(anonymous_2)
FNDA:0,(anonymous_3)
FNDA:0,(anonymous_4)
FNDA:0,(anonymous_5)
FNDA:0,(anonymous_6)
FNDA:0,(anonymous_7)
FNDA:0,(anonymous_8)
DA:2,48
DA:3,48
DA:4,48
DA:7,48
DA:12,48
DA:13,48
DA:16,48
DA:17,0
DA:18,0
DA:19,0
DA:20,0
DA:22,0
DA:26,48
DA:27,0
DA:28,0
DA:29,0
DA:36,0
DA:38,0
DA:42,48
DA:43,0
DA:44,0
DA:45,0
DA:46,0
DA:51,0
DA:53,0
DA:57,48
DA:58,0
DA:59,0
DA:60,0
DA:61,0
DA:63,0
DA:67,48
DA:68,0
DA:69,0
DA:71,0
DA:72,0
DA:75,0
DA:76,0
DA:80,0
DA:84,0
DA:85,0
DA:89,0
DA:93,0
DA:94,0
DA:98,0
DA:129,0
DA:131,0
DA:135,48
DA:136,0
DA:137,0
DA:139,0
DA:140,0
DA:144,0
DA:148,0
DA:149,0
DA:152,0
DA:153,0
DA:157,0
DA:188,0
DA:201,0
DA:203,0
DA:207,48
DA:208,0
DA:209,0
DA:210,0
DA:212,0
DA:213,0
DA:216,0
DA:217,0
DA:221,0
DA:225,0
DA:226,0
DA:229,0
DA:230,0
DA:234,0
DA:265,0
DA:267,0
DA:271,48
DA:272,0
DA:273,0
DA:274,0
DA:275,0
DA:276,0
DA:277,0
DA:279,0
DA:280,0
DA:283,0
DA:284,0
DA:286,0
DA:331,0
DA:342,0
DA:347,48
DA:348,48
DA:349,48
DA:350,48
DA:351,48
DA:352,48
DA:353,48
DA:354,48
DA:355,48
LF:100
LH:23
BRDA:71,0,0,0
BRDA:71,0,1,0
BRDA:71,1,0,0
BRDA:71,1,1,0
BRDA:71,1,2,0
BRDA:75,2,0,0
BRDA:75,2,1,0
BRDA:84,3,0,0
BRDA:84,3,1,0
BRDA:93,4,0,0
BRDA:93,4,1,0
BRDA:139,5,0,0
BRDA:139,5,1,0
BRDA:148,6,0,0
BRDA:148,6,1,0
BRDA:152,7,0,0
BRDA:152,7,1,0
BRDA:212,8,0,0
BRDA:212,8,1,0
BRDA:216,9,0,0
BRDA:216,9,1,0
BRDA:225,10,0,0
BRDA:225,10,1,0
BRDA:229,11,0,0
BRDA:229,11,1,0
BRDA:274,12,0,0
BRDA:274,12,1,0
BRDA:275,13,0,0
BRDA:275,13,1,0
BRDA:279,14,0,0
BRDA:279,14,1,0
BRDA:284,15,0,0
BRDA:284,15,1,0
BRF:33
BRH:0
end_of_record
TN:
SF:src/controllers/logFilesController.ts
FN:9,(anonymous_0)
FN:13,(anonymous_1)
FN:22,(anonymous_2)
FN:36,(anonymous_3)
FN:46,(anonymous_4)
[...]
BRDA:148,12,2,0
BRDA:148,12,3,0
BRDA:182,13,0,0
BRDA:182,13,1,0
BRDA:190,14,0,0
BRDA:190,14,1,0
BRDA:192,15,0,0
BRDA:192,15,1,0
BRF:34
BRH:4
end_of_record
TN:
SF:src/services/secrets/LocalSecretStore.ts
FN:41,(anonymous_9)
FN:57,(anonymous_10)
FN:77,(anonymous_11)
FN:99,(anonymous_12)
FN:112,(anonymous_13)
FN:134,(anonymous_14)
FN:162,(anonymous_15)
FN:186,(anonymous_16)
FN:192,(anonymous_17)
FN:193,(anonymous_18)
FN:198,(anonymous_19)
FN:212,(anonymous_20)
FN:231,(anonymous_21)
FN:249,(anonymous_22)
FN:250,(anonymous_23)
FN:256,(anonymous_24)
FN:271,(anonymous_25)
FN:311,(anonymous_26)
FN:312,(anonymous_27)
FN:322,(anonymous_28)
FN:323,(anonymous_29)
FN:329,(anonymous_30)
FN:336,(anonymous_31)
FN:344,(anonymous_32)
FN:363,(anonymous_33)
FN:383,(anonymous_34)
FN:390,(anonymous_35)
FN:416,(anonymous_36)
FN:475,(anonymous_37)
FN:492,(anonymous_38)
FNF:30
FNH:29
FNDA:61,(anonymous_9)
FNDA:61,(anonymous_10)
FNDA:63,(anonymous_11)
FNDA:0,(anonymous_12)
FNDA:61,(anonymous_13)
FNDA:105,(anonymous_14)
FNDA:62,(anonymous_15)
FNDA:61,(anonymous_16)
FNDA:180,(anonymous_17)
FNDA:180,(anonymous_18)
FNDA:152,(anonymous_19)
FNDA:99,(anonymous_20)
FNDA:37,(anonymous_21)
FNDA:182,(anonymous_22)
FNDA:282,(anonymous_23)
FNDA:32,(anonymous_24)
FNDA:92,(anonymous_25)
FNDA:5,(anonymous_26)
FNDA:5,(anonymous_27)
FNDA:4,(anonymous_28)
FNDA:10,(anonymous_29)
FNDA:22,(anonymous_30)
FNDA:26,(anonymous_31)
FNDA:6,(anonymous_32)
FNDA:3,(anonymous_33)
FNDA:2,(anonymous_34)
FNDA:2,(anonymous_35)
FNDA:2,(anonymous_36)
FNDA:1,(anonymous_37)
FNDA:1,(anonymous_38)
DA:14,2
DA:15,2
DA:16,2
DA:33,2
DA:38,61
DA:39,61
DA:42,61
DA:49,61
DA:50,61
DA:51,61
DA:59,61
DA:64,61
DA:65,61
DA:78,63
DA:80,63
DA:81,63
DA:82,8
DA:84,55
DA:85,55
DA:86,54
DA:87,54
DA:90,1
DA:92,1
DA:100,0
DA:101,0
DA:104,0
DA:105,0
DA:106,0
DA:113,61
DA:114,61
DA:115,5
DA:116,5
DA:119,1
DA:123,57
DA:135,105
DA:137,105
DA:138,60
DA:142,105
DA:145,105
DA:146,105
DA:147,0
DA:151,105
DA:152,105
DA:154,0
DA:155,0
DA:163,62
DA:164,62
DA:166,62
DA:167,62
DA:168,27
DA:171,62
DA:172,62
DA:174,62
DA:177,61
DA:179,1
DA:187,61
DA:188,61
DA:190,61
DA:192,180
DA:193,180
DA:198,152
DA:201,61
DA:202,4
DA:205,0
DA:213,99
DA:214,99
DA:216,99
DA:217,99
DA:219,99
DA:221,99
DA:232,37
DA:238,37
DA:240,37
DA:241,37
DA:243,35
DA:250,282
DA:257,32
DA:258,32
DA:260,30
DA:261,30
DA:263,2
DA:264,2
DA:272,92
DA:274,92
DA:275,92
DA:277,92
DA:279,12
DA:280,12
DA:281,12
DA:282,12
DA:283,12
DA:284,12
DA:285,0
DA:289,80
DA:302,80
DA:305,92
DA:312,5
DA:313,5
DA:314,5
DA:315,5
DA:323,10
DA:330,22
DA:337,26
DA:338,26
DA:345,6
DA:346,6
DA:347,2
DA:350,4
DA:353,4
DA:354,4
DA:355,4
DA:356,4
DA:364,3
DA:366,3
DA:367,3
DA:369,3
DA:370,3
DA:371,3
DA:373,3
DA:375,0
DA:376,0
DA:384,2
DA:391,2
DA:392,2
DA:395,2
DA:396,0
DA:400,2
DA:401,2
DA:405,2
DA:406,2
DA:408,0
DA:409,0
DA:417,2
DA:419,2
DA:422,2
DA:424,2
DA:425,7
DA:426,7
DA:427,7
DA:433,0
DA:434,0
DA:439,2
DA:440,2
DA:449,2
DA:450,2
DA:451,7
DA:452,7
DA:464,2
DA:467,0
DA:468,0
DA:481,1
DA:482,1
DA:484,1
DA:485,1
DA:486,1
DA:489,1
DA:490,1
DA:492,1
DA:495,0
DA:498,1
LF:160
LH:140
BRDA:43,0,0,61
BRDA:43,0,1,1
BRDA:44,1,0,61
BRDA:44,1,1,1
BRDA:59,2,0,61
BRDA:59,2,1,1
BRDA:59,2,2,0
BRDA:81,3,0,8
BRDA:81,3,1,55
BRDA:114,4,0,5
BRDA:114,4,1,56
BRDA:137,5,0,60
BRDA:137,5,1,45
BRDA:137,6,0,105
BRDA:137,6,1,105
BRDA:146,7,0,0
BRDA:146,7,1,105
BRDA:164,8,0,0
BRDA:164,8,1,62
BRDA:167,9,0,27
BRDA:167,9,1,35
BRDA:188,10,0,0
BRDA:188,10,1,61
BRDA:192,11,0,180
BRDA:192,11,1,180
BRDA:258,12,0,2
BRDA:258,12,1,30
BRDA:277,13,0,12
BRDA:277,13,1,80
BRDA:284,14,0,0
BRDA:284,14,1,12
BRDA:313,15,0,5
BRDA:313,15,1,0
BRDA:338,16,0,26
BRDA:338,16,1,0
BRDA:346,17,0,2
BRDA:346,17,1,4
BRDA:354,18,0,4
BRDA:354,18,1,0
BRDA:395,19,0,0
BRDA:395,19,1,2
BRDA:395,20,0,2
BRDA:395,20,1,2
BRDA:400,21,0,2
BRDA:400,21,1,0
BRDA:485,22,0,1
BRDA:485,22,1,0
BRDA:489,23,0,1
BRDA:489,23,1,0
BRDA:489,24,0,1
BRDA:489,24,1,1
BRDA:492,25,0,1
BRDA:492,25,1,1
BRF:53
BRH:41
end_of_record
TN:
SF:src/services/secrets/VaultSecretStore.ts
FN:31,(anonymous_0)
FN:69,(anonymous_1)
FN:80,(anonymous_2)
FN:87,(anonymous_3)
FN:112,(anonymous_4)
FN:143,(anonymous_5)
FN:163,(anonymous_6)
FN:188,(anonymous_7)
FN:203,(anonymous_8)
FN:257,(anonymous_9)
FN:288,(anonymous_10)
FN:302,(anonymous_11)
FN:309,(anonymous_12)
FN:328,(anonymous_13)
FN:347,(anonymous_14)
FN:358,(anonymous_15)
FN:366,(anonymous_16)
FN:367,(anonymous_17)
FN:379,(anonymous_18)
FNF:19
FNH:0
FNDA:0,(anonymous_0)
FNDA:0,(anonymous_1)
FNDA:0,(anonymous_2)
FNDA:0,(anonymous_3)
FNDA:0,(anonymous_4)
FNDA:0,(anonymous_5)
FNDA:0,(anonymous_6)
FNDA:0,(anonymous_7)
FNDA:0,(anonymous_8)
FNDA:0,(anonymous_9)
FNDA:0,(anonymous_10)
FNDA:0,(anonymous_11)
FNDA:0,(anonymous_12)
FNDA:0,(anonymous_13)
FNDA:0,(anonymous_14)
FNDA:0,(anonymous_15)
FNDA:0,(anonymous_16)
FNDA:0,(anonymous_17)
FNDA:0,(anonymous_18)
DA:25,0
DA:32,0
DA:40,0
DA:41,0
DA:43,0
DA:45,0
DA:47,0
DA:52,0
DA:53,0
DA:56,0
DA:57,0
DA:60,0
DA:62,0
DA:70,0
DA:71,0
DA:73,0
DA:81,0
DA:88,0
DA:89,0
DA:91,0
DA:93,0
DA:94,0
DA:97,0
DA:98,0
DA:101,0
DA:102,0
DA:104,0
DA:105,0
DA:113,0
DA:114,0
DA:125,0
DA:127,0
DA:132,0
DA:135,0
DA:136,0
DA:144,0
DA:145,0
DA:147,0
DA:150,0
DA:153,0
DA:154,0
DA:155,0
DA:164,0
DA:167,0
DA:168,0
DA:170,0
DA:173,0
DA:175,0
DA:177,0
DA:178,0
DA:180,0
DA:181,0
DA:189,0
DA:190,0
DA:191,0
DA:193,0
DA:194,0
DA:196,0
DA:204,0
DA:205,0
DA:207,0
DA:208,0
DA:210,0
DA:212,0
DA:213,0
DA:215,0
DA:234,0
DA:235,0
DA:236,0
DA:245,0
DA:247,0
DA:248,0
DA:250,0
DA:258,0
DA:259,0
DA:260,0
DA:264,0
DA:276,0
DA:277,0
DA:281,0
DA:289,0
DA:291,0
DA:292,0
DA:294,0
DA:295,0
DA:303,0
DA:310,0
DA:311,0
DA:312,0
DA:314,0
DA:315,0
DA:316,0
DA:321,0
DA:329,0
DA:330,0
DA:331,0
DA:332,0
DA:336,0
DA:337,0
DA:340,0
DA:348,0
DA:349,0
DA:350,0
DA:352,0
DA:359,0
DA:360,0
DA:361,0
DA:362,0
DA:364,0
DA:365,0
DA:366,0
DA:367,0
DA:370,0
DA:373,0
DA:380,0
DA:381,0
DA:382,0
DA:383,0
DA:384,0
DA:385,0
DA:387,0
DA:388,0
DA:390,0
DA:393,0
LF:124
LH:0
BRDA:33,0,0,0
BRDA:33,0,1,0
BRDA:36,1,0,0
BRDA:36,1,1,0
BRDA:37,2,0,0
BRDA:37,2,1,0
BRDA:40,3,0,0
BRDA:40,3,1,0
BRDA:41,4,0,0
BRDA:41,4,1,0
BRDA:52,5,0,0
BRDA:52,5,1,0
BRDA:56,6,0,0
BRDA:56,6,1,0
BRDA:70,7,0,0
BRDA:70,7,1,0
BRDA:91,8,0,0
BRDA:91,8,1,0
BRDA:94,9,0,0
BRDA:94,9,1,0
BRDA:94,9,2,0
BRDA:98,10,0,0
BRDA:98,10,1,0
BRDA:98,10,2,0
BRDA:101,11,0,0
BRDA:101,11,1,0
BRDA:125,12,0,0
BRDA:125,12,1,0
BRDA:145,13,0,0
BRDA:145,13,1,0
BRDA:153,14,0,0
BRDA:153,14,1,0
BRDA:167,15,0,0
BRDA:167,15,1,0
BRDA:175,16,0,0
BRDA:175,16,1,0
BRDA:177,17,0,0
BRDA:177,17,1,0
BRDA:193,18,0,0
BRDA:193,18,1,0
BRDA:205,19,0,0
BRDA:205,19,1,0
BRDA:210,20,0,0
BRDA:210,20,1,0
BRDA:217,21,0,0
BRDA:217,21,1,0
BRDA:220,22,0,0
BRDA:220,22,1,0
BRDA:223,23,0,0
BRDA:223,23,1,0
BRDA:224,24,0,0
BRDA:224,24,1,0
BRDA:227,25,0,0
BRDA:227,25,1,0
BRDA:235,26,0,0
BRDA:235,26,1,0
BRDA:247,27,0,0
BRDA:247,27,1,0
BRDA:259,28,0,0
BRDA:259,28,1,0
BRDA:276,29,0,0
BRDA:276,29,1,0
BRDA:292,30,0,0
BRDA:292,30,1,0
BRDA:310,31,0,0
BRDA:310,31,1,0
BRDA:314,32,0,0
BRDA:314,32,1,0
BRDA:329,33,0,0
BRDA:329,33,1,0
BRDA:333,34,0,0
BRDA:333,34,1,0
BRDA:348,35,0,0
BRDA:348,35,1,0
BRDA:350,36,0,0
BRDA:350,36,1,0
BRDA:359,37,0,0
BRDA:359,37,1,0
BRDA:364,38,0,0
BRDA:364,38,1,0
BRDA:380,39,0,0
BRDA:380,39,1,0
BRDA:385,40,0,0
BRDA:385,40,1,0
BRDA:385,40,2,0
BRDA:387,41,0,0
BRDA:387,41,1,0
BRF:87
BRH:0
end_of_record
TN:
SF:src/utils/apiResponse.ts
FN:29,(anonymous_0)
FN:53,(anonymous_1)
FN:80,(anonymous_2)
FN:105,(anonymous_3)
FN:116,(anonymous_4)
FN:123,(anonymous_5)
FN:134,(anonymous_6)
FN:144,(anonymous_7)
FN:154,(anonymous_8)
FN:164,(anonymous_9)
FN:174,(anonymous_10)
FN:185,(anonymous_11)
FNF:12
FNH:0
FNDA:0,(anonymous_0)
FNDA:0,(anonymous_1)
FNDA:0,(anonymous_2)
FNDA:0,(anonymous_3)
FNDA:0,(anonymous_4)
FNDA:0,(anonymous_5)
FNDA:0,(anonymous_6)
FNDA:0,(anonymous_7)
FNDA:0,(anonymous_8)
FNDA:0,(anonymous_9)
FNDA:0,(anonymous_10)
FNDA:0,(anonymous_11)
DA:29,0
DA:36,0
DA:43,0
DA:44,0
DA:47,0
DA:53,0
DA:59,0
DA:65,0
DA:66,0
DA:70,0
DA:71,0
DA:74,0
DA:80,0
DA:88,0
DA:90,0
DA:105,0
DA:110,0
DA:116,0
DA:117,0
DA:123,0
DA:128,0
DA:134,0
DA:138,0
DA:144,0
DA:148,0
DA:154,0
DA:158,0
DA:164,0
DA:168,0
DA:174,0
DA:179,0
DA:185,0
DA:190,0
LF:33
LH:0
BRDA:31,0,0,0
BRDA:32,1,0,0
BRDA:33,2,0,0
BRDA:34,3,0,0
BRDA:43,4,0,0
BRDA:43,4,1,0
BRDA:55,5,0,0
BRDA:56,6,0,0
BRDA:57,7,0,0
BRDA:65,8,0,0
BRDA:65,8,1,0
BRDA:70,9,0,0
BRDA:70,9,1,0
BRDA:70,10,0,0
BRDA:70,10,1,0
BRDA:86,11,0,0
BRDA:108,12,0,0
BRDA:125,13,0,0
BRDA:126,14,0,0
BRDA:136,15,0,0
BRDA:146,16,0,0
BRDA:156,17,0,0
BRDA:166,18,0,0
BRDA:177,19,0,0
BRDA:187,20,0,0
BRDA:188,21,0,0
BRF:26
BRH:0
end_of_record
TN:
SF:src/utils/cache.ts
FN:11,(anonymous_0)
FN:19,(anonymous_1)
FN:34,(anonymous_2)
FN:42,(anonymous_3)
FN:50,(anonymous_4)
FN:52,(anonymous_5)
FN:62,(anonymous_6)
FN:70,(anonymous_7)
FN:88,(anonymous_8)
FN:95,(anonymous_9)
FN:102,(anonymous_10)
FN:109,(anonymous_11)
FN:117,(anonymous_12)
FNF:13
FNH:10
FNDA:192,(anonymous_0)
FNDA:401,(anonymous_1)
FNDA:59,(anonymous_2)
FNDA:56,(anonymous_3)
FNDA:11,(anonymous_4)
FNDA:2,(anonymous_5)
FNDA:0,(anonymous_6)
FNDA:0,(anonymous_7)
FNDA:401,(anonymous_8)
FNDA:59,(anonymous_9)
FNDA:56,(anonymous_10)
FNDA:0,(anonymous_11)
FNDA:11,(anonymous_12)
DA:12,192
DA:13,192
DA:21,401
DA:22,401
DA:24,0
DA:25,0
DA:28,401
DA:35,59
DA:36,59
DA:43,56
DA:44,56
DA:51,11
DA:52,11
DA:53,2
DA:54,0
DA:63,0
DA:64,0
DA:71,0
DA:79,192
DA:84,192
DA:89,401
DA:96,59
DA:103,56
DA:110,0
DA:117,192
DA:118,11
DA:121,192
LF:27
LH:20
BRDA:22,0,0,0
BRDA:22,0,1,401
BRDA:22,1,0,401
BRDA:22,1,1,342
BRDA:28,2,0,401
BRDA:28,2,1,59
BRDA:34,3,0,0
BRDA:53,4,0,0
BRDA:53,4,1,2
BRDA:95,5,0,0
BRF:10
BRH:6
end_of_record
TN:
SF:src/utils/config.ts
FN:6,(anonymous_0)
FN:33,(anonymous_1)
FN:39,(anonymous_2)
FN:45,(anonymous_3)
FNF:4
FNH:3
FNDA:48,(anonymous_0)
FNDA:0,(anonymous_1)
FNDA:49,(anonymous_2)
FNDA:49,(anonymous_3)
DA:6,49
DA:7,48
DA:8,48
DA:10,48
DA:12,0
DA:13,0
DA:17,0
DA:18,0
DA:22,0
DA:23,0
DA:27,0
DA:28,0
DA:32,48
DA:33,0
DA:34,0
DA:39,49
DA:40,49
DA:41,49
DA:45,49
DA:46,49
DA:50,49
DA:51,49
DA:52,49
DA:53,49
DA:54,49
DA:55,49
DA:56,49
LF:27
LH:17
BRDA:10,0,0,0
BRDA:10,0,1,48
BRDA:12,1,0,0
BRDA:12,1,1,0
BRDA:12,2,0,0
BRDA:12,2,1,0
BRDA:17,3,0,0
BRDA:17,3,1,0
BRDA:17,4,0,0
BRDA:17,4,1,0
BRDA:22,5,0,0
BRDA:22,5,1,0
BRDA:27,6,0,0
BRDA:27,6,1,0
BRDA:27,7,0,0
BRDA:27,7,1,0
BRDA:32,8,0,0
BRDA:32,8,1,48
BRDA:40,9,0,49
BRDA:40,9,1,49
BRDA:46,10,0,49
BRDA:46,10,1,49
BRDA:50,11,0,49
BRDA:50,11,1,0
BRDA:51,12,0,49
BRDA:51,12,1,0
BRDA:53,13,0,49
BRDA:53,13,1,0
BRDA:55,14,0,49
BRDA:55,14,1,49
BRF:30
BRH:11
end_of_record
TN:
SF:src/utils/errorTracking.ts
FN:12,(anonymous_1)
FN:55,(anonymous_2)
FN:68,(anonymous_3)
FN:83,(anonymous_4)
FN:99,(anonymous_5)
FN:122,(anonymous_6)
FN:162,(anonymous_7)
FN:169,(anonymous_8)
FN:183,(anonymous_9)
FN:196,(anonymous_10)
FN:225,(anonymous_11)
FN:238,(anonymous_12)
FN:246,(anonymous_13)
FN:252,(anonymous_14)
FN:258,(anonymous_15)
FN:259,(anonymous_16)
FN:273,(anonymous_17)
FN:274,(anonymous_18)
FN:280,(anonymous_19)
FN:281,(anonymous_20)
FN:290,(anonymous_21)
FN:295,(anonymous_22)
FN:312,(anonymous_23)
FN:323,trackError
FN:334,getErrorStats
FN:341,getErrorsBySeverity
FN:348,getErrorsInTimeRange
FN:355,clearOldErrors
FN:362,exportErrors
FNF:29
FNH:10
FNDA:192,(anonymous_1)
FNDA:192,(anonymous_2)
FNDA:192,(anonymous_3)
FNDA:192,(anonymous_4)
FNDA:107,(anonymous_5)
FNDA:107,(anonymous_6)
FNDA:107,(anonymous_7)
FNDA:107,(anonymous_8)
FNDA:0,(anonymous_9)
FNDA:107,(anonymous_10)
FNDA:0,(anonymous_11)
FNDA:0,(anonymous_12)
FNDA:0,(anonymous_13)
FNDA:0,(anonymous_14)
FNDA:0,(anonymous_15)
FNDA:0,(anonymous_16)
FNDA:0,(anonymous_17)
FNDA:0,(anonymous_18)
FNDA:0,(anonymous_19)
FNDA:0,(anonymous_20)
FNDA:0,(anonymous_21)
FNDA:0,(anonymous_22)
FNDA:0,(anonymous_23)
FNDA:107,trackError
FNDA:0,getErrorStats
FNDA:0,getErrorsBySeverity
FNDA:0,getErrorsInTimeRange
FNDA:0,clearOldErrors
FNDA:0,exportErrors
DA:6,192
DA:7,192
DA:12,192
DA:13,192
DA:14,192
DA:15,192
DA:16,192
DA:51,192
DA:52,192
DA:57,192
DA:60,192
DA:61,192
DA:62,192
DA:69,192
DA:70,192
DA:71,192
DA:74,0
DA:75,0
DA:84,192
DA:85,192
DA:86,0
DA:87,0
DA:88,0
DA:92,61
DA:101,107
DA:102,107
DA:105,0
DA:106,0
DA:113,0
DA:114,0
DA:127,107
DA:137,107
DA:140,107
DA:141,0
DA:145,107
DA:148,107
DA:152,107
DA:153,0
DA:156,107
DA:163,107
DA:170,107
DA:172,107
DA:179,107
DA:181,107
DA:182,0
DA:183,0
DA:184,0
DA:185,0
DA:190,107
DA:197,107
DA:204,107
DA:205,107
DA:207,107
DA:213,107
DA:214,0
DA:217,107
DA:218,0
DA:232,0
DA:239,0
DA:246,0
DA:247,0
DA:251,0
DA:252,0
DA:253,0
DA:254,0
DA:257,0
DA:258,0
DA:259,0
DA:262,0
DA:274,0
DA:281,0
DA:282,0
DA:283,0
DA:291,0
DA:292,0
DA:294,0
DA:295,0
DA:296,0
DA:297,0
DA:300,0
DA:301,0
DA:302,0
DA:303,0
DA:306,0
DA:313,0
DA:318,192
DA:323,192
DA:328,107
DA:334,192
DA:335,0
DA:341,192
DA:342,0
DA:348,192
DA:349,0
DA:355,192
DA:356,0
DA:362,192
DA:363,0
DA:366,192
LF:99
LH:49
BRDA:12,0,0,192
BRDA:12,0,1,192
BRDA:57,1,0,192
BRDA:57,1,1,0
BRDA:58,2,0,192
BRDA:58,2,1,192
BRDA:74,3,0,0
BRDA:74,3,1,0
BRDA:87,4,0,0
BRDA:87,4,1,0
BRDA:101,5,0,107
BRDA:101,5,1,0
BRDA:101,6,0,107
BRDA:101,6,1,0
BRDA:113,7,0,0
BRDA:113,7,1,0
BRDA:124,8,0,0
BRDA:131,9,0,107
BRDA:131,9,1,0
BRDA:140,10,0,0
BRDA:140,10,1,107
BRDA:152,11,0,0
BRDA:152,11,1,107
BRDA:152,12,0,107
BRDA:152,12,1,0
BRDA:170,13,0,0
BRDA:170,13,1,107
BRDA:181,14,0,0
BRDA:181,14,1,107
BRDA:184,15,0,0
BRDA:184,15,1,0
BRDA:213,16,0,0
BRDA:213,16,1,107
BRDA:217,17,0,0
BRDA:217,17,1,107
BRDA:217,18,0,107
BRDA:217,18,1,107
BRDA:253,19,0,0
BRDA:253,19,1,0
BRDA:283,20,0,0
BRDA:283,20,1,0
BRDA:290,21,0,0
BRDA:301,22,0,0
BRDA:301,22,1,0
BRDA:325,23,0,0
BRDA:355,24,0,0
BRF:46
BRH:17
end_of_record
TN:
SF:src/utils/logger.ts
FN:30,(anonymous_10)
FN:47,(anonymous_11)
FN:49,(anonymous_12)
FN:65,(anonymous_13)
FN:80,(anonymous_14)
FN:85,(anonymous_15)
FN:90,(anonymous_16)
FN:99,(anonymous_17)
FN:117,(anonymous_18)
FN:165,(anonymous_19)
FN:169,(anonymous_20)
FN:189,(anonymous_21)
FN:195,(anonymous_22)
FN:199,(anonymous_23)
FN:203,(anonymous_24)
FN:207,(anonymous_25)
FN:213,(anonymous_26)
FN:218,(anonymous_27)
FN:222,(anonymous_28)
FN:241,(anonymous_29)
FN:244,(anonymous_30)
FN:247,(anonymous_31)
FN:250,(anonymous_32)
FN:253,(anonymous_33)
FN:261,(anonymous_34)
FNF:25
FNH:18
FNDA:0,(anonymous_10)
FNDA:193,(anonymous_11)
FNDA:193,(anonymous_12)
FNDA:0,(anonymous_13)
FNDA:0,(anonymous_14)
FNDA:1553,(anonymous_15)
FNDA:1553,(anonymous_16)
FNDA:0,(anonymous_17)
FNDA:1433,(anonymous_18)
FNDA:1450,(anonymous_19)
FNDA:1553,(anonymous_20)
FNDA:0,(anonymous_21)
FNDA:149,(anonymous_22)
FNDA:206,(anonymous_23)
FNDA:1078,(anonymous_24)
FNDA:120,(anonymous_25)
FNDA:0,(anonymous_26)
FNDA:520,(anonymous_27)
FNDA:1013,(anonymous_28)
FNDA:92,(anonymous_29)
FNDA:204,(anonymous_30)
FNDA:636,(anonymous_31)
FNDA:81,(anonymous_32)
FNDA:0,(anonymous_33)
FNDA:930,(anonymous_34)
DA:2,193
DA:3,193
DA:4,193
DA:8,193
DA:12,193
DA:13,193
DA:21,193
DA:30,193
DA:32,0
DA:33,0
DA:36,0
DA:37,0
DA:40,0
DA:41,0
DA:47,193
DA:48,193
DA:49,386
DA:50,193
DA:51,193
DA:56,55
DA:65,55
DA:66,0
DA:67,0
DA:68,0
DA:72,55
DA:75,0
DA:80,193
DA:81,0
DA:85,193
DA:86,1553
DA:90,193
DA:91,1553
DA:92,1553
DA:93,1553
DA:95,1553
DA:99,193
DA:100,0
DA:101,0
DA:102,0
DA:103,0
DA:104,0
DA:105,0
DA:106,0
DA:108,0
DA:109,0
DA:110,0
DA:111,0
DA:113,0
DA:117,193
DA:119,1433
DA:120,1433
DA:123,0
DA:124,0
DA:126,0
DA:127,0
DA:130,0
DA:131,0
DA:134,0
DA:137,0
DA:138,0
DA:141,0
DA:144,0
DA:147,0
DA:148,0
DA:149,0
DA:153,0
DA:154,0
DA:155,0
DA:166,1450
DA:171,1553
DA:172,120
DA:176,1433
DA:181,1433
DA:182,1433
DA:183,1069
DA:185,364
DA:189,1433
DA:190,0
DA:191,0
DA:196,149
DA:200,206
DA:204,1078
DA:208,120
DA:213,193
DA:214,0
DA:218,193
DA:219,520
DA:222,520
DA:223,1013
DA:224,0
DA:226,1013
DA:240,520
DA:242,92
DA:245,204
DA:248,636
DA:251,81
DA:254,0
DA:260,193
DA:261,930
DA:262,193
LF:100
LH:55
BRDA:8,0,0,193
BRDA:8,0,1,193
BRDA:9,1,0,193
BRDA:9,1,1,0
BRDA:12,2,0,193
BRDA:12,2,1,192
BRDA:32,3,0,0
BRDA:32,3,1,0
BRDA:40,4,0,0
BRDA:40,4,1,0
BRDA:67,5,0,0
BRDA:67,5,1,0
BRDA:85,6,0,0
BRDA:86,7,0,1553
BRDA:86,7,1,1229
BRDA:86,7,2,0
BRDA:90,8,0,0
BRDA:92,9,0,1553
BRDA:92,9,1,0
BRDA:93,10,0,1553
BRDA:93,10,1,0
BRDA:108,11,0,0
BRDA:108,11,1,0
BRDA:110,12,0,0
BRDA:110,12,1,0
BRDA:117,13,0,0
BRDA:119,14,0,1433
BRDA:119,14,1,0
BRDA:137,15,0,0
BRDA:137,15,1,0
BRDA:154,16,0,0
BRDA:154,16,1,0
BRDA:155,17,0,0
BRDA:155,17,1,0
BRDA:165,18,0,0
BRDA:169,19,0,0
BRDA:171,20,0,120
BRDA:171,20,1,1433
BRDA:176,21,0,149
BRDA:176,21,1,1284
BRDA:177,22,0,206
BRDA:177,22,1,1078
BRDA:178,23,0,0
BRDA:178,23,1,1078
BRDA:182,24,0,1069
BRDA:182,24,1,364
BRDA:195,25,0,0
BRDA:199,26,0,0
BRDA:203,27,0,364
BRDA:207,28,0,0
BRDA:218,29,0,0
BRDA:222,30,0,0
BRDA:223,31,0,0
BRDA:223,31,1,1013
BRDA:223,32,0,1013
BRDA:223,32,1,1013
BRDA:228,33,0,1013
BRDA:228,33,1,1013
BRDA:228,33,2,1013
BRDA:228,33,3,1013
BRDA:229,34,0,1013
BRDA:229,34,1,0
BRDA:230,35,0,1013
BRDA:230,35,1,0
BRDA:230,35,2,0
BRDA:231,36,0,369
BRDA:231,36,1,644
BRDA:236,37,0,1013
BRDA:236,37,1,0
BRDA:236,37,2,0
BRDA:236,37,3,0
BRDA:241,38,0,0
BRDA:244,39,0,0
BRDA:247,40,0,0
BRDA:250,41,0,3
BRDA:253,42,0,0
BRDA:261,43,0,0
BRF:77
BRH:33
end_of_record
TN:
SF:src/utils/prisma.ts
FN:48,(anonymous_0)
FN:53,(anonymous_1)
FNF:2
FNH:0
FNDA:0,(anonymous_0)
FNDA:0,(anonymous_1)
DA:15,192
DA:17,192
DA:33,192
DA:34,0
DA:37,192
DA:38,192
DA:43,192
DA:47,192
DA:48,0
DA:49,0
DA:50,0
DA:53,0
DA:54,0
DA:55,0
DA:59,192
LF:15
LH:8
BRDA:23,0,0,0
BRDA:23,0,1,192
BRDA:33,1,0,0
BRDA:33,1,1,192
BRDA:37,2,0,192
BRDA:37,2,1,0
BRDA:40,3,0,192
BRDA:40,3,1,0
BRDA:47,4,0,0
BRDA:47,4,1,192
BRF:10
BRH:5
end_of_record
TN:
SF:src/utils/responseHelpers.ts
FN:18,sendSuccess
FN:42,sendCreated
FN:53,sendNoContent
FN:60,sendError
FN:88,sendBadRequest
FN:99,sendUnauthorized
FN:109,sendForbidden
FN:119,sendNotFound
FN:129,sendConflict
FN:139,sendValidationError
FN:150,sendInternalError
FN:161,sendPaginated
FN:183,calculatePagination
FN:203,parsePaginationParams
FN:213,asyncHandler
FN:214,(anonymous_15)
FNF:16
FNH:8
FNDA:133,sendSuccess
FNDA:1,sendCreated
FNDA:4,sendNoContent
FNDA:28,sendError
FNDA:7,sendBadRequest
FNDA:4,sendUnauthorized
FNDA:0,sendForbidden
FNDA:2,sendNotFound
FNDA:0,sendConflict
FNDA:15,sendValidationError
FNDA:0,sendInternalError
FNDA:0,sendPaginated
FNDA:0,calculatePagination
FNDA:0,parsePaginationParams
FNDA:0,asyncHandler
FNDA:0,(anonymous_15)
DA:18,48
DA:24,133
DA:31,133
DA:37,48
DA:42,48
DA:47,1
DA:53,48
DA:54,4
DA:60,48
DA:67,28
DA:73,28
DA:74,15
DA:78,28
DA:79,0
DA:82,28
DA:88,48
DA:93,7
DA:99,48
DA:103,4
DA:109,48
DA:113,0
DA:119,48
DA:123,2
DA:129,48
DA:133,0
DA:139,48
DA:144,15
DA:150,48
DA:155,0
DA:161,48
DA:167,0
DA:177,0
DA:183,48
DA:188,0
DA:190,0
DA:203,48
DA:204,0
DA:205,0
DA:207,0
DA:213,48
DA:214,0
DA:215,0
LF:42
LH:29
BRDA:21,0,0,37
BRDA:22,1,0,123
BRDA:45,2,0,0
BRDA:63,3,0,0
BRDA:73,4,0,15
BRDA:73,4,1,13
BRDA:78,5,0,0
BRDA:78,5,1,28
BRDA:78,6,0,28
BRDA:78,6,1,0
BRDA:90,7,0,0
BRDA:101,8,0,0
BRDA:111,9,0,0
BRDA:121,10,0,0
BRDA:131,11,0,0
BRDA:142,12,0,15
BRDA:152,13,0,0
BRDA:165,14,0,0
BRDA:204,15,0,0
BRDA:204,15,1,0
BRDA:205,16,0,0
BRDA:205,16,1,0
BRF:22
BRH:7
end_of_record
TN:
SF:src/utils/roleAssignmentCheck.ts
FN:14,(anonymous_0)
FN:69,(anonymous_1)
FN:111,(anonymous_2)
FN:139,(anonymous_3)
FN:156,(anonymous_4)
FNF:5
FNH:0
FNDA:0,(anonymous_0)
FNDA:0,(anonymous_1)
FNDA:0,(anonymous_2)
FNDA:0,(anonymous_3)
FNDA:0,(anonymous_4)
DA:9,0
DA:14,0
DA:16,0
DA:21,0
DA:22,0
DA:26,0
DA:45,0
DA:46,0
DA:50,0
DA:63,0
DA:69,0
DA:71,0
DA:76,0
DA:77,0
DA:81,0
DA:88,0
DA:89,0
DA:93,0
DA:105,0
DA:111,0
DA:113,0
DA:118,0
DA:119,0
DA:123,0
DA:132,0
DA:139,0
DA:141,0
DA:142,0
DA:143,0
DA:146,0
DA:147,0
DA:148,0
DA:156,0
DA:158,0
DA:159,0
DA:160,0
DA:163,0
DA:164,0
DA:165,0
LF:39
LH:0
BRDA:21,0,0,0
BRDA:21,0,1,0
BRDA:21,1,0,0
BRDA:21,1,1,0
BRDA:45,2,0,0
BRDA:45,2,1,0
BRDA:76,3,0,0
BRDA:76,3,1,0
BRDA:76,4,0,0
BRDA:76,4,1,0
BRDA:88,5,0,0
BRDA:88,5,1,0
BRDA:118,6,0,0
BRDA:118,6,1,0
BRDA:118,7,0,0
BRDA:118,7,1,0
BRDA:142,8,0,0
BRDA:142,8,1,0
BRDA:147,9,0,0
BRDA:147,9,1,0
BRDA:159,10,0,0
BRDA:159,10,1,0
BRDA:164,11,0,0
BRDA:164,11,1,0
BRF:24
BRH:0
end_of_record
